ARM GAS  C:\Users\DAVIDW~1\AppData\Local\Temp\ccQIFPGG.s 			page 1


   1              		.syntax unified
   2              		.cpu cortex-m4
   3              		.eabi_attribute 27, 1
   4              		.fpu fpv4-sp-d16
   5              		.eabi_attribute 20, 1
   6              		.eabi_attribute 21, 1
   7              		.eabi_attribute 23, 3
   8              		.eabi_attribute 24, 1
   9              		.eabi_attribute 25, 1
  10              		.eabi_attribute 26, 1
  11              		.eabi_attribute 30, 1
  12              		.eabi_attribute 34, 1
  13              		.eabi_attribute 18, 4
  14              		.thumb
  15              		.syntax unified
  16              		.file	"CapSense_Tuner.c"
  17              		.text
  18              	.Ltext0:
  19              		.cfi_sections	.debug_frame
  20              		.section	.text.CapSense_TuInitialize,"ax",%progbits
  21              		.align	2
  22              		.global	CapSense_TuInitialize
  23              		.thumb
  24              		.thumb_func
  25              		.type	CapSense_TuInitialize, %function
  26              	CapSense_TuInitialize:
  27              	.LFB158:
  28              		.file 1 "Generated_Source\\PSoC6\\CapSense_Tuner.c"
   1:Generated_Source\PSoC6/CapSense_Tuner.c **** /***************************************************************************//**
   2:Generated_Source\PSoC6/CapSense_Tuner.c **** * \file CapSense_Tuner.c
   3:Generated_Source\PSoC6/CapSense_Tuner.c **** * \version 2.0
   4:Generated_Source\PSoC6/CapSense_Tuner.c **** *
   5:Generated_Source\PSoC6/CapSense_Tuner.c **** * \brief
   6:Generated_Source\PSoC6/CapSense_Tuner.c **** *   This file provides the source code for the Tuner module API of the 
   7:Generated_Source\PSoC6/CapSense_Tuner.c **** *   Component.
   8:Generated_Source\PSoC6/CapSense_Tuner.c **** *
   9:Generated_Source\PSoC6/CapSense_Tuner.c **** * \see CapSense v2.0 Datasheet
  10:Generated_Source\PSoC6/CapSense_Tuner.c **** *
  11:Generated_Source\PSoC6/CapSense_Tuner.c **** *//*****************************************************************************
  12:Generated_Source\PSoC6/CapSense_Tuner.c **** * Copyright (2016-2017), Cypress Semiconductor Corporation.
  13:Generated_Source\PSoC6/CapSense_Tuner.c **** ********************************************************************************
  14:Generated_Source\PSoC6/CapSense_Tuner.c **** * This software is owned by Cypress Semiconductor Corporation (Cypress) and is
  15:Generated_Source\PSoC6/CapSense_Tuner.c **** * protected by and subject to worldwide patent protection (United States and
  16:Generated_Source\PSoC6/CapSense_Tuner.c **** * foreign), United States copyright laws and international treaty provisions.
  17:Generated_Source\PSoC6/CapSense_Tuner.c **** * Cypress hereby grants to licensee a personal, non-exclusive, non-transferable
  18:Generated_Source\PSoC6/CapSense_Tuner.c **** * license to copy, use, modify, create derivative works of, and compile the
  19:Generated_Source\PSoC6/CapSense_Tuner.c **** * Cypress Source Code and derivative works for the sole purpose of creating
  20:Generated_Source\PSoC6/CapSense_Tuner.c **** * custom software in support of licensee product to be used only in conjunction
  21:Generated_Source\PSoC6/CapSense_Tuner.c **** * with a Cypress integrated circuit as specified in the applicable agreement.
  22:Generated_Source\PSoC6/CapSense_Tuner.c **** * Any reproduction, modification, translation, compilation, or representation of
  23:Generated_Source\PSoC6/CapSense_Tuner.c **** * this software except as specified above is prohibited without the express
  24:Generated_Source\PSoC6/CapSense_Tuner.c **** * written permission of Cypress.
  25:Generated_Source\PSoC6/CapSense_Tuner.c **** *
  26:Generated_Source\PSoC6/CapSense_Tuner.c **** * Disclaimer: CYPRESS MAKES NO WARRANTY OF ANY KIND, EXPRESS OR IMPLIED, WITH
  27:Generated_Source\PSoC6/CapSense_Tuner.c **** * REGARD TO THIS MATERIAL, INCLUDING, BUT NOT LIMITED TO, THE IMPLIED
  28:Generated_Source\PSoC6/CapSense_Tuner.c **** * WARRANTIES OF MERCHANTABILITY AND FITNESS FOR A PARTICULAR PURPOSE.
  29:Generated_Source\PSoC6/CapSense_Tuner.c **** * Cypress reserves the right to make changes without further notice to the
ARM GAS  C:\Users\DAVIDW~1\AppData\Local\Temp\ccQIFPGG.s 			page 2


  30:Generated_Source\PSoC6/CapSense_Tuner.c **** * materials described herein. Cypress does not assume any liability arising out
  31:Generated_Source\PSoC6/CapSense_Tuner.c **** * of the application or use of any product or circuit described herein. Cypress
  32:Generated_Source\PSoC6/CapSense_Tuner.c **** * does not authorize its products for use as critical components in life-support
  33:Generated_Source\PSoC6/CapSense_Tuner.c **** * systems where a malfunction or failure may reasonably be expected to result in
  34:Generated_Source\PSoC6/CapSense_Tuner.c **** * significant injury to the user. The inclusion of Cypress' product in a life-
  35:Generated_Source\PSoC6/CapSense_Tuner.c **** * support systems application implies that the manufacturer assumes all risk of
  36:Generated_Source\PSoC6/CapSense_Tuner.c **** * such use and in doing so indemnifies Cypress against all charges. Use may be
  37:Generated_Source\PSoC6/CapSense_Tuner.c **** * limited by and subject to the applicable Cypress software license agreement.
  38:Generated_Source\PSoC6/CapSense_Tuner.c **** *******************************************************************************/
  39:Generated_Source\PSoC6/CapSense_Tuner.c **** 
  40:Generated_Source\PSoC6/CapSense_Tuner.c **** #include "syslib/cy_syslib.h"
  41:Generated_Source\PSoC6/CapSense_Tuner.c **** #include "CapSense_Structure.h"
  42:Generated_Source\PSoC6/CapSense_Tuner.c **** #include "CapSense_Tuner.h"
  43:Generated_Source\PSoC6/CapSense_Tuner.c **** #include "CapSense_Control.h"
  44:Generated_Source\PSoC6/CapSense_Tuner.c **** #include "CapSense_Configuration.h"
  45:Generated_Source\PSoC6/CapSense_Tuner.c **** 
  46:Generated_Source\PSoC6/CapSense_Tuner.c **** /* Tuner states definition */
  47:Generated_Source\PSoC6/CapSense_Tuner.c **** #define TU_FSM_RUNNING      (0u)
  48:Generated_Source\PSoC6/CapSense_Tuner.c **** #define TU_FSM_SUSPENDED    (1u)
  49:Generated_Source\PSoC6/CapSense_Tuner.c **** #define TU_FSM_SNR_TEST     (2u)
  50:Generated_Source\PSoC6/CapSense_Tuner.c **** #define TU_FSM_ONE_SCAN     (3u)
  51:Generated_Source\PSoC6/CapSense_Tuner.c **** 
  52:Generated_Source\PSoC6/CapSense_Tuner.c **** /* Tuner state variable */
  53:Generated_Source\PSoC6/CapSense_Tuner.c **** static uint32 tunerFsm = TU_FSM_RUNNING;
  54:Generated_Source\PSoC6/CapSense_Tuner.c **** 
  55:Generated_Source\PSoC6/CapSense_Tuner.c **** 
  56:Generated_Source\PSoC6/CapSense_Tuner.c **** /*******************************************************************************
  57:Generated_Source\PSoC6/CapSense_Tuner.c **** * Function Name: CapSense_TuInitialize
  58:Generated_Source\PSoC6/CapSense_Tuner.c **** ****************************************************************************//**
  59:Generated_Source\PSoC6/CapSense_Tuner.c **** *
  60:Generated_Source\PSoC6/CapSense_Tuner.c **** * \brief
  61:Generated_Source\PSoC6/CapSense_Tuner.c **** *   This function initializes the communication interface with the Tuner GUI.
  62:Generated_Source\PSoC6/CapSense_Tuner.c **** *
  63:Generated_Source\PSoC6/CapSense_Tuner.c **** * \details
  64:Generated_Source\PSoC6/CapSense_Tuner.c **** *   This API sets the tuner state machine to the default state. It is called by
  65:Generated_Source\PSoC6/CapSense_Tuner.c **** *   the CapSense_Start() API.
  66:Generated_Source\PSoC6/CapSense_Tuner.c **** *
  67:Generated_Source\PSoC6/CapSense_Tuner.c **** *******************************************************************************/
  68:Generated_Source\PSoC6/CapSense_Tuner.c **** void CapSense_TuInitialize(void)
  69:Generated_Source\PSoC6/CapSense_Tuner.c **** {
  29              		.loc 1 69 0
  30              		.cfi_startproc
  31              		@ args = 0, pretend = 0, frame = 0
  32              		@ frame_needed = 0, uses_anonymous_args = 0
  33              		@ link register save eliminated.
  34              	.LVL0:
  70:Generated_Source\PSoC6/CapSense_Tuner.c ****     volatile CapSense_RAM_STRUCT *ptrDsRam = &CapSense_dsRam;
  71:Generated_Source\PSoC6/CapSense_Tuner.c **** 
  72:Generated_Source\PSoC6/CapSense_Tuner.c ****     ptrDsRam->tunerCmd = (uint16)CapSense_TU_CMD_NONE_E;
  35              		.loc 1 72 0
  36 0000 0023     		movs	r3, #0
  37 0002 024A     		ldr	r2, .L2
  38 0004 D380     		strh	r3, [r2, #6]	@ movhi
  73:Generated_Source\PSoC6/CapSense_Tuner.c ****     tunerFsm = TU_FSM_RUNNING;
  39              		.loc 1 73 0
  40 0006 024A     		ldr	r2, .L2+4
  41 0008 1360     		str	r3, [r2]
ARM GAS  C:\Users\DAVIDW~1\AppData\Local\Temp\ccQIFPGG.s 			page 3


  42 000a 7047     		bx	lr
  43              	.L3:
  44              		.align	2
  45              	.L2:
  46 000c 00000000 		.word	CapSense_dsRam
  47 0010 00000000 		.word	.LANCHOR0
  48              		.cfi_endproc
  49              	.LFE158:
  50              		.size	CapSense_TuInitialize, .-CapSense_TuInitialize
  51              		.section	.text.CapSense_RunTuner,"ax",%progbits
  52              		.align	2
  53              		.global	CapSense_RunTuner
  54              		.thumb
  55              		.thumb_func
  56              		.type	CapSense_RunTuner, %function
  57              	CapSense_RunTuner:
  58              	.LFB159:
  74:Generated_Source\PSoC6/CapSense_Tuner.c **** }
  75:Generated_Source\PSoC6/CapSense_Tuner.c **** 
  76:Generated_Source\PSoC6/CapSense_Tuner.c **** /*******************************************************************************
  77:Generated_Source\PSoC6/CapSense_Tuner.c **** * Function Name: CapSense_RunTuner
  78:Generated_Source\PSoC6/CapSense_Tuner.c **** ****************************************************************************//**
  79:Generated_Source\PSoC6/CapSense_Tuner.c **** *
  80:Generated_Source\PSoC6/CapSense_Tuner.c **** * \brief
  81:Generated_Source\PSoC6/CapSense_Tuner.c **** *  Establishes synchronized communication with the Tuner application.
  82:Generated_Source\PSoC6/CapSense_Tuner.c **** *
  83:Generated_Source\PSoC6/CapSense_Tuner.c **** * \details
  84:Generated_Source\PSoC6/CapSense_Tuner.c **** *  This function is used to establish synchronized communication between the
  85:Generated_Source\PSoC6/CapSense_Tuner.c **** *  CapSense Component and Tuner application (or other host controllers).
  86:Generated_Source\PSoC6/CapSense_Tuner.c **** *  This function is called periodically in the application program loop
  87:Generated_Source\PSoC6/CapSense_Tuner.c **** *  to serve the Tuner application (or host controller) requests and commands.
  88:Generated_Source\PSoC6/CapSense_Tuner.c **** *  In most cases, the best place to call this function is after processing and
  89:Generated_Source\PSoC6/CapSense_Tuner.c **** *  before next scanning.
  90:Generated_Source\PSoC6/CapSense_Tuner.c **** *
  91:Generated_Source\PSoC6/CapSense_Tuner.c **** *  If this function is absent in the application program, then communication is
  92:Generated_Source\PSoC6/CapSense_Tuner.c **** *  asynchronous and the following disadvantages are applicable:
  93:Generated_Source\PSoC6/CapSense_Tuner.c **** *    - The raw counts displayed in the tuner may be filtered and/or unfiltered.
  94:Generated_Source\PSoC6/CapSense_Tuner.c **** *      As a result, noise and SNR measurements will not be accurate.
  95:Generated_Source\PSoC6/CapSense_Tuner.c **** *    - The Tuner tool may read the sensor data such as raw counts from a scan
  96:Generated_Source\PSoC6/CapSense_Tuner.c **** *      multiple times, as a result, noise and SNR measurement will not be
  97:Generated_Source\PSoC6/CapSense_Tuner.c **** *      accurate.
  98:Generated_Source\PSoC6/CapSense_Tuner.c **** *    - The Tuner tool and host controller should not change the Component parameters
  99:Generated_Source\PSoC6/CapSense_Tuner.c **** *      via the tuner interface. Changing the Component parameters via the tuner
 100:Generated_Source\PSoC6/CapSense_Tuner.c **** *      interface in the async mode will result in Component abnormal behavior.
 101:Generated_Source\PSoC6/CapSense_Tuner.c **** *
 102:Generated_Source\PSoC6/CapSense_Tuner.c **** *  Note that calling this function is not mandatory for the application, but
 103:Generated_Source\PSoC6/CapSense_Tuner.c **** *  required only to synchronize the communication with the host controller or
 104:Generated_Source\PSoC6/CapSense_Tuner.c **** *  tuner application.
 105:Generated_Source\PSoC6/CapSense_Tuner.c **** *
 106:Generated_Source\PSoC6/CapSense_Tuner.c **** * \return
 107:Generated_Source\PSoC6/CapSense_Tuner.c **** *  In some cases, the application program may need to know if the Component was
 108:Generated_Source\PSoC6/CapSense_Tuner.c **** *  re-initialized. The return indicates if a restart command was executed or not:
 109:Generated_Source\PSoC6/CapSense_Tuner.c **** *    - CapSense_STATUS_RESTART_DONE - Based on a received command, the
 110:Generated_Source\PSoC6/CapSense_Tuner.c **** *      Component was restarted.
 111:Generated_Source\PSoC6/CapSense_Tuner.c **** *    -  CapSense_STATUS_RESTART_NONE - No restart was executed by this
 112:Generated_Source\PSoC6/CapSense_Tuner.c **** *      function.
 113:Generated_Source\PSoC6/CapSense_Tuner.c **** *
ARM GAS  C:\Users\DAVIDW~1\AppData\Local\Temp\ccQIFPGG.s 			page 4


 114:Generated_Source\PSoC6/CapSense_Tuner.c **** *******************************************************************************/
 115:Generated_Source\PSoC6/CapSense_Tuner.c **** uint32 CapSense_RunTuner(void)
 116:Generated_Source\PSoC6/CapSense_Tuner.c **** {
  59              		.loc 1 116 0
  60              		.cfi_startproc
  61              		@ args = 0, pretend = 0, frame = 0
  62              		@ frame_needed = 0, uses_anonymous_args = 0
  63 0000 70B5     		push	{r4, r5, r6, lr}
  64              		.cfi_def_cfa_offset 16
  65              		.cfi_offset 4, -16
  66              		.cfi_offset 5, -12
  67              		.cfi_offset 6, -8
  68              		.cfi_offset 14, -4
  69              	.LVL1:
 117:Generated_Source\PSoC6/CapSense_Tuner.c ****     uint32 interruptState;
 118:Generated_Source\PSoC6/CapSense_Tuner.c ****     uint32 widgetId;
 119:Generated_Source\PSoC6/CapSense_Tuner.c ****     uint32 sensorId;
 120:Generated_Source\PSoC6/CapSense_Tuner.c ****     uint32 updateFlag = 0Lu;
 121:Generated_Source\PSoC6/CapSense_Tuner.c ****     CapSense_TU_CMD_ENUM command;
 122:Generated_Source\PSoC6/CapSense_Tuner.c ****     uint32 tunerStatus = CapSense_STATUS_RESTART_NONE;
  70              		.loc 1 122 0
  71 0002 0026     		movs	r6, #0
 120:Generated_Source\PSoC6/CapSense_Tuner.c ****     CapSense_TU_CMD_ENUM command;
  72              		.loc 1 120 0
  73 0004 3546     		mov	r5, r6
  74              	.LVL2:
  75              	.L16:
 123:Generated_Source\PSoC6/CapSense_Tuner.c **** 
 124:Generated_Source\PSoC6/CapSense_Tuner.c ****     volatile CapSense_RAM_STRUCT *ptrDsRam;
 125:Generated_Source\PSoC6/CapSense_Tuner.c ****     volatile CapSense_RAM_SNS_STRUCT *ptrSnsTmp;
 126:Generated_Source\PSoC6/CapSense_Tuner.c **** 
 127:Generated_Source\PSoC6/CapSense_Tuner.c ****     ptrDsRam = &CapSense_dsRam;
 128:Generated_Source\PSoC6/CapSense_Tuner.c **** 
 129:Generated_Source\PSoC6/CapSense_Tuner.c ****     do
 130:Generated_Source\PSoC6/CapSense_Tuner.c ****     {
 131:Generated_Source\PSoC6/CapSense_Tuner.c ****         /* ONE_SCAN command could be interpreted as two commands:
 132:Generated_Source\PSoC6/CapSense_Tuner.c ****         * RESUME till next call of this function and then
 133:Generated_Source\PSoC6/CapSense_Tuner.c ****         * SUSPEND till next command receiving.
 134:Generated_Source\PSoC6/CapSense_Tuner.c ****         */
 135:Generated_Source\PSoC6/CapSense_Tuner.c ****         if (TU_FSM_ONE_SCAN == tunerFsm)
  76              		.loc 1 135 0
  77 0006 3F4B     		ldr	r3, .L19
  78 0008 1B68     		ldr	r3, [r3]
  79 000a 032B     		cmp	r3, #3
  80 000c 06D1     		bne	.L5
 136:Generated_Source\PSoC6/CapSense_Tuner.c ****         {
 137:Generated_Source\PSoC6/CapSense_Tuner.c ****             interruptState = Cy_SysLib_EnterCriticalSection();
  81              		.loc 1 137 0
  82 000e FFF7FEFF 		bl	Cy_SysLib_EnterCriticalSection
  83              	.LVL3:
 138:Generated_Source\PSoC6/CapSense_Tuner.c ****             ptrDsRam->tunerCmd = (uint16)CapSense_TU_CMD_SUSPEND_E;
  84              		.loc 1 138 0
  85 0012 0122     		movs	r2, #1
  86 0014 3C4B     		ldr	r3, .L19+4
  87 0016 DA80     		strh	r2, [r3, #6]	@ movhi
 139:Generated_Source\PSoC6/CapSense_Tuner.c ****             Cy_SysLib_ExitCriticalSection(interruptState);
  88              		.loc 1 139 0
ARM GAS  C:\Users\DAVIDW~1\AppData\Local\Temp\ccQIFPGG.s 			page 5


  89 0018 FFF7FEFF 		bl	Cy_SysLib_ExitCriticalSection
  90              	.LVL4:
  91              	.L5:
 140:Generated_Source\PSoC6/CapSense_Tuner.c ****         }
 141:Generated_Source\PSoC6/CapSense_Tuner.c ****         command = (CapSense_TU_CMD_ENUM)ptrDsRam->tunerCmd;
  92              		.loc 1 141 0
  93 001c 3A4B     		ldr	r3, .L19+4
  94 001e DC88     		ldrh	r4, [r3, #6]
  95 0020 E4B2     		uxtb	r4, r4
  96              	.LVL5:
 142:Generated_Source\PSoC6/CapSense_Tuner.c **** 
 143:Generated_Source\PSoC6/CapSense_Tuner.c ****         /* Check command register */
 144:Generated_Source\PSoC6/CapSense_Tuner.c ****         switch (command)
  97              		.loc 1 144 0
  98 0022 631E     		subs	r3, r4, #1
  99 0024 052B     		cmp	r3, #5
 100 0026 23D8     		bhi	.L6
 101 0028 DFE803F0 		tbb	[pc, r3]
 102              	.L8:
 103 002c 03       		.byte	(.L7-.L8)/2
 104 002d 07       		.byte	(.L9-.L8)/2
 105 002e 0C       		.byte	(.L10-.L8)/2
 106 002f 14       		.byte	(.L11-.L8)/2
 107 0030 19       		.byte	(.L12-.L8)/2
 108 0031 1E       		.byte	(.L13-.L8)/2
 109              		.p2align 1
 110              	.L7:
 145:Generated_Source\PSoC6/CapSense_Tuner.c ****         {
 146:Generated_Source\PSoC6/CapSense_Tuner.c ****         case CapSense_TU_CMD_SUSPEND_E:
 147:Generated_Source\PSoC6/CapSense_Tuner.c ****             tunerFsm = TU_FSM_SUSPENDED;
 111              		.loc 1 147 0
 112 0032 0125     		movs	r5, #1
 113              	.LVL6:
 114 0034 334B     		ldr	r3, .L19
 115 0036 1D60     		str	r5, [r3]
 116              	.LVL7:
 148:Generated_Source\PSoC6/CapSense_Tuner.c ****             updateFlag = 1Lu;
 149:Generated_Source\PSoC6/CapSense_Tuner.c ****             break;
 117              		.loc 1 149 0
 118 0038 1AE0     		b	.L6
 119              	.LVL8:
 120              	.L9:
 150:Generated_Source\PSoC6/CapSense_Tuner.c **** 
 151:Generated_Source\PSoC6/CapSense_Tuner.c ****         case CapSense_TU_CMD_RESUME_E:
 152:Generated_Source\PSoC6/CapSense_Tuner.c ****             tunerFsm = TU_FSM_RUNNING;
 121              		.loc 1 152 0
 122 003a 0022     		movs	r2, #0
 123 003c 314B     		ldr	r3, .L19
 124 003e 1A60     		str	r2, [r3]
 125              	.LVL9:
 153:Generated_Source\PSoC6/CapSense_Tuner.c ****             updateFlag = 1Lu;
 126              		.loc 1 153 0
 127 0040 0125     		movs	r5, #1
 154:Generated_Source\PSoC6/CapSense_Tuner.c ****             break;
 128              		.loc 1 154 0
 129 0042 15E0     		b	.L6
 130              	.LVL10:
ARM GAS  C:\Users\DAVIDW~1\AppData\Local\Temp\ccQIFPGG.s 			page 6


 131              	.L10:
 155:Generated_Source\PSoC6/CapSense_Tuner.c **** 
 156:Generated_Source\PSoC6/CapSense_Tuner.c ****         case CapSense_TU_CMD_RESTART_E:
 157:Generated_Source\PSoC6/CapSense_Tuner.c ****             (void)CapSense_Start();
 132              		.loc 1 157 0
 133 0044 FFF7FEFF 		bl	CapSense_Start
 134              	.LVL11:
 158:Generated_Source\PSoC6/CapSense_Tuner.c ****             tunerStatus = CapSense_STATUS_RESTART_DONE;
 159:Generated_Source\PSoC6/CapSense_Tuner.c ****             tunerFsm = TU_FSM_RUNNING;
 135              		.loc 1 159 0
 136 0048 0022     		movs	r2, #0
 137 004a 2E4B     		ldr	r3, .L19
 138 004c 1A60     		str	r2, [r3]
 139              	.LVL12:
 158:Generated_Source\PSoC6/CapSense_Tuner.c ****             tunerStatus = CapSense_STATUS_RESTART_DONE;
 140              		.loc 1 158 0
 141 004e 0126     		movs	r6, #1
 160:Generated_Source\PSoC6/CapSense_Tuner.c ****             updateFlag = 1Lu;
 142              		.loc 1 160 0
 143 0050 3546     		mov	r5, r6
 161:Generated_Source\PSoC6/CapSense_Tuner.c ****             break;
 144              		.loc 1 161 0
 145 0052 0DE0     		b	.L6
 146              	.LVL13:
 147              	.L11:
 162:Generated_Source\PSoC6/CapSense_Tuner.c **** 
 163:Generated_Source\PSoC6/CapSense_Tuner.c ****         case CapSense_TU_CMD_RUN_SNR_TEST_E:
 164:Generated_Source\PSoC6/CapSense_Tuner.c ****             tunerFsm = TU_FSM_SNR_TEST;
 148              		.loc 1 164 0
 149 0054 0222     		movs	r2, #2
 150 0056 2B4B     		ldr	r3, .L19
 151 0058 1A60     		str	r2, [r3]
 152              	.LVL14:
 165:Generated_Source\PSoC6/CapSense_Tuner.c ****             updateFlag = 1Lu;
 153              		.loc 1 165 0
 154 005a 0125     		movs	r5, #1
 166:Generated_Source\PSoC6/CapSense_Tuner.c ****             break;
 155              		.loc 1 166 0
 156 005c 08E0     		b	.L6
 157              	.LVL15:
 158              	.L12:
 167:Generated_Source\PSoC6/CapSense_Tuner.c **** 
 168:Generated_Source\PSoC6/CapSense_Tuner.c ****         case CapSense_TU_CMD_PING_E:
 169:Generated_Source\PSoC6/CapSense_Tuner.c ****             tunerFsm = TU_FSM_RUNNING;
 159              		.loc 1 169 0
 160 005e 0022     		movs	r2, #0
 161 0060 284B     		ldr	r3, .L19
 162 0062 1A60     		str	r2, [r3]
 163              	.LVL16:
 170:Generated_Source\PSoC6/CapSense_Tuner.c ****             updateFlag = 1Lu;
 164              		.loc 1 170 0
 165 0064 0125     		movs	r5, #1
 171:Generated_Source\PSoC6/CapSense_Tuner.c ****             break;
 166              		.loc 1 171 0
 167 0066 03E0     		b	.L6
 168              	.LVL17:
 169              	.L13:
ARM GAS  C:\Users\DAVIDW~1\AppData\Local\Temp\ccQIFPGG.s 			page 7


 172:Generated_Source\PSoC6/CapSense_Tuner.c **** 
 173:Generated_Source\PSoC6/CapSense_Tuner.c ****         case CapSense_TU_CMD_ONE_SCAN_E:
 174:Generated_Source\PSoC6/CapSense_Tuner.c ****             tunerFsm = TU_FSM_ONE_SCAN;
 170              		.loc 1 174 0
 171 0068 0322     		movs	r2, #3
 172 006a 264B     		ldr	r3, .L19
 173 006c 1A60     		str	r2, [r3]
 174              	.LVL18:
 175:Generated_Source\PSoC6/CapSense_Tuner.c ****             updateFlag = 0Lu;
 175              		.loc 1 175 0
 176 006e 0025     		movs	r5, #0
 177              	.LVL19:
 178              	.L6:
 176:Generated_Source\PSoC6/CapSense_Tuner.c ****             break;
 177:Generated_Source\PSoC6/CapSense_Tuner.c **** 
 178:Generated_Source\PSoC6/CapSense_Tuner.c ****         default:
 179:Generated_Source\PSoC6/CapSense_Tuner.c ****             break;
 180:Generated_Source\PSoC6/CapSense_Tuner.c ****         }
 181:Generated_Source\PSoC6/CapSense_Tuner.c **** 
 182:Generated_Source\PSoC6/CapSense_Tuner.c ****         /* Set Complete flag in command register if needed */
 183:Generated_Source\PSoC6/CapSense_Tuner.c ****         if (0Lu != updateFlag)
 179              		.loc 1 183 0
 180 0070 8DB1     		cbz	r5, .L14
 184:Generated_Source\PSoC6/CapSense_Tuner.c ****         {
 185:Generated_Source\PSoC6/CapSense_Tuner.c ****             interruptState = Cy_SysLib_EnterCriticalSection();
 181              		.loc 1 185 0
 182 0072 FFF7FEFF 		bl	Cy_SysLib_EnterCriticalSection
 183              	.LVL20:
 186:Generated_Source\PSoC6/CapSense_Tuner.c **** 
 187:Generated_Source\PSoC6/CapSense_Tuner.c ****             /* Check if command wasn't overwritten with new command */
 188:Generated_Source\PSoC6/CapSense_Tuner.c ****             if (command == (CapSense_TU_CMD_ENUM)ptrDsRam->tunerCmd)
 184              		.loc 1 188 0
 185 0076 244B     		ldr	r3, .L19+4
 186 0078 DB88     		ldrh	r3, [r3, #6]
 187 007a DBB2     		uxtb	r3, r3
 188 007c 9C42     		cmp	r4, r3
 189 007e 07D1     		bne	.L15
 189:Generated_Source\PSoC6/CapSense_Tuner.c ****             {
 190:Generated_Source\PSoC6/CapSense_Tuner.c ****                 ptrDsRam->tunerCmd |= CapSense_TU_CMD_COMPLETE_BIT;
 190              		.loc 1 190 0
 191 0080 214A     		ldr	r2, .L19+4
 192 0082 D388     		ldrh	r3, [r2, #6]
 193 0084 6FEA4343 		mvn	r3, r3, lsl #17
 194 0088 6FEA5343 		mvn	r3, r3, lsr #17
 195 008c 9BB2     		uxth	r3, r3
 196 008e D380     		strh	r3, [r2, #6]	@ movhi
 197              	.L15:
 191:Generated_Source\PSoC6/CapSense_Tuner.c ****             }
 192:Generated_Source\PSoC6/CapSense_Tuner.c ****             Cy_SysLib_ExitCriticalSection(interruptState);
 198              		.loc 1 192 0
 199 0090 FFF7FEFF 		bl	Cy_SysLib_ExitCriticalSection
 200              	.LVL21:
 193:Generated_Source\PSoC6/CapSense_Tuner.c **** 
 194:Generated_Source\PSoC6/CapSense_Tuner.c ****             updateFlag = 0Lu;
 201              		.loc 1 194 0
 202 0094 0025     		movs	r5, #0
 203              	.LVL22:
ARM GAS  C:\Users\DAVIDW~1\AppData\Local\Temp\ccQIFPGG.s 			page 8


 204              	.L14:
 195:Generated_Source\PSoC6/CapSense_Tuner.c ****         }
 196:Generated_Source\PSoC6/CapSense_Tuner.c ****     } while (TU_FSM_SUSPENDED == tunerFsm);
 205              		.loc 1 196 0
 206 0096 1B4B     		ldr	r3, .L19
 207 0098 1B68     		ldr	r3, [r3]
 208 009a 012B     		cmp	r3, #1
 209 009c B3D0     		beq	.L16
 197:Generated_Source\PSoC6/CapSense_Tuner.c **** 
 198:Generated_Source\PSoC6/CapSense_Tuner.c ****     /* Check for SNR Test mode and do appropriate actions */
 199:Generated_Source\PSoC6/CapSense_Tuner.c ****     if (TU_FSM_SNR_TEST == tunerFsm)
 210              		.loc 1 199 0
 211 009e 022B     		cmp	r3, #2
 212 00a0 2ED1     		bne	.L17
 200:Generated_Source\PSoC6/CapSense_Tuner.c ****     {
 201:Generated_Source\PSoC6/CapSense_Tuner.c ****         widgetId = ptrDsRam->snrTestWidgetId;
 213              		.loc 1 201 0
 214 00a2 194A     		ldr	r2, .L19+4
 215 00a4 92F8CE30 		ldrb	r3, [r2, #206]	@ zero_extendqisi2
 216 00a8 DBB2     		uxtb	r3, r3
 217              	.LVL23:
 202:Generated_Source\PSoC6/CapSense_Tuner.c ****         sensorId = ptrDsRam->snrTestSensorId;
 218              		.loc 1 202 0
 219 00aa 92F8CF20 		ldrb	r2, [r2, #207]	@ zero_extendqisi2
 220 00ae D2B2     		uxtb	r2, r2
 221              	.LVL24:
 203:Generated_Source\PSoC6/CapSense_Tuner.c **** 
 204:Generated_Source\PSoC6/CapSense_Tuner.c ****         /* Check if widgetId and sensorId are in range,
 205:Generated_Source\PSoC6/CapSense_Tuner.c ****          * and data was updated in RAM (scan counter changed)
 206:Generated_Source\PSoC6/CapSense_Tuner.c ****          */
 207:Generated_Source\PSoC6/CapSense_Tuner.c ****         if ((widgetId < CapSense_TOTAL_WIDGETS)              &&
 222              		.loc 1 207 0
 223 00b0 022B     		cmp	r3, #2
 224 00b2 25D8     		bhi	.L17
 208:Generated_Source\PSoC6/CapSense_Tuner.c ****             (sensorId < CapSense_GET_SENSOR_COUNT(widgetId)) &&
 225              		.loc 1 208 0 discriminator 1
 226 00b4 C3EBC300 		rsb	r0, r3, r3, lsl #3
 227 00b8 8100     		lsls	r1, r0, #2
 228 00ba 1448     		ldr	r0, .L19+8
 229 00bc 0144     		add	r1, r1, r0
 230 00be 098B     		ldrh	r1, [r1, #24]
 207:Generated_Source\PSoC6/CapSense_Tuner.c ****             (sensorId < CapSense_GET_SENSOR_COUNT(widgetId)) &&
 231              		.loc 1 207 0 discriminator 1
 232 00c0 8A42     		cmp	r2, r1
 233 00c2 1DD2     		bcs	.L17
 209:Generated_Source\PSoC6/CapSense_Tuner.c ****             (ptrDsRam->scanCounter != ptrDsRam->snrTestScanCounter))
 234              		.loc 1 209 0
 235 00c4 1049     		ldr	r1, .L19+4
 236 00c6 0889     		ldrh	r0, [r1, #8]
 237 00c8 80B2     		uxth	r0, r0
 238 00ca B1F8D010 		ldrh	r1, [r1, #208]
 239 00ce 89B2     		uxth	r1, r1
 208:Generated_Source\PSoC6/CapSense_Tuner.c ****             (sensorId < CapSense_GET_SENSOR_COUNT(widgetId)) &&
 240              		.loc 1 208 0
 241 00d0 8842     		cmp	r0, r1
 242 00d2 15D0     		beq	.L17
 210:Generated_Source\PSoC6/CapSense_Tuner.c ****         {
ARM GAS  C:\Users\DAVIDW~1\AppData\Local\Temp\ccQIFPGG.s 			page 9


 211:Generated_Source\PSoC6/CapSense_Tuner.c ****             /* Get access to the Sensor Object */
 212:Generated_Source\PSoC6/CapSense_Tuner.c ****             ptrSnsTmp = CapSense_dsFlash.wdgtArray[widgetId].ptr2SnsRam;
 243              		.loc 1 212 0
 244 00d4 C3EBC303 		rsb	r3, r3, r3, lsl #3
 245              	.LVL25:
 246 00d8 9900     		lsls	r1, r3, #2
 247 00da 0C4B     		ldr	r3, .L19+8
 248 00dc 1944     		add	r1, r1, r3
 249 00de 8D68     		ldr	r5, [r1, #8]
 250              	.LVL26:
 213:Generated_Source\PSoC6/CapSense_Tuner.c ****             ptrSnsTmp += sensorId;
 251              		.loc 1 213 0
 252 00e0 02EB8202 		add	r2, r2, r2, lsl #2
 253              	.LVL27:
 254 00e4 5400     		lsls	r4, r2, #1
 255              	.LVL28:
 214:Generated_Source\PSoC6/CapSense_Tuner.c **** 
 215:Generated_Source\PSoC6/CapSense_Tuner.c ****             /* Update data in SNR Test Object */
 216:Generated_Source\PSoC6/CapSense_Tuner.c ****             interruptState = Cy_SysLib_EnterCriticalSection();
 256              		.loc 1 216 0
 257 00e6 FFF7FEFF 		bl	Cy_SysLib_EnterCriticalSection
 258              	.LVL29:
 217:Generated_Source\PSoC6/CapSense_Tuner.c ****             ptrDsRam->snrTestScanCounter = ptrDsRam->scanCounter;
 259              		.loc 1 217 0
 260 00ea 074B     		ldr	r3, .L19+4
 261 00ec 1A89     		ldrh	r2, [r3, #8]
 262 00ee 92B2     		uxth	r2, r2
 263 00f0 A3F8D020 		strh	r2, [r3, #208]	@ movhi
 218:Generated_Source\PSoC6/CapSense_Tuner.c ****             ptrDsRam->snrTestRawCount[0u] = ptrSnsTmp->raw[0u];
 264              		.loc 1 218 0
 265 00f4 2A5B     		ldrh	r2, [r5, r4]
 266 00f6 92B2     		uxth	r2, r2
 267 00f8 A3F8D220 		strh	r2, [r3, #210]	@ movhi
 219:Generated_Source\PSoC6/CapSense_Tuner.c **** 
 220:Generated_Source\PSoC6/CapSense_Tuner.c ****             #if (0u != CapSense_MULTI_FREQ_SCAN_EN)
 221:Generated_Source\PSoC6/CapSense_Tuner.c ****                 ptrDsRam->snrTestRawCount[1u] = ptrSnsTmp->raw[1u];
 222:Generated_Source\PSoC6/CapSense_Tuner.c ****                 ptrDsRam->snrTestRawCount[2u] = ptrSnsTmp->raw[2u];
 223:Generated_Source\PSoC6/CapSense_Tuner.c ****             #endif
 224:Generated_Source\PSoC6/CapSense_Tuner.c **** 
 225:Generated_Source\PSoC6/CapSense_Tuner.c ****             Cy_SysLib_ExitCriticalSection(interruptState);
 268              		.loc 1 225 0
 269 00fc FFF7FEFF 		bl	Cy_SysLib_ExitCriticalSection
 270              	.LVL30:
 271              	.L17:
 226:Generated_Source\PSoC6/CapSense_Tuner.c ****         }
 227:Generated_Source\PSoC6/CapSense_Tuner.c ****     }
 228:Generated_Source\PSoC6/CapSense_Tuner.c ****     return tunerStatus;
 229:Generated_Source\PSoC6/CapSense_Tuner.c **** }
 272              		.loc 1 229 0
 273 0100 3046     		mov	r0, r6
 274 0102 70BD     		pop	{r4, r5, r6, pc}
 275              	.LVL31:
 276              	.L20:
 277              		.align	2
 278              	.L19:
 279 0104 00000000 		.word	.LANCHOR0
 280 0108 00000000 		.word	CapSense_dsRam
ARM GAS  C:\Users\DAVIDW~1\AppData\Local\Temp\ccQIFPGG.s 			page 10


 281 010c 00000000 		.word	CapSense_dsFlash
 282              		.cfi_endproc
 283              	.LFE159:
 284              		.size	CapSense_RunTuner, .-CapSense_RunTuner
 285              		.bss
 286              		.align	2
 287              		.set	.LANCHOR0,. + 0
 288              		.type	tunerFsm, %object
 289              		.size	tunerFsm, 4
 290              	tunerFsm:
 291 0000 00000000 		.space	4
 292              		.text
 293              	.Letext0:
 294              		.file 2 "e:\\program files\\cypress\\psoc creator\\4.2\\psoc creator\\import\\gnu\\arm\\5.4.1\\arm
 295              		.file 3 "e:\\program files\\cypress\\psoc creator\\4.2\\psoc creator\\import\\gnu\\arm\\5.4.1\\arm
 296              		.file 4 "Generated_Source\\PSoC6\\pdl\\drivers/peripheral/syslib/cy_syslib.h"
 297              		.file 5 "Generated_Source\\PSoC6\\CapSense_Configuration.h"
 298              		.file 6 "Generated_Source\\PSoC6\\CapSense_Structure.h"
 299              		.file 7 "Generated_Source\\PSoC6\\CapSense_Tuner.h"
 300              		.file 8 "Generated_Source\\PSoC6\\pdl\\cmsis/include/core_cm4.h"
 301              		.file 9 "Generated_Source\\PSoC6\\CapSense_Control.h"
 302              		.section	.debug_info,"",%progbits
 303              	.Ldebug_info0:
 304 0000 12070000 		.4byte	0x712
 305 0004 0400     		.2byte	0x4
 306 0006 00000000 		.4byte	.Ldebug_abbrev0
 307 000a 04       		.byte	0x4
 308 000b 01       		.uleb128 0x1
 309 000c 50010000 		.4byte	.LASF104
 310 0010 0C       		.byte	0xc
 311 0011 A2050000 		.4byte	.LASF105
 312 0015 88030000 		.4byte	.LASF106
 313 0019 00000000 		.4byte	.Ldebug_ranges0+0
 314 001d 00000000 		.4byte	0
 315 0021 00000000 		.4byte	.Ldebug_line0
 316 0025 02       		.uleb128 0x2
 317 0026 01       		.byte	0x1
 318 0027 06       		.byte	0x6
 319 0028 17040000 		.4byte	.LASF0
 320 002c 03       		.uleb128 0x3
 321 002d 32030000 		.4byte	.LASF3
 322 0031 02       		.byte	0x2
 323 0032 1D       		.byte	0x1d
 324 0033 37000000 		.4byte	0x37
 325 0037 02       		.uleb128 0x2
 326 0038 01       		.byte	0x1
 327 0039 08       		.byte	0x8
 328 003a F8030000 		.4byte	.LASF1
 329 003e 02       		.uleb128 0x2
 330 003f 02       		.byte	0x2
 331 0040 05       		.byte	0x5
 332 0041 CF000000 		.4byte	.LASF2
 333 0045 03       		.uleb128 0x3
 334 0046 32020000 		.4byte	.LASF4
 335 004a 02       		.byte	0x2
 336 004b 2B       		.byte	0x2b
 337 004c 50000000 		.4byte	0x50
ARM GAS  C:\Users\DAVIDW~1\AppData\Local\Temp\ccQIFPGG.s 			page 11


 338 0050 02       		.uleb128 0x2
 339 0051 02       		.byte	0x2
 340 0052 07       		.byte	0x7
 341 0053 C7040000 		.4byte	.LASF5
 342 0057 03       		.uleb128 0x3
 343 0058 15060000 		.4byte	.LASF6
 344 005c 02       		.byte	0x2
 345 005d 3F       		.byte	0x3f
 346 005e 62000000 		.4byte	0x62
 347 0062 02       		.uleb128 0x2
 348 0063 04       		.byte	0x4
 349 0064 05       		.byte	0x5
 350 0065 FA020000 		.4byte	.LASF7
 351 0069 03       		.uleb128 0x3
 352 006a 1A020000 		.4byte	.LASF8
 353 006e 02       		.byte	0x2
 354 006f 41       		.byte	0x41
 355 0070 74000000 		.4byte	0x74
 356 0074 02       		.uleb128 0x2
 357 0075 04       		.byte	0x4
 358 0076 07       		.byte	0x7
 359 0077 76050000 		.4byte	.LASF9
 360 007b 02       		.uleb128 0x2
 361 007c 08       		.byte	0x8
 362 007d 05       		.byte	0x5
 363 007e C5020000 		.4byte	.LASF10
 364 0082 02       		.uleb128 0x2
 365 0083 08       		.byte	0x8
 366 0084 07       		.byte	0x7
 367 0085 40040000 		.4byte	.LASF11
 368 0089 04       		.uleb128 0x4
 369 008a 04       		.byte	0x4
 370 008b 05       		.byte	0x5
 371 008c 696E7400 		.ascii	"int\000"
 372 0090 02       		.uleb128 0x2
 373 0091 04       		.byte	0x4
 374 0092 07       		.byte	0x7
 375 0093 94040000 		.4byte	.LASF12
 376 0097 03       		.uleb128 0x3
 377 0098 8E020000 		.4byte	.LASF13
 378 009c 03       		.byte	0x3
 379 009d 18       		.byte	0x18
 380 009e 2C000000 		.4byte	0x2c
 381 00a2 03       		.uleb128 0x3
 382 00a3 A1040000 		.4byte	.LASF14
 383 00a7 03       		.byte	0x3
 384 00a8 24       		.byte	0x24
 385 00a9 45000000 		.4byte	0x45
 386 00ad 03       		.uleb128 0x3
 387 00ae 0F050000 		.4byte	.LASF15
 388 00b2 03       		.byte	0x3
 389 00b3 2C       		.byte	0x2c
 390 00b4 57000000 		.4byte	0x57
 391 00b8 03       		.uleb128 0x3
 392 00b9 6F040000 		.4byte	.LASF16
 393 00bd 03       		.byte	0x3
 394 00be 30       		.byte	0x30
ARM GAS  C:\Users\DAVIDW~1\AppData\Local\Temp\ccQIFPGG.s 			page 12


 395 00bf 69000000 		.4byte	0x69
 396 00c3 02       		.uleb128 0x2
 397 00c4 04       		.byte	0x4
 398 00c5 07       		.byte	0x7
 399 00c6 02010000 		.4byte	.LASF17
 400 00ca 02       		.uleb128 0x2
 401 00cb 01       		.byte	0x1
 402 00cc 08       		.byte	0x8
 403 00cd F5020000 		.4byte	.LASF18
 404 00d1 02       		.uleb128 0x2
 405 00d2 04       		.byte	0x4
 406 00d3 04       		.byte	0x4
 407 00d4 A3020000 		.4byte	.LASF19
 408 00d8 02       		.uleb128 0x2
 409 00d9 08       		.byte	0x8
 410 00da 04       		.byte	0x4
 411 00db 88050000 		.4byte	.LASF20
 412 00df 05       		.uleb128 0x5
 413 00e0 96020000 		.4byte	.LASF21
 414 00e4 04       		.byte	0x4
 415 00e5 8503     		.2byte	0x385
 416 00e7 97000000 		.4byte	0x97
 417 00eb 05       		.uleb128 0x5
 418 00ec 65020000 		.4byte	.LASF22
 419 00f0 04       		.byte	0x4
 420 00f1 8603     		.2byte	0x386
 421 00f3 A2000000 		.4byte	0xa2
 422 00f7 05       		.uleb128 0x5
 423 00f8 6F050000 		.4byte	.LASF23
 424 00fc 04       		.byte	0x4
 425 00fd 8703     		.2byte	0x387
 426 00ff B8000000 		.4byte	0xb8
 427 0103 03       		.uleb128 0x3
 428 0104 0C030000 		.4byte	.LASF24
 429 0108 05       		.byte	0x5
 430 0109 EA       		.byte	0xea
 431 010a EB000000 		.4byte	0xeb
 432 010e 03       		.uleb128 0x3
 433 010f F2050000 		.4byte	.LASF25
 434 0113 05       		.byte	0x5
 435 0114 EE       		.byte	0xee
 436 0115 DF000000 		.4byte	0xdf
 437 0119 06       		.uleb128 0x6
 438 011a DF000000 		.4byte	0xdf
 439 011e 29010000 		.4byte	0x129
 440 0122 07       		.uleb128 0x7
 441 0123 C3000000 		.4byte	0xc3
 442 0127 00       		.byte	0
 443 0128 00       		.byte	0
 444 0129 08       		.uleb128 0x8
 445 012a 0E       		.byte	0xe
 446 012b 06       		.byte	0x6
 447 012c CE       		.byte	0xce
 448 012d AC010000 		.4byte	0x1ac
 449 0131 09       		.uleb128 0x9
 450 0132 17050000 		.4byte	.LASF26
 451 0136 06       		.byte	0x6
ARM GAS  C:\Users\DAVIDW~1\AppData\Local\Temp\ccQIFPGG.s 			page 13


 452 0137 D4       		.byte	0xd4
 453 0138 EB000000 		.4byte	0xeb
 454 013c 00       		.byte	0
 455 013d 09       		.uleb128 0x9
 456 013e 6C030000 		.4byte	.LASF27
 457 0142 06       		.byte	0x6
 458 0143 D9       		.byte	0xd9
 459 0144 03010000 		.4byte	0x103
 460 0148 02       		.byte	0x2
 461 0149 09       		.uleb128 0x9
 462 014a 54020000 		.4byte	.LASF28
 463 014e 06       		.byte	0x6
 464 014f DE       		.byte	0xde
 465 0150 DF000000 		.4byte	0xdf
 466 0154 04       		.byte	0x4
 467 0155 09       		.uleb128 0x9
 468 0156 3E010000 		.4byte	.LASF29
 469 015a 06       		.byte	0x6
 470 015b E3       		.byte	0xe3
 471 015c DF000000 		.4byte	0xdf
 472 0160 05       		.byte	0x5
 473 0161 09       		.uleb128 0x9
 474 0162 7D030000 		.4byte	.LASF30
 475 0166 06       		.byte	0x6
 476 0167 E8       		.byte	0xe8
 477 0168 DF000000 		.4byte	0xdf
 478 016c 06       		.byte	0x6
 479 016d 09       		.uleb128 0x9
 480 016e F7000000 		.4byte	.LASF31
 481 0172 06       		.byte	0x6
 482 0173 ED       		.byte	0xed
 483 0174 DF000000 		.4byte	0xdf
 484 0178 07       		.byte	0x7
 485 0179 09       		.uleb128 0x9
 486 017a 87000000 		.4byte	.LASF32
 487 017e 06       		.byte	0x6
 488 017f F4       		.byte	0xf4
 489 0180 0E010000 		.4byte	0x10e
 490 0184 08       		.byte	0x8
 491 0185 09       		.uleb128 0x9
 492 0186 BE000000 		.4byte	.LASF33
 493 018a 06       		.byte	0x6
 494 018b FC       		.byte	0xfc
 495 018c 19010000 		.4byte	0x119
 496 0190 09       		.byte	0x9
 497 0191 0A       		.uleb128 0xa
 498 0192 9C020000 		.4byte	.LASF34
 499 0196 06       		.byte	0x6
 500 0197 0501     		.2byte	0x105
 501 0199 EB000000 		.4byte	0xeb
 502 019d 0A       		.byte	0xa
 503 019e 0A       		.uleb128 0xa
 504 019f 25020000 		.4byte	.LASF35
 505 01a3 06       		.byte	0x6
 506 01a4 0A01     		.2byte	0x10a
 507 01a6 DF000000 		.4byte	0xdf
 508 01aa 0C       		.byte	0xc
ARM GAS  C:\Users\DAVIDW~1\AppData\Local\Temp\ccQIFPGG.s 			page 14


 509 01ab 00       		.byte	0
 510 01ac 05       		.uleb128 0x5
 511 01ad D9000000 		.4byte	.LASF36
 512 01b1 06       		.byte	0x6
 513 01b2 0B01     		.2byte	0x10b
 514 01b4 29010000 		.4byte	0x129
 515 01b8 0B       		.uleb128 0xb
 516 01b9 10       		.byte	0x10
 517 01ba 06       		.byte	0x6
 518 01bb 1001     		.2byte	0x110
 519 01bd 51020000 		.4byte	0x251
 520 01c1 0A       		.uleb128 0xa
 521 01c2 17050000 		.4byte	.LASF26
 522 01c6 06       		.byte	0x6
 523 01c7 1601     		.2byte	0x116
 524 01c9 EB000000 		.4byte	0xeb
 525 01cd 00       		.byte	0
 526 01ce 0A       		.uleb128 0xa
 527 01cf 6C030000 		.4byte	.LASF27
 528 01d3 06       		.byte	0x6
 529 01d4 1B01     		.2byte	0x11b
 530 01d6 03010000 		.4byte	0x103
 531 01da 02       		.byte	0x2
 532 01db 0A       		.uleb128 0xa
 533 01dc 54020000 		.4byte	.LASF28
 534 01e0 06       		.byte	0x6
 535 01e1 2001     		.2byte	0x120
 536 01e3 DF000000 		.4byte	0xdf
 537 01e7 04       		.byte	0x4
 538 01e8 0A       		.uleb128 0xa
 539 01e9 3E010000 		.4byte	.LASF29
 540 01ed 06       		.byte	0x6
 541 01ee 2501     		.2byte	0x125
 542 01f0 DF000000 		.4byte	0xdf
 543 01f4 05       		.byte	0x5
 544 01f5 0A       		.uleb128 0xa
 545 01f6 7D030000 		.4byte	.LASF30
 546 01fa 06       		.byte	0x6
 547 01fb 2A01     		.2byte	0x12a
 548 01fd DF000000 		.4byte	0xdf
 549 0201 06       		.byte	0x6
 550 0202 0A       		.uleb128 0xa
 551 0203 F7000000 		.4byte	.LASF31
 552 0207 06       		.byte	0x6
 553 0208 2F01     		.2byte	0x12f
 554 020a DF000000 		.4byte	0xdf
 555 020e 07       		.byte	0x7
 556 020f 0A       		.uleb128 0xa
 557 0210 87000000 		.4byte	.LASF32
 558 0214 06       		.byte	0x6
 559 0215 3601     		.2byte	0x136
 560 0217 0E010000 		.4byte	0x10e
 561 021b 08       		.byte	0x8
 562 021c 0A       		.uleb128 0xa
 563 021d BE000000 		.4byte	.LASF33
 564 0221 06       		.byte	0x6
 565 0222 3E01     		.2byte	0x13e
ARM GAS  C:\Users\DAVIDW~1\AppData\Local\Temp\ccQIFPGG.s 			page 15


 566 0224 19010000 		.4byte	0x119
 567 0228 09       		.byte	0x9
 568 0229 0A       		.uleb128 0xa
 569 022a 9C020000 		.4byte	.LASF34
 570 022e 06       		.byte	0x6
 571 022f 4701     		.2byte	0x147
 572 0231 EB000000 		.4byte	0xeb
 573 0235 0A       		.byte	0xa
 574 0236 0A       		.uleb128 0xa
 575 0237 25020000 		.4byte	.LASF35
 576 023b 06       		.byte	0x6
 577 023c 4C01     		.2byte	0x14c
 578 023e DF000000 		.4byte	0xdf
 579 0242 0C       		.byte	0xc
 580 0243 0A       		.uleb128 0xa
 581 0244 0E020000 		.4byte	.LASF37
 582 0248 06       		.byte	0x6
 583 0249 5101     		.2byte	0x151
 584 024b 03010000 		.4byte	0x103
 585 024f 0E       		.byte	0xe
 586 0250 00       		.byte	0
 587 0251 05       		.uleb128 0x5
 588 0252 3C030000 		.4byte	.LASF38
 589 0256 06       		.byte	0x6
 590 0257 5201     		.2byte	0x152
 591 0259 B8010000 		.4byte	0x1b8
 592 025d 0B       		.uleb128 0xb
 593 025e 2C       		.byte	0x2c
 594 025f 06       		.byte	0x6
 595 0260 5801     		.2byte	0x158
 596 0262 8E020000 		.4byte	0x28e
 597 0266 0A       		.uleb128 0xa
 598 0267 38060000 		.4byte	.LASF39
 599 026b 06       		.byte	0x6
 600 026c 5D01     		.2byte	0x15d
 601 026e AC010000 		.4byte	0x1ac
 602 0272 00       		.byte	0
 603 0273 0A       		.uleb128 0xa
 604 0274 40060000 		.4byte	.LASF40
 605 0278 06       		.byte	0x6
 606 0279 6201     		.2byte	0x162
 607 027b AC010000 		.4byte	0x1ac
 608 027f 0E       		.byte	0xe
 609 0280 0A       		.uleb128 0xa
 610 0281 EA020000 		.4byte	.LASF41
 611 0285 06       		.byte	0x6
 612 0286 6701     		.2byte	0x167
 613 0288 51020000 		.4byte	0x251
 614 028c 1C       		.byte	0x1c
 615 028d 00       		.byte	0
 616 028e 05       		.uleb128 0x5
 617 028f A9020000 		.4byte	.LASF42
 618 0293 06       		.byte	0x6
 619 0294 6801     		.2byte	0x168
 620 0296 5D020000 		.4byte	0x25d
 621 029a 0B       		.uleb128 0xb
 622 029b 0A       		.byte	0xa
ARM GAS  C:\Users\DAVIDW~1\AppData\Local\Temp\ccQIFPGG.s 			page 16


 623 029c 06       		.byte	0x6
 624 029d 6E01     		.2byte	0x16e
 625 029f F2020000 		.4byte	0x2f2
 626 02a3 0C       		.uleb128 0xc
 627 02a4 72617700 		.ascii	"raw\000"
 628 02a8 06       		.byte	0x6
 629 02a9 7301     		.2byte	0x173
 630 02ab F2020000 		.4byte	0x2f2
 631 02af 00       		.byte	0
 632 02b0 0A       		.uleb128 0xa
 633 02b1 64000000 		.4byte	.LASF43
 634 02b5 06       		.byte	0x6
 635 02b6 7801     		.2byte	0x178
 636 02b8 F2020000 		.4byte	0x2f2
 637 02bc 02       		.byte	0x2
 638 02bd 0A       		.uleb128 0xa
 639 02be 9A050000 		.4byte	.LASF44
 640 02c2 06       		.byte	0x6
 641 02c3 7E01     		.2byte	0x17e
 642 02c5 19010000 		.4byte	0x119
 643 02c9 04       		.byte	0x4
 644 02ca 0A       		.uleb128 0xa
 645 02cb 92000000 		.4byte	.LASF45
 646 02cf 06       		.byte	0x6
 647 02d0 8301     		.2byte	0x183
 648 02d2 03010000 		.4byte	0x103
 649 02d6 06       		.byte	0x6
 650 02d7 0A       		.uleb128 0xa
 651 02d8 24030000 		.4byte	.LASF46
 652 02dc 06       		.byte	0x6
 653 02dd 8801     		.2byte	0x188
 654 02df 02030000 		.4byte	0x302
 655 02e3 08       		.byte	0x8
 656 02e4 0A       		.uleb128 0xa
 657 02e5 47010000 		.4byte	.LASF47
 658 02e9 06       		.byte	0x6
 659 02ea 8E01     		.2byte	0x18e
 660 02ec 19010000 		.4byte	0x119
 661 02f0 09       		.byte	0x9
 662 02f1 00       		.byte	0
 663 02f2 06       		.uleb128 0x6
 664 02f3 EB000000 		.4byte	0xeb
 665 02f7 02030000 		.4byte	0x302
 666 02fb 07       		.uleb128 0x7
 667 02fc C3000000 		.4byte	0xc3
 668 0300 00       		.byte	0
 669 0301 00       		.byte	0
 670 0302 06       		.uleb128 0x6
 671 0303 0E010000 		.4byte	0x10e
 672 0307 12030000 		.4byte	0x312
 673 030b 07       		.uleb128 0x7
 674 030c C3000000 		.4byte	0xc3
 675 0310 00       		.byte	0
 676 0311 00       		.byte	0
 677 0312 05       		.uleb128 0x5
 678 0313 57040000 		.4byte	.LASF48
 679 0317 06       		.byte	0x6
ARM GAS  C:\Users\DAVIDW~1\AppData\Local\Temp\ccQIFPGG.s 			page 17


 680 0318 8F01     		.2byte	0x18f
 681 031a 9A020000 		.4byte	0x29a
 682 031e 0B       		.uleb128 0xb
 683 031f 82       		.byte	0x82
 684 0320 06       		.byte	0x6
 685 0321 9501     		.2byte	0x195
 686 0323 4F030000 		.4byte	0x34f
 687 0327 0A       		.uleb128 0xa
 688 0328 38060000 		.4byte	.LASF39
 689 032c 06       		.byte	0x6
 690 032d 9A01     		.2byte	0x19a
 691 032f 4F030000 		.4byte	0x34f
 692 0333 00       		.byte	0
 693 0334 0A       		.uleb128 0xa
 694 0335 40060000 		.4byte	.LASF40
 695 0339 06       		.byte	0x6
 696 033a 9F01     		.2byte	0x19f
 697 033c 4F030000 		.4byte	0x34f
 698 0340 3C       		.byte	0x3c
 699 0341 0A       		.uleb128 0xa
 700 0342 EA020000 		.4byte	.LASF41
 701 0346 06       		.byte	0x6
 702 0347 A401     		.2byte	0x1a4
 703 0349 5F030000 		.4byte	0x35f
 704 034d 78       		.byte	0x78
 705 034e 00       		.byte	0
 706 034f 06       		.uleb128 0x6
 707 0350 12030000 		.4byte	0x312
 708 0354 5F030000 		.4byte	0x35f
 709 0358 07       		.uleb128 0x7
 710 0359 C3000000 		.4byte	0xc3
 711 035d 05       		.byte	0x5
 712 035e 00       		.byte	0
 713 035f 06       		.uleb128 0x6
 714 0360 12030000 		.4byte	0x312
 715 0364 6F030000 		.4byte	0x36f
 716 0368 07       		.uleb128 0x7
 717 0369 C3000000 		.4byte	0xc3
 718 036d 00       		.byte	0
 719 036e 00       		.byte	0
 720 036f 05       		.uleb128 0x5
 721 0370 23040000 		.4byte	.LASF49
 722 0374 06       		.byte	0x6
 723 0375 A501     		.2byte	0x1a5
 724 0377 1E030000 		.4byte	0x31e
 725 037b 0B       		.uleb128 0xb
 726 037c D4       		.byte	0xd4
 727 037d 06       		.byte	0x6
 728 037e AB01     		.2byte	0x1ab
 729 0380 62040000 		.4byte	0x462
 730 0384 0A       		.uleb128 0xa
 731 0385 DA040000 		.4byte	.LASF50
 732 0389 06       		.byte	0x6
 733 038a B301     		.2byte	0x1b3
 734 038c EB000000 		.4byte	0xeb
 735 0390 00       		.byte	0
 736 0391 0A       		.uleb128 0xa
ARM GAS  C:\Users\DAVIDW~1\AppData\Local\Temp\ccQIFPGG.s 			page 18


 737 0392 5C020000 		.4byte	.LASF51
 738 0396 06       		.byte	0x6
 739 0397 B801     		.2byte	0x1b8
 740 0399 EB000000 		.4byte	0xeb
 741 039d 02       		.byte	0x2
 742 039e 0A       		.uleb128 0xa
 743 039f 0D060000 		.4byte	.LASF52
 744 03a3 06       		.byte	0x6
 745 03a4 BD01     		.2byte	0x1bd
 746 03a6 EB000000 		.4byte	0xeb
 747 03aa 04       		.byte	0x4
 748 03ab 0A       		.uleb128 0xa
 749 03ac CE030000 		.4byte	.LASF53
 750 03b0 06       		.byte	0x6
 751 03b1 C301     		.2byte	0x1c3
 752 03b3 EB000000 		.4byte	0xeb
 753 03b7 06       		.byte	0x6
 754 03b8 0A       		.uleb128 0xa
 755 03b9 34050000 		.4byte	.LASF54
 756 03bd 06       		.byte	0x6
 757 03be C801     		.2byte	0x1c8
 758 03c0 EB000000 		.4byte	0xeb
 759 03c4 08       		.byte	0x8
 760 03c5 0A       		.uleb128 0xa
 761 03c6 C0040000 		.4byte	.LASF55
 762 03ca 06       		.byte	0x6
 763 03cb CD01     		.2byte	0x1cd
 764 03cd 62040000 		.4byte	0x462
 765 03d1 0C       		.byte	0xc
 766 03d2 0A       		.uleb128 0xa
 767 03d3 B5040000 		.4byte	.LASF56
 768 03d7 06       		.byte	0x6
 769 03d8 D301     		.2byte	0x1d3
 770 03da 67040000 		.4byte	0x467
 771 03de 10       		.byte	0x10
 772 03df 0A       		.uleb128 0xa
 773 03e0 E3030000 		.4byte	.LASF57
 774 03e4 06       		.byte	0x6
 775 03e5 D901     		.2byte	0x1d9
 776 03e7 67040000 		.4byte	0x467
 777 03eb 14       		.byte	0x14
 778 03ec 0A       		.uleb128 0xa
 779 03ed B2060000 		.4byte	.LASF58
 780 03f1 06       		.byte	0x6
 781 03f2 EB01     		.2byte	0x1eb
 782 03f4 77040000 		.4byte	0x477
 783 03f8 18       		.byte	0x18
 784 03f9 0A       		.uleb128 0xa
 785 03fa 03020000 		.4byte	.LASF59
 786 03fe 06       		.byte	0x6
 787 03ff F001     		.2byte	0x1f0
 788 0401 EB000000 		.4byte	0xeb
 789 0405 1C       		.byte	0x1c
 790 0406 0A       		.uleb128 0xa
 791 0407 2A050000 		.4byte	.LASF60
 792 040b 06       		.byte	0x6
 793 040c F501     		.2byte	0x1f5
ARM GAS  C:\Users\DAVIDW~1\AppData\Local\Temp\ccQIFPGG.s 			page 19


 794 040e DF000000 		.4byte	0xdf
 795 0412 1E       		.byte	0x1e
 796 0413 0A       		.uleb128 0xa
 797 0414 35000000 		.4byte	.LASF61
 798 0418 06       		.byte	0x6
 799 0419 FA01     		.2byte	0x1fa
 800 041b 8E020000 		.4byte	0x28e
 801 041f 20       		.byte	0x20
 802 0420 0A       		.uleb128 0xa
 803 0421 22050000 		.4byte	.LASF62
 804 0425 06       		.byte	0x6
 805 0426 FF01     		.2byte	0x1ff
 806 0428 6F030000 		.4byte	0x36f
 807 042c 4C       		.byte	0x4c
 808 042d 0A       		.uleb128 0xa
 809 042e 7C060000 		.4byte	.LASF63
 810 0432 06       		.byte	0x6
 811 0433 0402     		.2byte	0x204
 812 0435 DF000000 		.4byte	0xdf
 813 0439 CE       		.byte	0xce
 814 043a 0A       		.uleb128 0xa
 815 043b EC040000 		.4byte	.LASF64
 816 043f 06       		.byte	0x6
 817 0440 0902     		.2byte	0x209
 818 0442 DF000000 		.4byte	0xdf
 819 0446 CF       		.byte	0xcf
 820 0447 0A       		.uleb128 0xa
 821 0448 FC040000 		.4byte	.LASF65
 822 044c 06       		.byte	0x6
 823 044d 0E02     		.2byte	0x20e
 824 044f EB000000 		.4byte	0xeb
 825 0453 D0       		.byte	0xd0
 826 0454 0A       		.uleb128 0xa
 827 0455 3E000000 		.4byte	.LASF66
 828 0459 06       		.byte	0x6
 829 045a 1302     		.2byte	0x213
 830 045c F2020000 		.4byte	0x2f2
 831 0460 D2       		.byte	0xd2
 832 0461 00       		.byte	0
 833 0462 0D       		.uleb128 0xd
 834 0463 F7000000 		.4byte	0xf7
 835 0467 06       		.uleb128 0x6
 836 0468 F7000000 		.4byte	0xf7
 837 046c 77040000 		.4byte	0x477
 838 0470 07       		.uleb128 0x7
 839 0471 C3000000 		.4byte	0xc3
 840 0475 00       		.byte	0
 841 0476 00       		.byte	0
 842 0477 06       		.uleb128 0x6
 843 0478 DF000000 		.4byte	0xdf
 844 047c 87040000 		.4byte	0x487
 845 0480 07       		.uleb128 0x7
 846 0481 C3000000 		.4byte	0xc3
 847 0485 02       		.byte	0x2
 848 0486 00       		.byte	0
 849 0487 05       		.uleb128 0x5
 850 0488 5B050000 		.4byte	.LASF67
ARM GAS  C:\Users\DAVIDW~1\AppData\Local\Temp\ccQIFPGG.s 			page 20


 851 048c 06       		.byte	0x6
 852 048d 1402     		.2byte	0x214
 853 048f 7B030000 		.4byte	0x37b
 854 0493 0B       		.uleb128 0xb
 855 0494 1C       		.byte	0x1c
 856 0495 06       		.byte	0x6
 857 0496 5202     		.2byte	0x252
 858 0498 12050000 		.4byte	0x512
 859 049c 0A       		.uleb128 0xa
 860 049d A5060000 		.4byte	.LASF68
 861 04a1 06       		.byte	0x6
 862 04a2 5B02     		.2byte	0x25b
 863 04a4 12050000 		.4byte	0x512
 864 04a8 00       		.byte	0
 865 04a9 0A       		.uleb128 0xa
 866 04aa 40050000 		.4byte	.LASF69
 867 04ae 06       		.byte	0x6
 868 04af 6202     		.2byte	0x262
 869 04b1 19050000 		.4byte	0x519
 870 04b5 04       		.byte	0x4
 871 04b6 0A       		.uleb128 0xa
 872 04b7 8F050000 		.4byte	.LASF70
 873 04bb 06       		.byte	0x6
 874 04bc 6802     		.2byte	0x268
 875 04be 1B050000 		.4byte	0x51b
 876 04c2 08       		.byte	0x8
 877 04c3 0A       		.uleb128 0xa
 878 04c4 48060000 		.4byte	.LASF71
 879 04c8 06       		.byte	0x6
 880 04c9 6D02     		.2byte	0x26d
 881 04cb 19050000 		.4byte	0x519
 882 04cf 0C       		.byte	0xc
 883 04d0 0A       		.uleb128 0xa
 884 04d1 7E020000 		.4byte	.LASF72
 885 04d5 06       		.byte	0x6
 886 04d6 7402     		.2byte	0x274
 887 04d8 21050000 		.4byte	0x521
 888 04dc 10       		.byte	0x10
 889 04dd 0A       		.uleb128 0xa
 890 04de 78040000 		.4byte	.LASF73
 891 04e2 06       		.byte	0x6
 892 04e3 7902     		.2byte	0x279
 893 04e5 F7000000 		.4byte	0xf7
 894 04e9 14       		.byte	0x14
 895 04ea 0A       		.uleb128 0xa
 896 04eb 97000000 		.4byte	.LASF74
 897 04ef 06       		.byte	0x6
 898 04f0 8002     		.2byte	0x280
 899 04f2 EB000000 		.4byte	0xeb
 900 04f6 18       		.byte	0x18
 901 04f7 0A       		.uleb128 0xa
 902 04f8 03030000 		.4byte	.LASF75
 903 04fc 06       		.byte	0x6
 904 04fd 8B02     		.2byte	0x28b
 905 04ff DF000000 		.4byte	0xdf
 906 0503 1A       		.byte	0x1a
 907 0504 0A       		.uleb128 0xa
ARM GAS  C:\Users\DAVIDW~1\AppData\Local\Temp\ccQIFPGG.s 			page 21


 908 0505 75030000 		.4byte	.LASF76
 909 0509 06       		.byte	0x6
 910 050a 9302     		.2byte	0x293
 911 050c DF000000 		.4byte	0xdf
 912 0510 1B       		.byte	0x1b
 913 0511 00       		.byte	0
 914 0512 0E       		.uleb128 0xe
 915 0513 04       		.byte	0x4
 916 0514 18050000 		.4byte	0x518
 917 0518 0F       		.uleb128 0xf
 918 0519 10       		.uleb128 0x10
 919 051a 04       		.byte	0x4
 920 051b 0E       		.uleb128 0xe
 921 051c 04       		.byte	0x4
 922 051d 12030000 		.4byte	0x312
 923 0521 0E       		.uleb128 0xe
 924 0522 04       		.byte	0x4
 925 0523 DF000000 		.4byte	0xdf
 926 0527 05       		.uleb128 0x5
 927 0528 25010000 		.4byte	.LASF77
 928 052c 06       		.byte	0x6
 929 052d 9402     		.2byte	0x294
 930 052f 93040000 		.4byte	0x493
 931 0533 0B       		.uleb128 0xb
 932 0534 54       		.byte	0x54
 933 0535 06       		.byte	0x6
 934 0536 9A02     		.2byte	0x29a
 935 0538 4A050000 		.4byte	0x54a
 936 053c 0A       		.uleb128 0xa
 937 053d 58060000 		.4byte	.LASF78
 938 0541 06       		.byte	0x6
 939 0542 9F02     		.2byte	0x29f
 940 0544 4A050000 		.4byte	0x54a
 941 0548 00       		.byte	0
 942 0549 00       		.byte	0
 943 054a 06       		.uleb128 0x6
 944 054b 27050000 		.4byte	0x527
 945 054f 5A050000 		.4byte	0x55a
 946 0553 07       		.uleb128 0x7
 947 0554 C3000000 		.4byte	0xc3
 948 0558 02       		.byte	0x2
 949 0559 00       		.byte	0
 950 055a 05       		.uleb128 0x5
 951 055b 1F000000 		.4byte	.LASF79
 952 055f 06       		.byte	0x6
 953 0560 A002     		.2byte	0x2a0
 954 0562 33050000 		.4byte	0x533
 955 0566 11       		.uleb128 0x11
 956 0567 01       		.byte	0x1
 957 0568 37000000 		.4byte	0x37
 958 056c 07       		.byte	0x7
 959 056d 2E       		.byte	0x2e
 960 056e 9D050000 		.4byte	0x59d
 961 0572 12       		.uleb128 0x12
 962 0573 3D020000 		.4byte	.LASF80
 963 0577 00       		.byte	0
 964 0578 12       		.uleb128 0x12
ARM GAS  C:\Users\DAVIDW~1\AppData\Local\Temp\ccQIFPGG.s 			page 22


 965 0579 62060000 		.4byte	.LASF81
 966 057d 01       		.byte	0x1
 967 057e 12       		.uleb128 0x12
 968 057f 1F060000 		.4byte	.LASF82
 969 0583 02       		.byte	0x2
 970 0584 12       		.uleb128 0x12
 971 0585 0B010000 		.4byte	.LASF83
 972 0589 03       		.byte	0x3
 973 058a 12       		.uleb128 0x12
 974 058b CA050000 		.4byte	.LASF84
 975 058f 04       		.byte	0x4
 976 0590 12       		.uleb128 0x12
 977 0591 D3020000 		.4byte	.LASF85
 978 0595 05       		.byte	0x5
 979 0596 12       		.uleb128 0x12
 980 0597 A3000000 		.4byte	.LASF86
 981 059b 06       		.byte	0x6
 982 059c 00       		.byte	0
 983 059d 03       		.uleb128 0x3
 984 059e 72000000 		.4byte	.LASF87
 985 05a2 07       		.byte	0x7
 986 05a3 36       		.byte	0x36
 987 05a4 66050000 		.4byte	0x566
 988 05a8 02       		.uleb128 0x2
 989 05a9 08       		.byte	0x8
 990 05aa 04       		.byte	0x4
 991 05ab D7030000 		.4byte	.LASF88
 992 05af 13       		.uleb128 0x13
 993 05b0 4E000000 		.4byte	.LASF107
 994 05b4 01       		.byte	0x1
 995 05b5 44       		.byte	0x44
 996 05b6 00000000 		.4byte	.LFB158
 997 05ba 14000000 		.4byte	.LFE158-.LFB158
 998 05be 01       		.uleb128 0x1
 999 05bf 9C       		.byte	0x9c
 1000 05c0 D0050000 		.4byte	0x5d0
 1001 05c4 14       		.uleb128 0x14
 1002 05c5 E9050000 		.4byte	.LASF95
 1003 05c9 01       		.byte	0x1
 1004 05ca 46       		.byte	0x46
 1005 05cb D0050000 		.4byte	0x5d0
 1006 05cf 00       		.byte	0
 1007 05d0 0E       		.uleb128 0xe
 1008 05d1 04       		.byte	0x4
 1009 05d2 D6050000 		.4byte	0x5d6
 1010 05d6 0D       		.uleb128 0xd
 1011 05d7 87040000 		.4byte	0x487
 1012 05db 15       		.uleb128 0x15
 1013 05dc 6C020000 		.4byte	.LASF108
 1014 05e0 01       		.byte	0x1
 1015 05e1 73       		.byte	0x73
 1016 05e2 F7000000 		.4byte	0xf7
 1017 05e6 00000000 		.4byte	.LFB159
 1018 05ea 10010000 		.4byte	.LFE159-.LFB159
 1019 05ee 01       		.uleb128 0x1
 1020 05ef 9C       		.byte	0x9c
 1021 05f0 A8060000 		.4byte	0x6a8
ARM GAS  C:\Users\DAVIDW~1\AppData\Local\Temp\ccQIFPGG.s 			page 23


 1022 05f4 16       		.uleb128 0x16
 1023 05f5 4C050000 		.4byte	.LASF89
 1024 05f9 01       		.byte	0x1
 1025 05fa 75       		.byte	0x75
 1026 05fb F7000000 		.4byte	0xf7
 1027 05ff 00000000 		.4byte	.LLST0
 1028 0603 16       		.uleb128 0x16
 1029 0604 E3040000 		.4byte	.LASF90
 1030 0608 01       		.byte	0x1
 1031 0609 76       		.byte	0x76
 1032 060a F7000000 		.4byte	0xf7
 1033 060e 29000000 		.4byte	.LLST1
 1034 0612 16       		.uleb128 0x16
 1035 0613 69000000 		.4byte	.LASF91
 1036 0617 01       		.byte	0x1
 1037 0618 77       		.byte	0x77
 1038 0619 F7000000 		.4byte	0xf7
 1039 061d 3C000000 		.4byte	.LLST2
 1040 0621 16       		.uleb128 0x16
 1041 0622 AA040000 		.4byte	.LASF92
 1042 0626 01       		.byte	0x1
 1043 0627 78       		.byte	0x78
 1044 0628 F7000000 		.4byte	0xf7
 1045 062c 4F000000 		.4byte	.LLST3
 1046 0630 16       		.uleb128 0x16
 1047 0631 BC060000 		.4byte	.LASF93
 1048 0635 01       		.byte	0x1
 1049 0636 79       		.byte	0x79
 1050 0637 9D050000 		.4byte	0x59d
 1051 063b 0F010000 		.4byte	.LLST4
 1052 063f 16       		.uleb128 0x16
 1053 0640 99060000 		.4byte	.LASF94
 1054 0644 01       		.byte	0x1
 1055 0645 7A       		.byte	0x7a
 1056 0646 F7000000 		.4byte	0xf7
 1057 064a 22010000 		.4byte	.LLST5
 1058 064e 14       		.uleb128 0x14
 1059 064f E9050000 		.4byte	.LASF95
 1060 0653 01       		.byte	0x1
 1061 0654 7C       		.byte	0x7c
 1062 0655 D0050000 		.4byte	0x5d0
 1063 0659 16       		.uleb128 0x16
 1064 065a EE030000 		.4byte	.LASF96
 1065 065e 01       		.byte	0x1
 1066 065f 7D       		.byte	0x7d
 1067 0660 A8060000 		.4byte	0x6a8
 1068 0664 63010000 		.4byte	.LLST6
 1069 0668 17       		.uleb128 0x17
 1070 0669 12000000 		.4byte	.LVL3
 1071 066d F2060000 		.4byte	0x6f2
 1072 0671 17       		.uleb128 0x17
 1073 0672 1C000000 		.4byte	.LVL4
 1074 0676 FE060000 		.4byte	0x6fe
 1075 067a 17       		.uleb128 0x17
 1076 067b 48000000 		.4byte	.LVL11
 1077 067f 0A070000 		.4byte	0x70a
 1078 0683 17       		.uleb128 0x17
ARM GAS  C:\Users\DAVIDW~1\AppData\Local\Temp\ccQIFPGG.s 			page 24


 1079 0684 76000000 		.4byte	.LVL20
 1080 0688 F2060000 		.4byte	0x6f2
 1081 068c 17       		.uleb128 0x17
 1082 068d 94000000 		.4byte	.LVL21
 1083 0691 FE060000 		.4byte	0x6fe
 1084 0695 17       		.uleb128 0x17
 1085 0696 EA000000 		.4byte	.LVL29
 1086 069a F2060000 		.4byte	0x6f2
 1087 069e 17       		.uleb128 0x17
 1088 069f 00010000 		.4byte	.LVL30
 1089 06a3 FE060000 		.4byte	0x6fe
 1090 06a7 00       		.byte	0
 1091 06a8 0E       		.uleb128 0xe
 1092 06a9 04       		.byte	0x4
 1093 06aa AE060000 		.4byte	0x6ae
 1094 06ae 0D       		.uleb128 0xd
 1095 06af 12030000 		.4byte	0x312
 1096 06b3 18       		.uleb128 0x18
 1097 06b4 C6000000 		.4byte	.LASF97
 1098 06b8 01       		.byte	0x1
 1099 06b9 35       		.byte	0x35
 1100 06ba F7000000 		.4byte	0xf7
 1101 06be 05       		.uleb128 0x5
 1102 06bf 03       		.byte	0x3
 1103 06c0 00000000 		.4byte	tunerFsm
 1104 06c4 19       		.uleb128 0x19
 1105 06c5 8C060000 		.4byte	.LASF98
 1106 06c9 08       		.byte	0x8
 1107 06ca EA07     		.2byte	0x7ea
 1108 06cc D0060000 		.4byte	0x6d0
 1109 06d0 0D       		.uleb128 0xd
 1110 06d1 AD000000 		.4byte	0xad
 1111 06d5 19       		.uleb128 0x19
 1112 06d6 5D030000 		.4byte	.LASF99
 1113 06da 06       		.byte	0x6
 1114 06db 4604     		.2byte	0x446
 1115 06dd 87040000 		.4byte	0x487
 1116 06e1 19       		.uleb128 0x19
 1117 06e2 06040000 		.4byte	.LASF100
 1118 06e6 06       		.byte	0x6
 1119 06e7 4704     		.2byte	0x447
 1120 06e9 ED060000 		.4byte	0x6ed
 1121 06ed 1A       		.uleb128 0x1a
 1122 06ee 5A050000 		.4byte	0x55a
 1123 06f2 1B       		.uleb128 0x1b
 1124 06f3 00000000 		.4byte	.LASF101
 1125 06f7 00000000 		.4byte	.LASF101
 1126 06fb 04       		.byte	0x4
 1127 06fc 4D03     		.2byte	0x34d
 1128 06fe 1B       		.uleb128 0x1b
 1129 06ff C4060000 		.4byte	.LASF102
 1130 0703 C4060000 		.4byte	.LASF102
 1131 0707 04       		.byte	0x4
 1132 0708 5C03     		.2byte	0x35c
 1133 070a 1C       		.uleb128 0x1c
 1134 070b 85040000 		.4byte	.LASF103
 1135 070f 85040000 		.4byte	.LASF103
ARM GAS  C:\Users\DAVIDW~1\AppData\Local\Temp\ccQIFPGG.s 			page 25


 1136 0713 09       		.byte	0x9
 1137 0714 3A       		.byte	0x3a
 1138 0715 00       		.byte	0
 1139              		.section	.debug_abbrev,"",%progbits
 1140              	.Ldebug_abbrev0:
 1141 0000 01       		.uleb128 0x1
 1142 0001 11       		.uleb128 0x11
 1143 0002 01       		.byte	0x1
 1144 0003 25       		.uleb128 0x25
 1145 0004 0E       		.uleb128 0xe
 1146 0005 13       		.uleb128 0x13
 1147 0006 0B       		.uleb128 0xb
 1148 0007 03       		.uleb128 0x3
 1149 0008 0E       		.uleb128 0xe
 1150 0009 1B       		.uleb128 0x1b
 1151 000a 0E       		.uleb128 0xe
 1152 000b 55       		.uleb128 0x55
 1153 000c 17       		.uleb128 0x17
 1154 000d 11       		.uleb128 0x11
 1155 000e 01       		.uleb128 0x1
 1156 000f 10       		.uleb128 0x10
 1157 0010 17       		.uleb128 0x17
 1158 0011 00       		.byte	0
 1159 0012 00       		.byte	0
 1160 0013 02       		.uleb128 0x2
 1161 0014 24       		.uleb128 0x24
 1162 0015 00       		.byte	0
 1163 0016 0B       		.uleb128 0xb
 1164 0017 0B       		.uleb128 0xb
 1165 0018 3E       		.uleb128 0x3e
 1166 0019 0B       		.uleb128 0xb
 1167 001a 03       		.uleb128 0x3
 1168 001b 0E       		.uleb128 0xe
 1169 001c 00       		.byte	0
 1170 001d 00       		.byte	0
 1171 001e 03       		.uleb128 0x3
 1172 001f 16       		.uleb128 0x16
 1173 0020 00       		.byte	0
 1174 0021 03       		.uleb128 0x3
 1175 0022 0E       		.uleb128 0xe
 1176 0023 3A       		.uleb128 0x3a
 1177 0024 0B       		.uleb128 0xb
 1178 0025 3B       		.uleb128 0x3b
 1179 0026 0B       		.uleb128 0xb
 1180 0027 49       		.uleb128 0x49
 1181 0028 13       		.uleb128 0x13
 1182 0029 00       		.byte	0
 1183 002a 00       		.byte	0
 1184 002b 04       		.uleb128 0x4
 1185 002c 24       		.uleb128 0x24
 1186 002d 00       		.byte	0
 1187 002e 0B       		.uleb128 0xb
 1188 002f 0B       		.uleb128 0xb
 1189 0030 3E       		.uleb128 0x3e
 1190 0031 0B       		.uleb128 0xb
 1191 0032 03       		.uleb128 0x3
 1192 0033 08       		.uleb128 0x8
ARM GAS  C:\Users\DAVIDW~1\AppData\Local\Temp\ccQIFPGG.s 			page 26


 1193 0034 00       		.byte	0
 1194 0035 00       		.byte	0
 1195 0036 05       		.uleb128 0x5
 1196 0037 16       		.uleb128 0x16
 1197 0038 00       		.byte	0
 1198 0039 03       		.uleb128 0x3
 1199 003a 0E       		.uleb128 0xe
 1200 003b 3A       		.uleb128 0x3a
 1201 003c 0B       		.uleb128 0xb
 1202 003d 3B       		.uleb128 0x3b
 1203 003e 05       		.uleb128 0x5
 1204 003f 49       		.uleb128 0x49
 1205 0040 13       		.uleb128 0x13
 1206 0041 00       		.byte	0
 1207 0042 00       		.byte	0
 1208 0043 06       		.uleb128 0x6
 1209 0044 01       		.uleb128 0x1
 1210 0045 01       		.byte	0x1
 1211 0046 49       		.uleb128 0x49
 1212 0047 13       		.uleb128 0x13
 1213 0048 01       		.uleb128 0x1
 1214 0049 13       		.uleb128 0x13
 1215 004a 00       		.byte	0
 1216 004b 00       		.byte	0
 1217 004c 07       		.uleb128 0x7
 1218 004d 21       		.uleb128 0x21
 1219 004e 00       		.byte	0
 1220 004f 49       		.uleb128 0x49
 1221 0050 13       		.uleb128 0x13
 1222 0051 2F       		.uleb128 0x2f
 1223 0052 0B       		.uleb128 0xb
 1224 0053 00       		.byte	0
 1225 0054 00       		.byte	0
 1226 0055 08       		.uleb128 0x8
 1227 0056 13       		.uleb128 0x13
 1228 0057 01       		.byte	0x1
 1229 0058 0B       		.uleb128 0xb
 1230 0059 0B       		.uleb128 0xb
 1231 005a 3A       		.uleb128 0x3a
 1232 005b 0B       		.uleb128 0xb
 1233 005c 3B       		.uleb128 0x3b
 1234 005d 0B       		.uleb128 0xb
 1235 005e 01       		.uleb128 0x1
 1236 005f 13       		.uleb128 0x13
 1237 0060 00       		.byte	0
 1238 0061 00       		.byte	0
 1239 0062 09       		.uleb128 0x9
 1240 0063 0D       		.uleb128 0xd
 1241 0064 00       		.byte	0
 1242 0065 03       		.uleb128 0x3
 1243 0066 0E       		.uleb128 0xe
 1244 0067 3A       		.uleb128 0x3a
 1245 0068 0B       		.uleb128 0xb
 1246 0069 3B       		.uleb128 0x3b
 1247 006a 0B       		.uleb128 0xb
 1248 006b 49       		.uleb128 0x49
 1249 006c 13       		.uleb128 0x13
ARM GAS  C:\Users\DAVIDW~1\AppData\Local\Temp\ccQIFPGG.s 			page 27


 1250 006d 38       		.uleb128 0x38
 1251 006e 0B       		.uleb128 0xb
 1252 006f 00       		.byte	0
 1253 0070 00       		.byte	0
 1254 0071 0A       		.uleb128 0xa
 1255 0072 0D       		.uleb128 0xd
 1256 0073 00       		.byte	0
 1257 0074 03       		.uleb128 0x3
 1258 0075 0E       		.uleb128 0xe
 1259 0076 3A       		.uleb128 0x3a
 1260 0077 0B       		.uleb128 0xb
 1261 0078 3B       		.uleb128 0x3b
 1262 0079 05       		.uleb128 0x5
 1263 007a 49       		.uleb128 0x49
 1264 007b 13       		.uleb128 0x13
 1265 007c 38       		.uleb128 0x38
 1266 007d 0B       		.uleb128 0xb
 1267 007e 00       		.byte	0
 1268 007f 00       		.byte	0
 1269 0080 0B       		.uleb128 0xb
 1270 0081 13       		.uleb128 0x13
 1271 0082 01       		.byte	0x1
 1272 0083 0B       		.uleb128 0xb
 1273 0084 0B       		.uleb128 0xb
 1274 0085 3A       		.uleb128 0x3a
 1275 0086 0B       		.uleb128 0xb
 1276 0087 3B       		.uleb128 0x3b
 1277 0088 05       		.uleb128 0x5
 1278 0089 01       		.uleb128 0x1
 1279 008a 13       		.uleb128 0x13
 1280 008b 00       		.byte	0
 1281 008c 00       		.byte	0
 1282 008d 0C       		.uleb128 0xc
 1283 008e 0D       		.uleb128 0xd
 1284 008f 00       		.byte	0
 1285 0090 03       		.uleb128 0x3
 1286 0091 08       		.uleb128 0x8
 1287 0092 3A       		.uleb128 0x3a
 1288 0093 0B       		.uleb128 0xb
 1289 0094 3B       		.uleb128 0x3b
 1290 0095 05       		.uleb128 0x5
 1291 0096 49       		.uleb128 0x49
 1292 0097 13       		.uleb128 0x13
 1293 0098 38       		.uleb128 0x38
 1294 0099 0B       		.uleb128 0xb
 1295 009a 00       		.byte	0
 1296 009b 00       		.byte	0
 1297 009c 0D       		.uleb128 0xd
 1298 009d 35       		.uleb128 0x35
 1299 009e 00       		.byte	0
 1300 009f 49       		.uleb128 0x49
 1301 00a0 13       		.uleb128 0x13
 1302 00a1 00       		.byte	0
 1303 00a2 00       		.byte	0
 1304 00a3 0E       		.uleb128 0xe
 1305 00a4 0F       		.uleb128 0xf
 1306 00a5 00       		.byte	0
ARM GAS  C:\Users\DAVIDW~1\AppData\Local\Temp\ccQIFPGG.s 			page 28


 1307 00a6 0B       		.uleb128 0xb
 1308 00a7 0B       		.uleb128 0xb
 1309 00a8 49       		.uleb128 0x49
 1310 00a9 13       		.uleb128 0x13
 1311 00aa 00       		.byte	0
 1312 00ab 00       		.byte	0
 1313 00ac 0F       		.uleb128 0xf
 1314 00ad 26       		.uleb128 0x26
 1315 00ae 00       		.byte	0
 1316 00af 00       		.byte	0
 1317 00b0 00       		.byte	0
 1318 00b1 10       		.uleb128 0x10
 1319 00b2 0F       		.uleb128 0xf
 1320 00b3 00       		.byte	0
 1321 00b4 0B       		.uleb128 0xb
 1322 00b5 0B       		.uleb128 0xb
 1323 00b6 00       		.byte	0
 1324 00b7 00       		.byte	0
 1325 00b8 11       		.uleb128 0x11
 1326 00b9 04       		.uleb128 0x4
 1327 00ba 01       		.byte	0x1
 1328 00bb 0B       		.uleb128 0xb
 1329 00bc 0B       		.uleb128 0xb
 1330 00bd 49       		.uleb128 0x49
 1331 00be 13       		.uleb128 0x13
 1332 00bf 3A       		.uleb128 0x3a
 1333 00c0 0B       		.uleb128 0xb
 1334 00c1 3B       		.uleb128 0x3b
 1335 00c2 0B       		.uleb128 0xb
 1336 00c3 01       		.uleb128 0x1
 1337 00c4 13       		.uleb128 0x13
 1338 00c5 00       		.byte	0
 1339 00c6 00       		.byte	0
 1340 00c7 12       		.uleb128 0x12
 1341 00c8 28       		.uleb128 0x28
 1342 00c9 00       		.byte	0
 1343 00ca 03       		.uleb128 0x3
 1344 00cb 0E       		.uleb128 0xe
 1345 00cc 1C       		.uleb128 0x1c
 1346 00cd 0B       		.uleb128 0xb
 1347 00ce 00       		.byte	0
 1348 00cf 00       		.byte	0
 1349 00d0 13       		.uleb128 0x13
 1350 00d1 2E       		.uleb128 0x2e
 1351 00d2 01       		.byte	0x1
 1352 00d3 3F       		.uleb128 0x3f
 1353 00d4 19       		.uleb128 0x19
 1354 00d5 03       		.uleb128 0x3
 1355 00d6 0E       		.uleb128 0xe
 1356 00d7 3A       		.uleb128 0x3a
 1357 00d8 0B       		.uleb128 0xb
 1358 00d9 3B       		.uleb128 0x3b
 1359 00da 0B       		.uleb128 0xb
 1360 00db 27       		.uleb128 0x27
 1361 00dc 19       		.uleb128 0x19
 1362 00dd 11       		.uleb128 0x11
 1363 00de 01       		.uleb128 0x1
ARM GAS  C:\Users\DAVIDW~1\AppData\Local\Temp\ccQIFPGG.s 			page 29


 1364 00df 12       		.uleb128 0x12
 1365 00e0 06       		.uleb128 0x6
 1366 00e1 40       		.uleb128 0x40
 1367 00e2 18       		.uleb128 0x18
 1368 00e3 9742     		.uleb128 0x2117
 1369 00e5 19       		.uleb128 0x19
 1370 00e6 01       		.uleb128 0x1
 1371 00e7 13       		.uleb128 0x13
 1372 00e8 00       		.byte	0
 1373 00e9 00       		.byte	0
 1374 00ea 14       		.uleb128 0x14
 1375 00eb 34       		.uleb128 0x34
 1376 00ec 00       		.byte	0
 1377 00ed 03       		.uleb128 0x3
 1378 00ee 0E       		.uleb128 0xe
 1379 00ef 3A       		.uleb128 0x3a
 1380 00f0 0B       		.uleb128 0xb
 1381 00f1 3B       		.uleb128 0x3b
 1382 00f2 0B       		.uleb128 0xb
 1383 00f3 49       		.uleb128 0x49
 1384 00f4 13       		.uleb128 0x13
 1385 00f5 00       		.byte	0
 1386 00f6 00       		.byte	0
 1387 00f7 15       		.uleb128 0x15
 1388 00f8 2E       		.uleb128 0x2e
 1389 00f9 01       		.byte	0x1
 1390 00fa 3F       		.uleb128 0x3f
 1391 00fb 19       		.uleb128 0x19
 1392 00fc 03       		.uleb128 0x3
 1393 00fd 0E       		.uleb128 0xe
 1394 00fe 3A       		.uleb128 0x3a
 1395 00ff 0B       		.uleb128 0xb
 1396 0100 3B       		.uleb128 0x3b
 1397 0101 0B       		.uleb128 0xb
 1398 0102 27       		.uleb128 0x27
 1399 0103 19       		.uleb128 0x19
 1400 0104 49       		.uleb128 0x49
 1401 0105 13       		.uleb128 0x13
 1402 0106 11       		.uleb128 0x11
 1403 0107 01       		.uleb128 0x1
 1404 0108 12       		.uleb128 0x12
 1405 0109 06       		.uleb128 0x6
 1406 010a 40       		.uleb128 0x40
 1407 010b 18       		.uleb128 0x18
 1408 010c 9742     		.uleb128 0x2117
 1409 010e 19       		.uleb128 0x19
 1410 010f 01       		.uleb128 0x1
 1411 0110 13       		.uleb128 0x13
 1412 0111 00       		.byte	0
 1413 0112 00       		.byte	0
 1414 0113 16       		.uleb128 0x16
 1415 0114 34       		.uleb128 0x34
 1416 0115 00       		.byte	0
 1417 0116 03       		.uleb128 0x3
 1418 0117 0E       		.uleb128 0xe
 1419 0118 3A       		.uleb128 0x3a
 1420 0119 0B       		.uleb128 0xb
ARM GAS  C:\Users\DAVIDW~1\AppData\Local\Temp\ccQIFPGG.s 			page 30


 1421 011a 3B       		.uleb128 0x3b
 1422 011b 0B       		.uleb128 0xb
 1423 011c 49       		.uleb128 0x49
 1424 011d 13       		.uleb128 0x13
 1425 011e 02       		.uleb128 0x2
 1426 011f 17       		.uleb128 0x17
 1427 0120 00       		.byte	0
 1428 0121 00       		.byte	0
 1429 0122 17       		.uleb128 0x17
 1430 0123 898201   		.uleb128 0x4109
 1431 0126 00       		.byte	0
 1432 0127 11       		.uleb128 0x11
 1433 0128 01       		.uleb128 0x1
 1434 0129 31       		.uleb128 0x31
 1435 012a 13       		.uleb128 0x13
 1436 012b 00       		.byte	0
 1437 012c 00       		.byte	0
 1438 012d 18       		.uleb128 0x18
 1439 012e 34       		.uleb128 0x34
 1440 012f 00       		.byte	0
 1441 0130 03       		.uleb128 0x3
 1442 0131 0E       		.uleb128 0xe
 1443 0132 3A       		.uleb128 0x3a
 1444 0133 0B       		.uleb128 0xb
 1445 0134 3B       		.uleb128 0x3b
 1446 0135 0B       		.uleb128 0xb
 1447 0136 49       		.uleb128 0x49
 1448 0137 13       		.uleb128 0x13
 1449 0138 02       		.uleb128 0x2
 1450 0139 18       		.uleb128 0x18
 1451 013a 00       		.byte	0
 1452 013b 00       		.byte	0
 1453 013c 19       		.uleb128 0x19
 1454 013d 34       		.uleb128 0x34
 1455 013e 00       		.byte	0
 1456 013f 03       		.uleb128 0x3
 1457 0140 0E       		.uleb128 0xe
 1458 0141 3A       		.uleb128 0x3a
 1459 0142 0B       		.uleb128 0xb
 1460 0143 3B       		.uleb128 0x3b
 1461 0144 05       		.uleb128 0x5
 1462 0145 49       		.uleb128 0x49
 1463 0146 13       		.uleb128 0x13
 1464 0147 3F       		.uleb128 0x3f
 1465 0148 19       		.uleb128 0x19
 1466 0149 3C       		.uleb128 0x3c
 1467 014a 19       		.uleb128 0x19
 1468 014b 00       		.byte	0
 1469 014c 00       		.byte	0
 1470 014d 1A       		.uleb128 0x1a
 1471 014e 26       		.uleb128 0x26
 1472 014f 00       		.byte	0
 1473 0150 49       		.uleb128 0x49
 1474 0151 13       		.uleb128 0x13
 1475 0152 00       		.byte	0
 1476 0153 00       		.byte	0
 1477 0154 1B       		.uleb128 0x1b
ARM GAS  C:\Users\DAVIDW~1\AppData\Local\Temp\ccQIFPGG.s 			page 31


 1478 0155 2E       		.uleb128 0x2e
 1479 0156 00       		.byte	0
 1480 0157 3F       		.uleb128 0x3f
 1481 0158 19       		.uleb128 0x19
 1482 0159 3C       		.uleb128 0x3c
 1483 015a 19       		.uleb128 0x19
 1484 015b 6E       		.uleb128 0x6e
 1485 015c 0E       		.uleb128 0xe
 1486 015d 03       		.uleb128 0x3
 1487 015e 0E       		.uleb128 0xe
 1488 015f 3A       		.uleb128 0x3a
 1489 0160 0B       		.uleb128 0xb
 1490 0161 3B       		.uleb128 0x3b
 1491 0162 05       		.uleb128 0x5
 1492 0163 00       		.byte	0
 1493 0164 00       		.byte	0
 1494 0165 1C       		.uleb128 0x1c
 1495 0166 2E       		.uleb128 0x2e
 1496 0167 00       		.byte	0
 1497 0168 3F       		.uleb128 0x3f
 1498 0169 19       		.uleb128 0x19
 1499 016a 3C       		.uleb128 0x3c
 1500 016b 19       		.uleb128 0x19
 1501 016c 6E       		.uleb128 0x6e
 1502 016d 0E       		.uleb128 0xe
 1503 016e 03       		.uleb128 0x3
 1504 016f 0E       		.uleb128 0xe
 1505 0170 3A       		.uleb128 0x3a
 1506 0171 0B       		.uleb128 0xb
 1507 0172 3B       		.uleb128 0x3b
 1508 0173 0B       		.uleb128 0xb
 1509 0174 00       		.byte	0
 1510 0175 00       		.byte	0
 1511 0176 00       		.byte	0
 1512              		.section	.debug_loc,"",%progbits
 1513              	.Ldebug_loc0:
 1514              	.LLST0:
 1515 0000 12000000 		.4byte	.LVL3
 1516 0004 1B000000 		.4byte	.LVL4-1
 1517 0008 0100     		.2byte	0x1
 1518 000a 50       		.byte	0x50
 1519 000b 76000000 		.4byte	.LVL20
 1520 000f 93000000 		.4byte	.LVL21-1
 1521 0013 0100     		.2byte	0x1
 1522 0015 50       		.byte	0x50
 1523 0016 EA000000 		.4byte	.LVL29
 1524 001a FF000000 		.4byte	.LVL30-1
 1525 001e 0100     		.2byte	0x1
 1526 0020 50       		.byte	0x50
 1527 0021 00000000 		.4byte	0
 1528 0025 00000000 		.4byte	0
 1529              	.LLST1:
 1530 0029 AA000000 		.4byte	.LVL23
 1531 002d D8000000 		.4byte	.LVL25
 1532 0031 0100     		.2byte	0x1
 1533 0033 53       		.byte	0x53
 1534 0034 00000000 		.4byte	0
ARM GAS  C:\Users\DAVIDW~1\AppData\Local\Temp\ccQIFPGG.s 			page 32


 1535 0038 00000000 		.4byte	0
 1536              	.LLST2:
 1537 003c B0000000 		.4byte	.LVL24
 1538 0040 E4000000 		.4byte	.LVL27
 1539 0044 0100     		.2byte	0x1
 1540 0046 52       		.byte	0x52
 1541 0047 00000000 		.4byte	0
 1542 004b 00000000 		.4byte	0
 1543              	.LLST3:
 1544 004f 02000000 		.4byte	.LVL1
 1545 0053 06000000 		.4byte	.LVL2
 1546 0057 0200     		.2byte	0x2
 1547 0059 30       		.byte	0x30
 1548 005a 9F       		.byte	0x9f
 1549 005b 06000000 		.4byte	.LVL2
 1550 005f 34000000 		.4byte	.LVL6
 1551 0063 0100     		.2byte	0x1
 1552 0065 55       		.byte	0x55
 1553 0066 38000000 		.4byte	.LVL7
 1554 006a 3A000000 		.4byte	.LVL8
 1555 006e 0200     		.2byte	0x2
 1556 0070 31       		.byte	0x31
 1557 0071 9F       		.byte	0x9f
 1558 0072 3A000000 		.4byte	.LVL8
 1559 0076 40000000 		.4byte	.LVL9
 1560 007a 0100     		.2byte	0x1
 1561 007c 55       		.byte	0x55
 1562 007d 40000000 		.4byte	.LVL9
 1563 0081 44000000 		.4byte	.LVL10
 1564 0085 0200     		.2byte	0x2
 1565 0087 31       		.byte	0x31
 1566 0088 9F       		.byte	0x9f
 1567 0089 44000000 		.4byte	.LVL10
 1568 008d 4E000000 		.4byte	.LVL12
 1569 0091 0100     		.2byte	0x1
 1570 0093 55       		.byte	0x55
 1571 0094 4E000000 		.4byte	.LVL12
 1572 0098 54000000 		.4byte	.LVL13
 1573 009c 0200     		.2byte	0x2
 1574 009e 31       		.byte	0x31
 1575 009f 9F       		.byte	0x9f
 1576 00a0 54000000 		.4byte	.LVL13
 1577 00a4 5A000000 		.4byte	.LVL14
 1578 00a8 0100     		.2byte	0x1
 1579 00aa 55       		.byte	0x55
 1580 00ab 5A000000 		.4byte	.LVL14
 1581 00af 5E000000 		.4byte	.LVL15
 1582 00b3 0200     		.2byte	0x2
 1583 00b5 31       		.byte	0x31
 1584 00b6 9F       		.byte	0x9f
 1585 00b7 5E000000 		.4byte	.LVL15
 1586 00bb 64000000 		.4byte	.LVL16
 1587 00bf 0100     		.2byte	0x1
 1588 00c1 55       		.byte	0x55
 1589 00c2 64000000 		.4byte	.LVL16
 1590 00c6 68000000 		.4byte	.LVL17
 1591 00ca 0200     		.2byte	0x2
ARM GAS  C:\Users\DAVIDW~1\AppData\Local\Temp\ccQIFPGG.s 			page 33


 1592 00cc 31       		.byte	0x31
 1593 00cd 9F       		.byte	0x9f
 1594 00ce 68000000 		.4byte	.LVL17
 1595 00d2 6E000000 		.4byte	.LVL18
 1596 00d6 0100     		.2byte	0x1
 1597 00d8 55       		.byte	0x55
 1598 00d9 6E000000 		.4byte	.LVL18
 1599 00dd 70000000 		.4byte	.LVL19
 1600 00e1 0200     		.2byte	0x2
 1601 00e3 30       		.byte	0x30
 1602 00e4 9F       		.byte	0x9f
 1603 00e5 70000000 		.4byte	.LVL19
 1604 00e9 94000000 		.4byte	.LVL21
 1605 00ed 0100     		.2byte	0x1
 1606 00ef 55       		.byte	0x55
 1607 00f0 94000000 		.4byte	.LVL21
 1608 00f4 96000000 		.4byte	.LVL22
 1609 00f8 0200     		.2byte	0x2
 1610 00fa 30       		.byte	0x30
 1611 00fb 9F       		.byte	0x9f
 1612 00fc 96000000 		.4byte	.LVL22
 1613 0100 E0000000 		.4byte	.LVL26
 1614 0104 0100     		.2byte	0x1
 1615 0106 55       		.byte	0x55
 1616 0107 00000000 		.4byte	0
 1617 010b 00000000 		.4byte	0
 1618              	.LLST4:
 1619 010f 22000000 		.4byte	.LVL5
 1620 0113 E6000000 		.4byte	.LVL28
 1621 0117 0100     		.2byte	0x1
 1622 0119 54       		.byte	0x54
 1623 011a 00000000 		.4byte	0
 1624 011e 00000000 		.4byte	0
 1625              	.LLST5:
 1626 0122 02000000 		.4byte	.LVL1
 1627 0126 06000000 		.4byte	.LVL2
 1628 012a 0200     		.2byte	0x2
 1629 012c 30       		.byte	0x30
 1630 012d 9F       		.byte	0x9f
 1631 012e 06000000 		.4byte	.LVL2
 1632 0132 48000000 		.4byte	.LVL11
 1633 0136 0100     		.2byte	0x1
 1634 0138 56       		.byte	0x56
 1635 0139 48000000 		.4byte	.LVL11
 1636 013d 54000000 		.4byte	.LVL13
 1637 0141 0200     		.2byte	0x2
 1638 0143 31       		.byte	0x31
 1639 0144 9F       		.byte	0x9f
 1640 0145 54000000 		.4byte	.LVL13
 1641 0149 04010000 		.4byte	.LVL31
 1642 014d 0100     		.2byte	0x1
 1643 014f 56       		.byte	0x56
 1644 0150 04010000 		.4byte	.LVL31
 1645 0154 10010000 		.4byte	.LFE159
 1646 0158 0100     		.2byte	0x1
 1647 015a 50       		.byte	0x50
 1648 015b 00000000 		.4byte	0
ARM GAS  C:\Users\DAVIDW~1\AppData\Local\Temp\ccQIFPGG.s 			page 34


 1649 015f 00000000 		.4byte	0
 1650              	.LLST6:
 1651 0163 E0000000 		.4byte	.LVL26
 1652 0167 E6000000 		.4byte	.LVL28
 1653 016b 0100     		.2byte	0x1
 1654 016d 55       		.byte	0x55
 1655 016e E6000000 		.4byte	.LVL28
 1656 0172 00010000 		.4byte	.LVL30
 1657 0176 0600     		.2byte	0x6
 1658 0178 75       		.byte	0x75
 1659 0179 00       		.sleb128 0
 1660 017a 74       		.byte	0x74
 1661 017b 00       		.sleb128 0
 1662 017c 22       		.byte	0x22
 1663 017d 9F       		.byte	0x9f
 1664 017e 00000000 		.4byte	0
 1665 0182 00000000 		.4byte	0
 1666              		.section	.debug_aranges,"",%progbits
 1667 0000 24000000 		.4byte	0x24
 1668 0004 0200     		.2byte	0x2
 1669 0006 00000000 		.4byte	.Ldebug_info0
 1670 000a 04       		.byte	0x4
 1671 000b 00       		.byte	0
 1672 000c 0000     		.2byte	0
 1673 000e 0000     		.2byte	0
 1674 0010 00000000 		.4byte	.LFB158
 1675 0014 14000000 		.4byte	.LFE158-.LFB158
 1676 0018 00000000 		.4byte	.LFB159
 1677 001c 10010000 		.4byte	.LFE159-.LFB159
 1678 0020 00000000 		.4byte	0
 1679 0024 00000000 		.4byte	0
 1680              		.section	.debug_ranges,"",%progbits
 1681              	.Ldebug_ranges0:
 1682 0000 00000000 		.4byte	.LFB158
 1683 0004 14000000 		.4byte	.LFE158
 1684 0008 00000000 		.4byte	.LFB159
 1685 000c 10010000 		.4byte	.LFE159
 1686 0010 00000000 		.4byte	0
 1687 0014 00000000 		.4byte	0
 1688              		.section	.debug_line,"",%progbits
 1689              	.Ldebug_line0:
 1690 0000 6A020000 		.section	.debug_str,"MS",%progbits,1
 1690      02000802 
 1690      00000201 
 1690      FB0E0D00 
 1690      01010101 
 1691              	.LASF101:
 1692 0000 43795F53 		.ascii	"Cy_SysLib_EnterCriticalSection\000"
 1692      79734C69 
 1692      625F456E 
 1692      74657243 
 1692      72697469 
 1693              	.LASF79:
 1694 001f 43617053 		.ascii	"CapSense_FLASH_STRUCT\000"
 1694      656E7365 
 1694      5F464C41 
 1694      53485F53 
ARM GAS  C:\Users\DAVIDW~1\AppData\Local\Temp\ccQIFPGG.s 			page 35


 1694      54525543 
 1695              	.LASF61:
 1696 0035 77646774 		.ascii	"wdgtList\000"
 1696      4C697374 
 1696      00
 1697              	.LASF66:
 1698 003e 736E7254 		.ascii	"snrTestRawCount\000"
 1698      65737452 
 1698      6177436F 
 1698      756E7400 
 1699              	.LASF107:
 1700 004e 43617053 		.ascii	"CapSense_TuInitialize\000"
 1700      656E7365 
 1700      5F547549 
 1700      6E697469 
 1700      616C697A 
 1701              	.LASF43:
 1702 0064 62736C6E 		.ascii	"bsln\000"
 1702      00
 1703              	.LASF91:
 1704 0069 73656E73 		.ascii	"sensorId\000"
 1704      6F724964 
 1704      00
 1705              	.LASF87:
 1706 0072 43617053 		.ascii	"CapSense_TU_CMD_ENUM\000"
 1706      656E7365 
 1706      5F54555F 
 1706      434D445F 
 1706      454E554D 
 1707              	.LASF32:
 1708 0087 6C6F7742 		.ascii	"lowBslnRst\000"
 1708      736C6E52 
 1708      737400
 1709              	.LASF45:
 1710 0092 64696666 		.ascii	"diff\000"
 1710      00
 1711              	.LASF74:
 1712 0097 746F7461 		.ascii	"totalNumSns\000"
 1712      6C4E756D 
 1712      536E7300 
 1713              	.LASF86:
 1714 00a3 43617053 		.ascii	"CapSense_TU_CMD_ONE_SCAN_E\000"
 1714      656E7365 
 1714      5F54555F 
 1714      434D445F 
 1714      4F4E455F 
 1715              	.LASF33:
 1716 00be 69646163 		.ascii	"idacMod\000"
 1716      4D6F6400 
 1717              	.LASF97:
 1718 00c6 74756E65 		.ascii	"tunerFsm\000"
 1718      7246736D 
 1718      00
 1719              	.LASF2:
 1720 00cf 73686F72 		.ascii	"short int\000"
 1720      7420696E 
 1720      7400
ARM GAS  C:\Users\DAVIDW~1\AppData\Local\Temp\ccQIFPGG.s 			page 36


 1721              	.LASF36:
 1722 00d9 43617053 		.ascii	"CapSense_RAM_WD_BUTTON_STRUCT\000"
 1722      656E7365 
 1722      5F52414D 
 1722      5F57445F 
 1722      42555454 
 1723              	.LASF31:
 1724 00f7 6F6E4465 		.ascii	"onDebounce\000"
 1724      626F756E 
 1724      636500
 1725              	.LASF17:
 1726 0102 73697A65 		.ascii	"sizetype\000"
 1726      74797065 
 1726      00
 1727              	.LASF83:
 1728 010b 43617053 		.ascii	"CapSense_TU_CMD_RESTART_E\000"
 1728      656E7365 
 1728      5F54555F 
 1728      434D445F 
 1728      52455354 
 1729              	.LASF77:
 1730 0125 43617053 		.ascii	"CapSense_FLASH_WD_STRUCT\000"
 1730      656E7365 
 1730      5F464C41 
 1730      53485F57 
 1730      445F5354 
 1731              	.LASF29:
 1732 013e 6E4E6F69 		.ascii	"nNoiseTh\000"
 1732      73655468 
 1732      00
 1733              	.LASF47:
 1734 0147 69646163 		.ascii	"idacComp\000"
 1734      436F6D70 
 1734      00
 1735              	.LASF104:
 1736 0150 474E5520 		.ascii	"GNU C11 5.4.1 20160609 (release) [ARM/embedded-5-br"
 1736      43313120 
 1736      352E342E 
 1736      31203230 
 1736      31363036 
 1737 0183 616E6368 		.ascii	"anch revision 237715] -mcpu=cortex-m4 -mfloat-abi=s"
 1737      20726576 
 1737      6973696F 
 1737      6E203233 
 1737      37373135 
 1738 01b6 6F667466 		.ascii	"oftfp -mfpu=fpv4-sp-d16 -mthumb -g -Og -ffunction-s"
 1738      70202D6D 
 1738      6670753D 
 1738      66707634 
 1738      2D73702D 
 1739 01e9 65637469 		.ascii	"ections -ffat-lto-objects\000"
 1739      6F6E7320 
 1739      2D666661 
 1739      742D6C74 
 1739      6F2D6F62 
 1740              	.LASF59:
 1741 0203 63736430 		.ascii	"csd0Config\000"
ARM GAS  C:\Users\DAVIDW~1\AppData\Local\Temp\ccQIFPGG.s 			page 37


 1741      436F6E66 
 1741      696700
 1742              	.LASF37:
 1743 020e 70726F78 		.ascii	"proxTouchTh\000"
 1743      546F7563 
 1743      68546800 
 1744              	.LASF8:
 1745 021a 5F5F7569 		.ascii	"__uint32_t\000"
 1745      6E743332 
 1745      5F7400
 1746              	.LASF35:
 1747 0225 736E7343 		.ascii	"snsClkSource\000"
 1747      6C6B536F 
 1747      75726365 
 1747      00
 1748              	.LASF4:
 1749 0232 5F5F7569 		.ascii	"__uint16_t\000"
 1749      6E743136 
 1749      5F7400
 1750              	.LASF80:
 1751 023d 43617053 		.ascii	"CapSense_TU_CMD_NONE_E\000"
 1751      656E7365 
 1751      5F54555F 
 1751      434D445F 
 1751      4E4F4E45 
 1752              	.LASF28:
 1753 0254 6E6F6973 		.ascii	"noiseTh\000"
 1753      65546800 
 1754              	.LASF51:
 1755 025c 64657669 		.ascii	"deviceId\000"
 1755      63654964 
 1755      00
 1756              	.LASF22:
 1757 0265 75696E74 		.ascii	"uint16\000"
 1757      313600
 1758              	.LASF108:
 1759 026c 43617053 		.ascii	"CapSense_RunTuner\000"
 1759      656E7365 
 1759      5F52756E 
 1759      54756E65 
 1759      7200
 1760              	.LASF72:
 1761 027e 70747232 		.ascii	"ptr2DebounceArr\000"
 1761      4465626F 
 1761      756E6365 
 1761      41727200 
 1762              	.LASF13:
 1763 028e 75696E74 		.ascii	"uint8_t\000"
 1763      385F7400 
 1764              	.LASF21:
 1765 0296 75696E74 		.ascii	"uint8\000"
 1765      3800
 1766              	.LASF34:
 1767 029c 736E7343 		.ascii	"snsClk\000"
 1767      6C6B00
 1768              	.LASF19:
 1769 02a3 666C6F61 		.ascii	"float\000"
ARM GAS  C:\Users\DAVIDW~1\AppData\Local\Temp\ccQIFPGG.s 			page 38


 1769      7400
 1770              	.LASF42:
 1771 02a9 43617053 		.ascii	"CapSense_RAM_WD_LIST_STRUCT\000"
 1771      656E7365 
 1771      5F52414D 
 1771      5F57445F 
 1771      4C495354 
 1772              	.LASF10:
 1773 02c5 6C6F6E67 		.ascii	"long long int\000"
 1773      206C6F6E 
 1773      6720696E 
 1773      7400
 1774              	.LASF85:
 1775 02d3 43617053 		.ascii	"CapSense_TU_CMD_PING_E\000"
 1775      656E7365 
 1775      5F54555F 
 1775      434D445F 
 1775      50494E47 
 1776              	.LASF41:
 1777 02ea 70726F78 		.ascii	"proximity0\000"
 1777      696D6974 
 1777      793000
 1778              	.LASF18:
 1779 02f5 63686172 		.ascii	"char\000"
 1779      00
 1780              	.LASF7:
 1781 02fa 6C6F6E67 		.ascii	"long int\000"
 1781      20696E74 
 1781      00
 1782              	.LASF75:
 1783 0303 77646774 		.ascii	"wdgtType\000"
 1783      54797065 
 1783      00
 1784              	.LASF24:
 1785 030c 43617053 		.ascii	"CapSense_THRESHOLD_TYPE\000"
 1785      656E7365 
 1785      5F544852 
 1785      4553484F 
 1785      4C445F54 
 1786              	.LASF46:
 1787 0324 6E656742 		.ascii	"negBslnRstCnt\000"
 1787      736C6E52 
 1787      7374436E 
 1787      7400
 1788              	.LASF3:
 1789 0332 5F5F7569 		.ascii	"__uint8_t\000"
 1789      6E74385F 
 1789      7400
 1790              	.LASF38:
 1791 033c 43617053 		.ascii	"CapSense_RAM_WD_PROXIMITY_STRUCT\000"
 1791      656E7365 
 1791      5F52414D 
 1791      5F57445F 
 1791      50524F58 
 1792              	.LASF99:
 1793 035d 43617053 		.ascii	"CapSense_dsRam\000"
 1793      656E7365 
ARM GAS  C:\Users\DAVIDW~1\AppData\Local\Temp\ccQIFPGG.s 			page 39


 1793      5F647352 
 1793      616D00
 1794              	.LASF27:
 1795 036c 66696E67 		.ascii	"fingerTh\000"
 1795      65725468 
 1795      00
 1796              	.LASF76:
 1797 0375 6E756D43 		.ascii	"numCols\000"
 1797      6F6C7300 
 1798              	.LASF30:
 1799 037d 68797374 		.ascii	"hysteresis\000"
 1799      65726573 
 1799      697300
 1800              	.LASF106:
 1801 0388 433A5C55 		.ascii	"C:\\Users\\David w zhang\\Desktop\\Project\\SmartLo"
 1801      73657273 
 1801      5C446176 
 1801      69642077 
 1801      207A6861 
 1802 03b6 636B5F4C 		.ascii	"ck_Lumi\\SmartLock.cydsn\000"
 1802      756D695C 
 1802      536D6172 
 1802      744C6F63 
 1802      6B2E6379 
 1803              	.LASF53:
 1804 03ce 74756E65 		.ascii	"tunerCmd\000"
 1804      72436D64 
 1804      00
 1805              	.LASF88:
 1806 03d7 6C6F6E67 		.ascii	"long double\000"
 1806      20646F75 
 1806      626C6500 
 1807              	.LASF57:
 1808 03e3 77646774 		.ascii	"wdgtStatus\000"
 1808      53746174 
 1808      757300
 1809              	.LASF96:
 1810 03ee 70747253 		.ascii	"ptrSnsTmp\000"
 1810      6E73546D 
 1810      7000
 1811              	.LASF1:
 1812 03f8 756E7369 		.ascii	"unsigned char\000"
 1812      676E6564 
 1812      20636861 
 1812      7200
 1813              	.LASF100:
 1814 0406 43617053 		.ascii	"CapSense_dsFlash\000"
 1814      656E7365 
 1814      5F647346 
 1814      6C617368 
 1814      00
 1815              	.LASF0:
 1816 0417 7369676E 		.ascii	"signed char\000"
 1816      65642063 
 1816      68617200 
 1817              	.LASF49:
 1818 0423 43617053 		.ascii	"CapSense_RAM_SNS_LIST_STRUCT\000"
ARM GAS  C:\Users\DAVIDW~1\AppData\Local\Temp\ccQIFPGG.s 			page 40


 1818      656E7365 
 1818      5F52414D 
 1818      5F534E53 
 1818      5F4C4953 
 1819              	.LASF11:
 1820 0440 6C6F6E67 		.ascii	"long long unsigned int\000"
 1820      206C6F6E 
 1820      6720756E 
 1820      7369676E 
 1820      65642069 
 1821              	.LASF48:
 1822 0457 43617053 		.ascii	"CapSense_RAM_SNS_STRUCT\000"
 1822      656E7365 
 1822      5F52414D 
 1822      5F534E53 
 1822      5F535452 
 1823              	.LASF16:
 1824 046f 75696E74 		.ascii	"uint32_t\000"
 1824      33325F74 
 1824      00
 1825              	.LASF73:
 1826 0478 73746174 		.ascii	"staticConfig\000"
 1826      6963436F 
 1826      6E666967 
 1826      00
 1827              	.LASF103:
 1828 0485 43617053 		.ascii	"CapSense_Start\000"
 1828      656E7365 
 1828      5F537461 
 1828      727400
 1829              	.LASF12:
 1830 0494 756E7369 		.ascii	"unsigned int\000"
 1830      676E6564 
 1830      20696E74 
 1830      00
 1831              	.LASF14:
 1832 04a1 75696E74 		.ascii	"uint16_t\000"
 1832      31365F74 
 1832      00
 1833              	.LASF92:
 1834 04aa 75706461 		.ascii	"updateFlag\000"
 1834      7465466C 
 1834      616700
 1835              	.LASF56:
 1836 04b5 77646774 		.ascii	"wdgtEnable\000"
 1836      456E6162 
 1836      6C6500
 1837              	.LASF55:
 1838 04c0 73746174 		.ascii	"status\000"
 1838      757300
 1839              	.LASF5:
 1840 04c7 73686F72 		.ascii	"short unsigned int\000"
 1840      7420756E 
 1840      7369676E 
 1840      65642069 
 1840      6E7400
 1841              	.LASF50:
ARM GAS  C:\Users\DAVIDW~1\AppData\Local\Temp\ccQIFPGG.s 			page 41


 1842 04da 636F6E66 		.ascii	"configId\000"
 1842      69674964 
 1842      00
 1843              	.LASF90:
 1844 04e3 77696467 		.ascii	"widgetId\000"
 1844      65744964 
 1844      00
 1845              	.LASF64:
 1846 04ec 736E7254 		.ascii	"snrTestSensorId\000"
 1846      65737453 
 1846      656E736F 
 1846      72496400 
 1847              	.LASF65:
 1848 04fc 736E7254 		.ascii	"snrTestScanCounter\000"
 1848      65737453 
 1848      63616E43 
 1848      6F756E74 
 1848      657200
 1849              	.LASF15:
 1850 050f 696E7433 		.ascii	"int32_t\000"
 1850      325F7400 
 1851              	.LASF26:
 1852 0517 7265736F 		.ascii	"resolution\000"
 1852      6C757469 
 1852      6F6E00
 1853              	.LASF62:
 1854 0522 736E734C 		.ascii	"snsList\000"
 1854      69737400 
 1855              	.LASF60:
 1856 052a 6D6F6443 		.ascii	"modCsdClk\000"
 1856      7364436C 
 1856      6B00
 1857              	.LASF54:
 1858 0534 7363616E 		.ascii	"scanCounter\000"
 1858      436F756E 
 1858      74657200 
 1859              	.LASF69:
 1860 0540 70747232 		.ascii	"ptr2WdgtRam\000"
 1860      57646774 
 1860      52616D00 
 1861              	.LASF89:
 1862 054c 696E7465 		.ascii	"interruptState\000"
 1862      72727570 
 1862      74537461 
 1862      746500
 1863              	.LASF67:
 1864 055b 43617053 		.ascii	"CapSense_RAM_STRUCT\000"
 1864      656E7365 
 1864      5F52414D 
 1864      5F535452 
 1864      55435400 
 1865              	.LASF23:
 1866 056f 75696E74 		.ascii	"uint32\000"
 1866      333200
 1867              	.LASF9:
 1868 0576 6C6F6E67 		.ascii	"long unsigned int\000"
 1868      20756E73 
ARM GAS  C:\Users\DAVIDW~1\AppData\Local\Temp\ccQIFPGG.s 			page 42


 1868      69676E65 
 1868      6420696E 
 1868      7400
 1869              	.LASF20:
 1870 0588 646F7562 		.ascii	"double\000"
 1870      6C6500
 1871              	.LASF70:
 1872 058f 70747232 		.ascii	"ptr2SnsRam\000"
 1872      536E7352 
 1872      616D00
 1873              	.LASF44:
 1874 059a 62736C6E 		.ascii	"bslnExt\000"
 1874      45787400 
 1875              	.LASF105:
 1876 05a2 47656E65 		.ascii	"Generated_Source\\PSoC6\\CapSense_Tuner.c\000"
 1876      72617465 
 1876      645F536F 
 1876      75726365 
 1876      5C50536F 
 1877              	.LASF84:
 1878 05ca 43617053 		.ascii	"CapSense_TU_CMD_RUN_SNR_TEST_E\000"
 1878      656E7365 
 1878      5F54555F 
 1878      434D445F 
 1878      52554E5F 
 1879              	.LASF95:
 1880 05e9 70747244 		.ascii	"ptrDsRam\000"
 1880      7352616D 
 1880      00
 1881              	.LASF25:
 1882 05f2 43617053 		.ascii	"CapSense_LOW_BSLN_RST_TYPE\000"
 1882      656E7365 
 1882      5F4C4F57 
 1882      5F42534C 
 1882      4E5F5253 
 1883              	.LASF52:
 1884 060d 6877436C 		.ascii	"hwClock\000"
 1884      6F636B00 
 1885              	.LASF6:
 1886 0615 5F5F696E 		.ascii	"__int32_t\000"
 1886      7433325F 
 1886      7400
 1887              	.LASF82:
 1888 061f 43617053 		.ascii	"CapSense_TU_CMD_RESUME_E\000"
 1888      656E7365 
 1888      5F54555F 
 1888      434D445F 
 1888      52455355 
 1889              	.LASF39:
 1890 0638 62757474 		.ascii	"button0\000"
 1890      6F6E3000 
 1891              	.LASF40:
 1892 0640 62757474 		.ascii	"button1\000"
 1892      6F6E3100 
 1893              	.LASF71:
 1894 0648 70747232 		.ascii	"ptr2FltrHistory\000"
 1894      466C7472 
ARM GAS  C:\Users\DAVIDW~1\AppData\Local\Temp\ccQIFPGG.s 			page 43


 1894      48697374 
 1894      6F727900 
 1895              	.LASF78:
 1896 0658 77646774 		.ascii	"wdgtArray\000"
 1896      41727261 
 1896      7900
 1897              	.LASF81:
 1898 0662 43617053 		.ascii	"CapSense_TU_CMD_SUSPEND_E\000"
 1898      656E7365 
 1898      5F54555F 
 1898      434D445F 
 1898      53555350 
 1899              	.LASF63:
 1900 067c 736E7254 		.ascii	"snrTestWidgetId\000"
 1900      65737457 
 1900      69646765 
 1900      74496400 
 1901              	.LASF98:
 1902 068c 49544D5F 		.ascii	"ITM_RxBuffer\000"
 1902      52784275 
 1902      66666572 
 1902      00
 1903              	.LASF94:
 1904 0699 74756E65 		.ascii	"tunerStatus\000"
 1904      72537461 
 1904      74757300 
 1905              	.LASF68:
 1906 06a5 70747232 		.ascii	"ptr2SnsFlash\000"
 1906      536E7346 
 1906      6C617368 
 1906      00
 1907              	.LASF58:
 1908 06b2 736E7353 		.ascii	"snsStatus\000"
 1908      74617475 
 1908      7300
 1909              	.LASF93:
 1910 06bc 636F6D6D 		.ascii	"command\000"
 1910      616E6400 
 1911              	.LASF102:
 1912 06c4 43795F53 		.ascii	"Cy_SysLib_ExitCriticalSection\000"
 1912      79734C69 
 1912      625F4578 
 1912      69744372 
 1912      69746963 
 1913              		.ident	"GCC: (GNU Tools for ARM Embedded Processors) 5.4.1 20160609 (release) [ARM/embedded-5-bran
