--------------- Build Started: 11/25/2018 18:57:28 Project: SmartLock, Configuration: ARM GCC 5.4-2016-q2-update Debug ---------------
The code generation step is up to date.
arm-none-eabi-gcc.exe -mcpu=cortex-m0plus -mthumb -I. -IGenerated_Source\PSoC6 -IGenerated_Source\PSoC6\pdl\cmsis/include/ -IGenerated_Source\PSoC6\pdl\devices/psoc6/ip/ -IGenerated_Source\PSoC6\pdl\devices/psoc6/psoc63/include/ -IGenerated_Source\PSoC6\pdl\drivers/peripheral/ -IGenerated_Source\PSoC6\pdl\middleware/ -Wa,-alh=.\CortexM0p\ARM_GCC_541\Debug/Touch.lst -g -D DEBUG -D CY_CORE_ID=0 -D CY_PSOC_CREATOR_USED=1 -D CY8C6347BZI_BLD53 -Wall -ffunction-sections -ffat-lto-objects -Og -c Touch.c -o .\CortexM0p\ARM_GCC_541\Debug\Touch.o
arm-none-eabi-gcc.exe -Wl,--start-group -o "C:\Users\David w zhang\Desktop\Project\SmartLock_Lumi\SmartLock.cydsn\CortexM0p\ARM_GCC_541\Debug\SmartLock_link.elf" Generated_Source\PSoC6\pdl\drivers\peripheral\crypto\libs\cy_crypto_client_gcc.a Generated_Source\PSoC6\pdl\drivers\peripheral\crypto\libs\cy_crypto_server_gcc_full.a .\CortexM0p\ARM_GCC_541\Debug\startup_psoc63_cm0plus.o .\CortexM0p\ARM_GCC_541\Debug\main_cm0p.o .\CortexM0p\ARM_GCC_541\Debug\system_psoc63_cm0plus.o .\CortexM0p\ARM_GCC_541\Debug\Touch.o .\CortexM0p\ARM_GCC_541\Debug\MyUart.o .\CortexM0p\ARM_GCC_541\Debug\cy_ipc_config.o .\CortexM0p\ARM_GCC_541\Debug\cy_crypto_config.o .\CortexM0p\ARM_GCC_541\Debug\cyfitter_sysint_cfg.o .\CortexM0p\ARM_GCC_541\Debug\cyfitter_cfg.o .\CortexM0p\ARM_GCC_541\Debug\cymetadata.o .\CortexM0p\ARM_GCC_541\Debug\cy_sysint.o .\CortexM0p\ARM_GCC_541\Debug\cy_ipc_drv.o .\CortexM0p\ARM_GCC_541\Debug\cy_ipc_sema.o .\CortexM0p\ARM_GCC_541\Debug\cy_ipc_pipe.o .\CortexM0p\ARM_GCC_541\Debug\cy_sysclk.o .\CortexM0p\ARM_GCC_541\Debug\cy_wdt.o .\CortexM0p\ARM_GCC_541\Debug\cy_efuse.o .\CortexM0p\ARM_GCC_541\Debug\cy_flash.o .\CortexM0p\ARM_GCC_541\Debug\cy_gpio.o .\CortexM0p\ARM_GCC_541\Debug\cy_sysanalog.o .\CortexM0p\ARM_GCC_541\Debug\cy_syspm.o .\CortexM0p\ARM_GCC_541\Debug\cy_syslib.o .\CortexM0p\ARM_GCC_541\Debug\cy_syslib_gcc.o .\CortexM0p\ARM_GCC_541\Debug\cy_trigmux.o .\CortexM0p\ARM_GCC_541\Debug\cy_systick.o .\CortexM0p\ARM_GCC_541\Debug\cy_profile.o .\CortexM0p\ARM_GCC_541\Debug\cy_prot.o .\CortexM0p\ARM_GCC_541\Debug\cy_lvd.o .\CortexM0p\ARM_GCC_541\Debug\cy_scb_common.o .\CortexM0p\ARM_GCC_541\Debug\cy_scb_i2c.o .\CortexM0p\ARM_GCC_541\Debug\cy_scb_ezi2c.o .\CortexM0p\ARM_GCC_541\Debug\cy_scb_spi.o .\CortexM0p\ARM_GCC_541\Debug\cy_scb_uart.o .\CortexM0p\ARM_GCC_541\Debug\cy_ble_clk.o .\CortexM0p\ARM_GCC_541\Debug\UART.o .\CortexM0p\ARM_GCC_541\Debug\CapSense_Control.o .\CortexM0p\ARM_GCC_541\Debug\CapSense_Processing.o .\CortexM0p\ARM_GCC_541\Debug\CapSense_Structure.o .\CortexM0p\ARM_GCC_541\Debug\CapSense_Tuner.o .\CortexM0p\ARM_GCC_541\Debug\CapSense_Filter.o .\CortexM0p\ARM_GCC_541\Debug\CapSense_Sensing.o .\CortexM0p\ARM_GCC_541\Debug\CapSense_INT.o .\CortexM0p\ARM_GCC_541\Debug\CapSense_SensingCSD_LL.o .\CortexM0p\ARM_GCC_541\Debug\SCB.o "E:\Program Files\Cypress\PSoC Creator\4.2\PSoC Creator\psoc\content\CyComponentLibrary\CyComponentLibrary.cylib\CapSense_v2_0\Library\CapSense_Library_GCC_M0p.a" -mcpu=cortex-m0plus -mthumb -L Generated_Source\PSoC6 -Wl,-Map,.\CortexM0p\ARM_GCC_541\Debug/SmartLock.map -T cy8c6xx7_cm0plus.ld -specs=nano.specs -Wl,--gc-sections -g -ffunction-sections -Og -ffat-lto-objects -Wl,--end-group
"E:\Program Files\Cypress\PDL\PDL\3.0.3\tools\win\elf\cymcuelftool.exe" --sign "C:\Users\David w zhang\Desktop\Project\SmartLock_Lumi\SmartLock.cydsn\CortexM0p\ARM_GCC_541\Debug\SmartLock_link.elf" --output "C:\Users\David w zhang\Desktop\Project\SmartLock_Lumi\SmartLock.cydsn\CortexM0p\ARM_GCC_541\Debug\SmartLock.elf" --hex "C:\Users\David w zhang\Desktop\Project\SmartLock_Lumi\SmartLock.cydsn\CortexM0p\ARM_GCC_541\Debug\SmartLock.hex"
No ELF section .cychecksum found, creating one
Application checksum calculated and stored in ELF section .cychecksum
Checksum calculated and stored in ELF section .cymeta
The compile step is up to date, no work needs to be done.
The link step is up to date, no work needs to be done.
"E:\Program Files\Cypress\PDL\PDL\3.0.3\tools\win\elf\cymcuelftool.exe" --sign "C:\Users\David w zhang\Desktop\Project\SmartLock_Lumi\SmartLock.cydsn\CortexM4\ARM_GCC_541\Debug\SmartLock_link.elf" --output "C:\Users\David w zhang\Desktop\Project\SmartLock_Lumi\SmartLock.cydsn\CortexM4\ARM_GCC_541\Debug\SmartLock_signed.elf" --hex "C:\Users\David w zhang\Desktop\Project\SmartLock_Lumi\SmartLock.cydsn\CortexM4\ARM_GCC_541\Debug\SmartLock_signed.hex"
No ELF section .cychecksum found, creating one
Application checksum calculated and stored in ELF section .cychecksum
Checksum calculated and stored in ELF section .cymeta
"E:\Program Files\Cypress\PDL\PDL\3.0.3\tools\win\elf\cymcuelftool.exe" --merge "C:\Users\David w zhang\Desktop\Project\SmartLock_Lumi\SmartLock.cydsn\CortexM4\ARM_GCC_541\Debug\SmartLock_signed.elf" "C:\Users\David w zhang\Desktop\Project\SmartLock_Lumi\SmartLock.cydsn\CortexM0p\ARM_GCC_541\Debug\SmartLock.elf" --output "C:\Users\David w zhang\Desktop\Project\SmartLock_Lumi\SmartLock.cydsn\CortexM4\ARM_GCC_541\Debug\SmartLock.elf" --hex "C:\Users\David w zhang\Desktop\Project\SmartLock_Lumi\SmartLock.cydsn\CortexM4\ARM_GCC_541\Debug\SmartLock.hex"
Application checksum calculated and stored in ELF section .cychecksum
Checksum calculated and stored in ELF section .cymeta
"E:\Program Files\Cypress\PDL\PDL\3.0.3\tools\win\elf\cymcuelftool.exe" -A "C:\Users\David w zhang\Desktop\Project\SmartLock_Lumi\SmartLock.cydsn\CortexM4\ARM_GCC_541\Debug\SmartLock.elf"
code:24432	sram:1868
--------------- Build Succeeded: 11/25/2018 18:57:31 ---------------
