ARM GAS  C:\Users\DAVIDW~1\AppData\Local\Temp\ccy0DtqO.s 			page 1


   1              		.syntax unified
   2              		.cpu cortex-m0plus
   3              		.fpu softvfp
   4              		.eabi_attribute 20, 1
   5              		.eabi_attribute 21, 1
   6              		.eabi_attribute 23, 3
   7              		.eabi_attribute 24, 1
   8              		.eabi_attribute 25, 1
   9              		.eabi_attribute 26, 1
  10              		.eabi_attribute 30, 1
  11              		.eabi_attribute 34, 0
  12              		.eabi_attribute 18, 4
  13              		.thumb
  14              		.syntax unified
  15              		.file	"CapSense_Tuner.c"
  16              		.text
  17              	.Ltext0:
  18              		.cfi_sections	.debug_frame
  19              		.section	.text.CapSense_TuInitialize,"ax",%progbits
  20              		.align	2
  21              		.global	CapSense_TuInitialize
  22              		.code	16
  23              		.thumb_func
  24              		.type	CapSense_TuInitialize, %function
  25              	CapSense_TuInitialize:
  26              	.LFB69:
  27              		.file 1 "Generated_Source\\PSoC6\\CapSense_Tuner.c"
   1:Generated_Source\PSoC6/CapSense_Tuner.c **** /***************************************************************************//**
   2:Generated_Source\PSoC6/CapSense_Tuner.c **** * \file CapSense_Tuner.c
   3:Generated_Source\PSoC6/CapSense_Tuner.c **** * \version 2.0
   4:Generated_Source\PSoC6/CapSense_Tuner.c **** *
   5:Generated_Source\PSoC6/CapSense_Tuner.c **** * \brief
   6:Generated_Source\PSoC6/CapSense_Tuner.c **** *   This file provides the source code for the Tuner module API of the 
   7:Generated_Source\PSoC6/CapSense_Tuner.c **** *   Component.
   8:Generated_Source\PSoC6/CapSense_Tuner.c **** *
   9:Generated_Source\PSoC6/CapSense_Tuner.c **** * \see CapSense v2.0 Datasheet
  10:Generated_Source\PSoC6/CapSense_Tuner.c **** *
  11:Generated_Source\PSoC6/CapSense_Tuner.c **** *//*****************************************************************************
  12:Generated_Source\PSoC6/CapSense_Tuner.c **** * Copyright (2016-2017), Cypress Semiconductor Corporation.
  13:Generated_Source\PSoC6/CapSense_Tuner.c **** ********************************************************************************
  14:Generated_Source\PSoC6/CapSense_Tuner.c **** * This software is owned by Cypress Semiconductor Corporation (Cypress) and is
  15:Generated_Source\PSoC6/CapSense_Tuner.c **** * protected by and subject to worldwide patent protection (United States and
  16:Generated_Source\PSoC6/CapSense_Tuner.c **** * foreign), United States copyright laws and international treaty provisions.
  17:Generated_Source\PSoC6/CapSense_Tuner.c **** * Cypress hereby grants to licensee a personal, non-exclusive, non-transferable
  18:Generated_Source\PSoC6/CapSense_Tuner.c **** * license to copy, use, modify, create derivative works of, and compile the
  19:Generated_Source\PSoC6/CapSense_Tuner.c **** * Cypress Source Code and derivative works for the sole purpose of creating
  20:Generated_Source\PSoC6/CapSense_Tuner.c **** * custom software in support of licensee product to be used only in conjunction
  21:Generated_Source\PSoC6/CapSense_Tuner.c **** * with a Cypress integrated circuit as specified in the applicable agreement.
  22:Generated_Source\PSoC6/CapSense_Tuner.c **** * Any reproduction, modification, translation, compilation, or representation of
  23:Generated_Source\PSoC6/CapSense_Tuner.c **** * this software except as specified above is prohibited without the express
  24:Generated_Source\PSoC6/CapSense_Tuner.c **** * written permission of Cypress.
  25:Generated_Source\PSoC6/CapSense_Tuner.c **** *
  26:Generated_Source\PSoC6/CapSense_Tuner.c **** * Disclaimer: CYPRESS MAKES NO WARRANTY OF ANY KIND, EXPRESS OR IMPLIED, WITH
  27:Generated_Source\PSoC6/CapSense_Tuner.c **** * REGARD TO THIS MATERIAL, INCLUDING, BUT NOT LIMITED TO, THE IMPLIED
  28:Generated_Source\PSoC6/CapSense_Tuner.c **** * WARRANTIES OF MERCHANTABILITY AND FITNESS FOR A PARTICULAR PURPOSE.
  29:Generated_Source\PSoC6/CapSense_Tuner.c **** * Cypress reserves the right to make changes without further notice to the
  30:Generated_Source\PSoC6/CapSense_Tuner.c **** * materials described herein. Cypress does not assume any liability arising out
ARM GAS  C:\Users\DAVIDW~1\AppData\Local\Temp\ccy0DtqO.s 			page 2


  31:Generated_Source\PSoC6/CapSense_Tuner.c **** * of the application or use of any product or circuit described herein. Cypress
  32:Generated_Source\PSoC6/CapSense_Tuner.c **** * does not authorize its products for use as critical components in life-support
  33:Generated_Source\PSoC6/CapSense_Tuner.c **** * systems where a malfunction or failure may reasonably be expected to result in
  34:Generated_Source\PSoC6/CapSense_Tuner.c **** * significant injury to the user. The inclusion of Cypress' product in a life-
  35:Generated_Source\PSoC6/CapSense_Tuner.c **** * support systems application implies that the manufacturer assumes all risk of
  36:Generated_Source\PSoC6/CapSense_Tuner.c **** * such use and in doing so indemnifies Cypress against all charges. Use may be
  37:Generated_Source\PSoC6/CapSense_Tuner.c **** * limited by and subject to the applicable Cypress software license agreement.
  38:Generated_Source\PSoC6/CapSense_Tuner.c **** *******************************************************************************/
  39:Generated_Source\PSoC6/CapSense_Tuner.c **** 
  40:Generated_Source\PSoC6/CapSense_Tuner.c **** #include "syslib/cy_syslib.h"
  41:Generated_Source\PSoC6/CapSense_Tuner.c **** #include "CapSense_Structure.h"
  42:Generated_Source\PSoC6/CapSense_Tuner.c **** #include "CapSense_Tuner.h"
  43:Generated_Source\PSoC6/CapSense_Tuner.c **** #include "CapSense_Control.h"
  44:Generated_Source\PSoC6/CapSense_Tuner.c **** #include "CapSense_Configuration.h"
  45:Generated_Source\PSoC6/CapSense_Tuner.c **** 
  46:Generated_Source\PSoC6/CapSense_Tuner.c **** /* Tuner states definition */
  47:Generated_Source\PSoC6/CapSense_Tuner.c **** #define TU_FSM_RUNNING      (0u)
  48:Generated_Source\PSoC6/CapSense_Tuner.c **** #define TU_FSM_SUSPENDED    (1u)
  49:Generated_Source\PSoC6/CapSense_Tuner.c **** #define TU_FSM_SNR_TEST     (2u)
  50:Generated_Source\PSoC6/CapSense_Tuner.c **** #define TU_FSM_ONE_SCAN     (3u)
  51:Generated_Source\PSoC6/CapSense_Tuner.c **** 
  52:Generated_Source\PSoC6/CapSense_Tuner.c **** /* Tuner state variable */
  53:Generated_Source\PSoC6/CapSense_Tuner.c **** static uint32 tunerFsm = TU_FSM_RUNNING;
  54:Generated_Source\PSoC6/CapSense_Tuner.c **** 
  55:Generated_Source\PSoC6/CapSense_Tuner.c **** 
  56:Generated_Source\PSoC6/CapSense_Tuner.c **** /*******************************************************************************
  57:Generated_Source\PSoC6/CapSense_Tuner.c **** * Function Name: CapSense_TuInitialize
  58:Generated_Source\PSoC6/CapSense_Tuner.c **** ****************************************************************************//**
  59:Generated_Source\PSoC6/CapSense_Tuner.c **** *
  60:Generated_Source\PSoC6/CapSense_Tuner.c **** * \brief
  61:Generated_Source\PSoC6/CapSense_Tuner.c **** *   This function initializes the communication interface with the Tuner GUI.
  62:Generated_Source\PSoC6/CapSense_Tuner.c **** *
  63:Generated_Source\PSoC6/CapSense_Tuner.c **** * \details
  64:Generated_Source\PSoC6/CapSense_Tuner.c **** *   This API sets the tuner state machine to the default state. It is called by
  65:Generated_Source\PSoC6/CapSense_Tuner.c **** *   the CapSense_Start() API.
  66:Generated_Source\PSoC6/CapSense_Tuner.c **** *
  67:Generated_Source\PSoC6/CapSense_Tuner.c **** *******************************************************************************/
  68:Generated_Source\PSoC6/CapSense_Tuner.c **** void CapSense_TuInitialize(void)
  69:Generated_Source\PSoC6/CapSense_Tuner.c **** {
  28              		.loc 1 69 0
  29              		.cfi_startproc
  30              		@ args = 0, pretend = 0, frame = 0
  31              		@ frame_needed = 0, uses_anonymous_args = 0
  32              		@ link register save eliminated.
  33              	.LVL0:
  70:Generated_Source\PSoC6/CapSense_Tuner.c ****     volatile CapSense_RAM_STRUCT *ptrDsRam = &CapSense_dsRam;
  71:Generated_Source\PSoC6/CapSense_Tuner.c **** 
  72:Generated_Source\PSoC6/CapSense_Tuner.c ****     ptrDsRam->tunerCmd = (uint16)CapSense_TU_CMD_NONE_E;
  34              		.loc 1 72 0
  35 0000 0023     		movs	r3, #0
  36 0002 024A     		ldr	r2, .L2
  37 0004 D380     		strh	r3, [r2, #6]
  73:Generated_Source\PSoC6/CapSense_Tuner.c ****     tunerFsm = TU_FSM_RUNNING;
  38              		.loc 1 73 0
  39 0006 024A     		ldr	r2, .L2+4
  40 0008 1360     		str	r3, [r2]
  74:Generated_Source\PSoC6/CapSense_Tuner.c **** }
ARM GAS  C:\Users\DAVIDW~1\AppData\Local\Temp\ccy0DtqO.s 			page 3


  41              		.loc 1 74 0
  42              		@ sp needed
  43 000a 7047     		bx	lr
  44              	.L3:
  45              		.align	2
  46              	.L2:
  47 000c 00000000 		.word	CapSense_dsRam
  48 0010 00000000 		.word	.LANCHOR0
  49              		.cfi_endproc
  50              	.LFE69:
  51              		.size	CapSense_TuInitialize, .-CapSense_TuInitialize
  52              		.section	.text.CapSense_RunTuner,"ax",%progbits
  53              		.align	2
  54              		.global	CapSense_RunTuner
  55              		.code	16
  56              		.thumb_func
  57              		.type	CapSense_RunTuner, %function
  58              	CapSense_RunTuner:
  59              	.LFB70:
  75:Generated_Source\PSoC6/CapSense_Tuner.c **** 
  76:Generated_Source\PSoC6/CapSense_Tuner.c **** /*******************************************************************************
  77:Generated_Source\PSoC6/CapSense_Tuner.c **** * Function Name: CapSense_RunTuner
  78:Generated_Source\PSoC6/CapSense_Tuner.c **** ****************************************************************************//**
  79:Generated_Source\PSoC6/CapSense_Tuner.c **** *
  80:Generated_Source\PSoC6/CapSense_Tuner.c **** * \brief
  81:Generated_Source\PSoC6/CapSense_Tuner.c **** *  Establishes synchronized communication with the Tuner application.
  82:Generated_Source\PSoC6/CapSense_Tuner.c **** *
  83:Generated_Source\PSoC6/CapSense_Tuner.c **** * \details
  84:Generated_Source\PSoC6/CapSense_Tuner.c **** *  This function is used to establish synchronized communication between the
  85:Generated_Source\PSoC6/CapSense_Tuner.c **** *  CapSense Component and Tuner application (or other host controllers).
  86:Generated_Source\PSoC6/CapSense_Tuner.c **** *  This function is called periodically in the application program loop
  87:Generated_Source\PSoC6/CapSense_Tuner.c **** *  to serve the Tuner application (or host controller) requests and commands.
  88:Generated_Source\PSoC6/CapSense_Tuner.c **** *  In most cases, the best place to call this function is after processing and
  89:Generated_Source\PSoC6/CapSense_Tuner.c **** *  before next scanning.
  90:Generated_Source\PSoC6/CapSense_Tuner.c **** *
  91:Generated_Source\PSoC6/CapSense_Tuner.c **** *  If this function is absent in the application program, then communication is
  92:Generated_Source\PSoC6/CapSense_Tuner.c **** *  asynchronous and the following disadvantages are applicable:
  93:Generated_Source\PSoC6/CapSense_Tuner.c **** *    - The raw counts displayed in the tuner may be filtered and/or unfiltered.
  94:Generated_Source\PSoC6/CapSense_Tuner.c **** *      As a result, noise and SNR measurements will not be accurate.
  95:Generated_Source\PSoC6/CapSense_Tuner.c **** *    - The Tuner tool may read the sensor data such as raw counts from a scan
  96:Generated_Source\PSoC6/CapSense_Tuner.c **** *      multiple times, as a result, noise and SNR measurement will not be
  97:Generated_Source\PSoC6/CapSense_Tuner.c **** *      accurate.
  98:Generated_Source\PSoC6/CapSense_Tuner.c **** *    - The Tuner tool and host controller should not change the Component parameters
  99:Generated_Source\PSoC6/CapSense_Tuner.c **** *      via the tuner interface. Changing the Component parameters via the tuner
 100:Generated_Source\PSoC6/CapSense_Tuner.c **** *      interface in the async mode will result in Component abnormal behavior.
 101:Generated_Source\PSoC6/CapSense_Tuner.c **** *
 102:Generated_Source\PSoC6/CapSense_Tuner.c **** *  Note that calling this function is not mandatory for the application, but
 103:Generated_Source\PSoC6/CapSense_Tuner.c **** *  required only to synchronize the communication with the host controller or
 104:Generated_Source\PSoC6/CapSense_Tuner.c **** *  tuner application.
 105:Generated_Source\PSoC6/CapSense_Tuner.c **** *
 106:Generated_Source\PSoC6/CapSense_Tuner.c **** * \return
 107:Generated_Source\PSoC6/CapSense_Tuner.c **** *  In some cases, the application program may need to know if the Component was
 108:Generated_Source\PSoC6/CapSense_Tuner.c **** *  re-initialized. The return indicates if a restart command was executed or not:
 109:Generated_Source\PSoC6/CapSense_Tuner.c **** *    - CapSense_STATUS_RESTART_DONE - Based on a received command, the
 110:Generated_Source\PSoC6/CapSense_Tuner.c **** *      Component was restarted.
 111:Generated_Source\PSoC6/CapSense_Tuner.c **** *    -  CapSense_STATUS_RESTART_NONE - No restart was executed by this
 112:Generated_Source\PSoC6/CapSense_Tuner.c **** *      function.
ARM GAS  C:\Users\DAVIDW~1\AppData\Local\Temp\ccy0DtqO.s 			page 4


 113:Generated_Source\PSoC6/CapSense_Tuner.c **** *
 114:Generated_Source\PSoC6/CapSense_Tuner.c **** *******************************************************************************/
 115:Generated_Source\PSoC6/CapSense_Tuner.c **** uint32 CapSense_RunTuner(void)
 116:Generated_Source\PSoC6/CapSense_Tuner.c **** {
  60              		.loc 1 116 0
  61              		.cfi_startproc
  62              		@ args = 0, pretend = 0, frame = 0
  63              		@ frame_needed = 0, uses_anonymous_args = 0
  64 0000 70B5     		push	{r4, r5, r6, lr}
  65              		.cfi_def_cfa_offset 16
  66              		.cfi_offset 4, -16
  67              		.cfi_offset 5, -12
  68              		.cfi_offset 6, -8
  69              		.cfi_offset 14, -4
  70              	.LVL1:
 117:Generated_Source\PSoC6/CapSense_Tuner.c ****     uint32 interruptState;
 118:Generated_Source\PSoC6/CapSense_Tuner.c ****     uint32 widgetId;
 119:Generated_Source\PSoC6/CapSense_Tuner.c ****     uint32 sensorId;
 120:Generated_Source\PSoC6/CapSense_Tuner.c ****     uint32 updateFlag = 0Lu;
 121:Generated_Source\PSoC6/CapSense_Tuner.c ****     CapSense_TU_CMD_ENUM command;
 122:Generated_Source\PSoC6/CapSense_Tuner.c ****     uint32 tunerStatus = CapSense_STATUS_RESTART_NONE;
  71              		.loc 1 122 0
  72 0002 0025     		movs	r5, #0
 120:Generated_Source\PSoC6/CapSense_Tuner.c ****     CapSense_TU_CMD_ENUM command;
  73              		.loc 1 120 0
  74 0004 0026     		movs	r6, #0
  75              	.LVL2:
  76              	.L16:
 123:Generated_Source\PSoC6/CapSense_Tuner.c **** 
 124:Generated_Source\PSoC6/CapSense_Tuner.c ****     volatile CapSense_RAM_STRUCT *ptrDsRam;
 125:Generated_Source\PSoC6/CapSense_Tuner.c ****     volatile CapSense_RAM_SNS_STRUCT *ptrSnsTmp;
 126:Generated_Source\PSoC6/CapSense_Tuner.c **** 
 127:Generated_Source\PSoC6/CapSense_Tuner.c ****     ptrDsRam = &CapSense_dsRam;
 128:Generated_Source\PSoC6/CapSense_Tuner.c **** 
 129:Generated_Source\PSoC6/CapSense_Tuner.c ****     do
 130:Generated_Source\PSoC6/CapSense_Tuner.c ****     {
 131:Generated_Source\PSoC6/CapSense_Tuner.c ****         /* ONE_SCAN command could be interpreted as two commands:
 132:Generated_Source\PSoC6/CapSense_Tuner.c ****         * RESUME till next call of this function and then
 133:Generated_Source\PSoC6/CapSense_Tuner.c ****         * SUSPEND till next command receiving.
 134:Generated_Source\PSoC6/CapSense_Tuner.c ****         */
 135:Generated_Source\PSoC6/CapSense_Tuner.c ****         if (TU_FSM_ONE_SCAN == tunerFsm)
  77              		.loc 1 135 0
  78 0006 3F4B     		ldr	r3, .L18
  79 0008 1B68     		ldr	r3, [r3]
  80 000a 032B     		cmp	r3, #3
  81 000c 06D1     		bne	.L5
 136:Generated_Source\PSoC6/CapSense_Tuner.c ****         {
 137:Generated_Source\PSoC6/CapSense_Tuner.c ****             interruptState = Cy_SysLib_EnterCriticalSection();
  82              		.loc 1 137 0
  83 000e FFF7FEFF 		bl	Cy_SysLib_EnterCriticalSection
  84              	.LVL3:
 138:Generated_Source\PSoC6/CapSense_Tuner.c ****             ptrDsRam->tunerCmd = (uint16)CapSense_TU_CMD_SUSPEND_E;
  85              		.loc 1 138 0
  86 0012 0122     		movs	r2, #1
  87 0014 3C4B     		ldr	r3, .L18+4
  88 0016 DA80     		strh	r2, [r3, #6]
 139:Generated_Source\PSoC6/CapSense_Tuner.c ****             Cy_SysLib_ExitCriticalSection(interruptState);
ARM GAS  C:\Users\DAVIDW~1\AppData\Local\Temp\ccy0DtqO.s 			page 5


  89              		.loc 1 139 0
  90 0018 FFF7FEFF 		bl	Cy_SysLib_ExitCriticalSection
  91              	.LVL4:
  92              	.L5:
 140:Generated_Source\PSoC6/CapSense_Tuner.c ****         }
 141:Generated_Source\PSoC6/CapSense_Tuner.c ****         command = (CapSense_TU_CMD_ENUM)ptrDsRam->tunerCmd;
  93              		.loc 1 141 0
  94 001c 3A4B     		ldr	r3, .L18+4
  95 001e DC88     		ldrh	r4, [r3, #6]
  96 0020 E4B2     		uxtb	r4, r4
  97              	.LVL5:
 142:Generated_Source\PSoC6/CapSense_Tuner.c **** 
 143:Generated_Source\PSoC6/CapSense_Tuner.c ****         /* Check command register */
 144:Generated_Source\PSoC6/CapSense_Tuner.c ****         switch (command)
  98              		.loc 1 144 0
  99 0022 062C     		cmp	r4, #6
 100 0024 23D8     		bhi	.L6
 101 0026 A300     		lsls	r3, r4, #2
 102 0028 384A     		ldr	r2, .L18+8
 103 002a D358     		ldr	r3, [r2, r3]
 104 002c 9F46     		mov	pc, r3
 105              		.section	.rodata
 106              		.align	2
 107              	.L8:
 108 0000 6E000000 		.word	.L6
 109 0004 2E000000 		.word	.L7
 110 0008 38000000 		.word	.L9
 111 000c 42000000 		.word	.L10
 112 0010 52000000 		.word	.L11
 113 0014 5C000000 		.word	.L12
 114 0018 66000000 		.word	.L13
 115              		.section	.text.CapSense_RunTuner
 116              	.L7:
 145:Generated_Source\PSoC6/CapSense_Tuner.c ****         {
 146:Generated_Source\PSoC6/CapSense_Tuner.c ****         case CapSense_TU_CMD_SUSPEND_E:
 147:Generated_Source\PSoC6/CapSense_Tuner.c ****             tunerFsm = TU_FSM_SUSPENDED;
 117              		.loc 1 147 0
 118 002e 0122     		movs	r2, #1
 119 0030 344B     		ldr	r3, .L18
 120 0032 1A60     		str	r2, [r3]
 121              	.LVL6:
 148:Generated_Source\PSoC6/CapSense_Tuner.c ****             updateFlag = 1Lu;
 122              		.loc 1 148 0
 123 0034 0126     		movs	r6, #1
 149:Generated_Source\PSoC6/CapSense_Tuner.c ****             break;
 124              		.loc 1 149 0
 125 0036 1AE0     		b	.L6
 126              	.LVL7:
 127              	.L9:
 150:Generated_Source\PSoC6/CapSense_Tuner.c **** 
 151:Generated_Source\PSoC6/CapSense_Tuner.c ****         case CapSense_TU_CMD_RESUME_E:
 152:Generated_Source\PSoC6/CapSense_Tuner.c ****             tunerFsm = TU_FSM_RUNNING;
 128              		.loc 1 152 0
 129 0038 0022     		movs	r2, #0
 130 003a 324B     		ldr	r3, .L18
 131 003c 1A60     		str	r2, [r3]
 132              	.LVL8:
ARM GAS  C:\Users\DAVIDW~1\AppData\Local\Temp\ccy0DtqO.s 			page 6


 153:Generated_Source\PSoC6/CapSense_Tuner.c ****             updateFlag = 1Lu;
 133              		.loc 1 153 0
 134 003e 0126     		movs	r6, #1
 154:Generated_Source\PSoC6/CapSense_Tuner.c ****             break;
 135              		.loc 1 154 0
 136 0040 15E0     		b	.L6
 137              	.LVL9:
 138              	.L10:
 155:Generated_Source\PSoC6/CapSense_Tuner.c **** 
 156:Generated_Source\PSoC6/CapSense_Tuner.c ****         case CapSense_TU_CMD_RESTART_E:
 157:Generated_Source\PSoC6/CapSense_Tuner.c ****             (void)CapSense_Start();
 139              		.loc 1 157 0
 140 0042 FFF7FEFF 		bl	CapSense_Start
 141              	.LVL10:
 158:Generated_Source\PSoC6/CapSense_Tuner.c ****             tunerStatus = CapSense_STATUS_RESTART_DONE;
 159:Generated_Source\PSoC6/CapSense_Tuner.c ****             tunerFsm = TU_FSM_RUNNING;
 142              		.loc 1 159 0
 143 0046 0022     		movs	r2, #0
 144 0048 2E4B     		ldr	r3, .L18
 145 004a 1A60     		str	r2, [r3]
 146              	.LVL11:
 158:Generated_Source\PSoC6/CapSense_Tuner.c ****             tunerStatus = CapSense_STATUS_RESTART_DONE;
 147              		.loc 1 158 0
 148 004c 0125     		movs	r5, #1
 160:Generated_Source\PSoC6/CapSense_Tuner.c ****             updateFlag = 1Lu;
 149              		.loc 1 160 0
 150 004e 0126     		movs	r6, #1
 161:Generated_Source\PSoC6/CapSense_Tuner.c ****             break;
 151              		.loc 1 161 0
 152 0050 0DE0     		b	.L6
 153              	.LVL12:
 154              	.L11:
 162:Generated_Source\PSoC6/CapSense_Tuner.c **** 
 163:Generated_Source\PSoC6/CapSense_Tuner.c ****         case CapSense_TU_CMD_RUN_SNR_TEST_E:
 164:Generated_Source\PSoC6/CapSense_Tuner.c ****             tunerFsm = TU_FSM_SNR_TEST;
 155              		.loc 1 164 0
 156 0052 0222     		movs	r2, #2
 157 0054 2B4B     		ldr	r3, .L18
 158 0056 1A60     		str	r2, [r3]
 159              	.LVL13:
 165:Generated_Source\PSoC6/CapSense_Tuner.c ****             updateFlag = 1Lu;
 160              		.loc 1 165 0
 161 0058 0126     		movs	r6, #1
 166:Generated_Source\PSoC6/CapSense_Tuner.c ****             break;
 162              		.loc 1 166 0
 163 005a 08E0     		b	.L6
 164              	.LVL14:
 165              	.L12:
 167:Generated_Source\PSoC6/CapSense_Tuner.c **** 
 168:Generated_Source\PSoC6/CapSense_Tuner.c ****         case CapSense_TU_CMD_PING_E:
 169:Generated_Source\PSoC6/CapSense_Tuner.c ****             tunerFsm = TU_FSM_RUNNING;
 166              		.loc 1 169 0
 167 005c 0022     		movs	r2, #0
 168 005e 294B     		ldr	r3, .L18
 169 0060 1A60     		str	r2, [r3]
 170              	.LVL15:
 170:Generated_Source\PSoC6/CapSense_Tuner.c ****             updateFlag = 1Lu;
ARM GAS  C:\Users\DAVIDW~1\AppData\Local\Temp\ccy0DtqO.s 			page 7


 171              		.loc 1 170 0
 172 0062 0126     		movs	r6, #1
 171:Generated_Source\PSoC6/CapSense_Tuner.c ****             break;
 173              		.loc 1 171 0
 174 0064 03E0     		b	.L6
 175              	.LVL16:
 176              	.L13:
 172:Generated_Source\PSoC6/CapSense_Tuner.c **** 
 173:Generated_Source\PSoC6/CapSense_Tuner.c ****         case CapSense_TU_CMD_ONE_SCAN_E:
 174:Generated_Source\PSoC6/CapSense_Tuner.c ****             tunerFsm = TU_FSM_ONE_SCAN;
 177              		.loc 1 174 0
 178 0066 0322     		movs	r2, #3
 179 0068 264B     		ldr	r3, .L18
 180 006a 1A60     		str	r2, [r3]
 181              	.LVL17:
 175:Generated_Source\PSoC6/CapSense_Tuner.c ****             updateFlag = 0Lu;
 182              		.loc 1 175 0
 183 006c 0026     		movs	r6, #0
 184              	.LVL18:
 185              	.L6:
 176:Generated_Source\PSoC6/CapSense_Tuner.c ****             break;
 177:Generated_Source\PSoC6/CapSense_Tuner.c **** 
 178:Generated_Source\PSoC6/CapSense_Tuner.c ****         default:
 179:Generated_Source\PSoC6/CapSense_Tuner.c ****             break;
 180:Generated_Source\PSoC6/CapSense_Tuner.c ****         }
 181:Generated_Source\PSoC6/CapSense_Tuner.c **** 
 182:Generated_Source\PSoC6/CapSense_Tuner.c ****         /* Set Complete flag in command register if needed */
 183:Generated_Source\PSoC6/CapSense_Tuner.c ****         if (0Lu != updateFlag)
 186              		.loc 1 183 0
 187 006e 002E     		cmp	r6, #0
 188 0070 0FD0     		beq	.L14
 184:Generated_Source\PSoC6/CapSense_Tuner.c ****         {
 185:Generated_Source\PSoC6/CapSense_Tuner.c ****             interruptState = Cy_SysLib_EnterCriticalSection();
 189              		.loc 1 185 0
 190 0072 FFF7FEFF 		bl	Cy_SysLib_EnterCriticalSection
 191              	.LVL19:
 186:Generated_Source\PSoC6/CapSense_Tuner.c **** 
 187:Generated_Source\PSoC6/CapSense_Tuner.c ****             /* Check if command wasn't overwritten with new command */
 188:Generated_Source\PSoC6/CapSense_Tuner.c ****             if (command == (CapSense_TU_CMD_ENUM)ptrDsRam->tunerCmd)
 192              		.loc 1 188 0
 193 0076 244B     		ldr	r3, .L18+4
 194 0078 DB88     		ldrh	r3, [r3, #6]
 195 007a DBB2     		uxtb	r3, r3
 196 007c 9C42     		cmp	r4, r3
 197 007e 05D1     		bne	.L15
 189:Generated_Source\PSoC6/CapSense_Tuner.c ****             {
 190:Generated_Source\PSoC6/CapSense_Tuner.c ****                 ptrDsRam->tunerCmd |= CapSense_TU_CMD_COMPLETE_BIT;
 198              		.loc 1 190 0
 199 0080 214A     		ldr	r2, .L18+4
 200 0082 D188     		ldrh	r1, [r2, #6]
 201 0084 224B     		ldr	r3, .L18+12
 202 0086 0B43     		orrs	r3, r1
 203 0088 9BB2     		uxth	r3, r3
 204 008a D380     		strh	r3, [r2, #6]
 205              	.L15:
 191:Generated_Source\PSoC6/CapSense_Tuner.c ****             }
 192:Generated_Source\PSoC6/CapSense_Tuner.c ****             Cy_SysLib_ExitCriticalSection(interruptState);
ARM GAS  C:\Users\DAVIDW~1\AppData\Local\Temp\ccy0DtqO.s 			page 8


 206              		.loc 1 192 0
 207 008c FFF7FEFF 		bl	Cy_SysLib_ExitCriticalSection
 208              	.LVL20:
 193:Generated_Source\PSoC6/CapSense_Tuner.c **** 
 194:Generated_Source\PSoC6/CapSense_Tuner.c ****             updateFlag = 0Lu;
 209              		.loc 1 194 0
 210 0090 0026     		movs	r6, #0
 211              	.LVL21:
 212              	.L14:
 195:Generated_Source\PSoC6/CapSense_Tuner.c ****         }
 196:Generated_Source\PSoC6/CapSense_Tuner.c ****     } while (TU_FSM_SUSPENDED == tunerFsm);
 213              		.loc 1 196 0
 214 0092 1C4B     		ldr	r3, .L18
 215 0094 1B68     		ldr	r3, [r3]
 216 0096 012B     		cmp	r3, #1
 217 0098 B5D0     		beq	.L16
 197:Generated_Source\PSoC6/CapSense_Tuner.c **** 
 198:Generated_Source\PSoC6/CapSense_Tuner.c ****     /* Check for SNR Test mode and do appropriate actions */
 199:Generated_Source\PSoC6/CapSense_Tuner.c ****     if (TU_FSM_SNR_TEST == tunerFsm)
 218              		.loc 1 199 0
 219 009a 022B     		cmp	r3, #2
 220 009c 2FD1     		bne	.L17
 200:Generated_Source\PSoC6/CapSense_Tuner.c ****     {
 201:Generated_Source\PSoC6/CapSense_Tuner.c ****         widgetId = ptrDsRam->snrTestWidgetId;
 221              		.loc 1 201 0
 222 009e 1A4A     		ldr	r2, .L18+4
 223 00a0 CC33     		adds	r3, r3, #204
 224 00a2 D35C     		ldrb	r3, [r2, r3]
 225 00a4 DBB2     		uxtb	r3, r3
 226              	.LVL22:
 202:Generated_Source\PSoC6/CapSense_Tuner.c ****         sensorId = ptrDsRam->snrTestSensorId;
 227              		.loc 1 202 0
 228 00a6 CF21     		movs	r1, #207
 229 00a8 525C     		ldrb	r2, [r2, r1]
 230 00aa D2B2     		uxtb	r2, r2
 231              	.LVL23:
 203:Generated_Source\PSoC6/CapSense_Tuner.c **** 
 204:Generated_Source\PSoC6/CapSense_Tuner.c ****         /* Check if widgetId and sensorId are in range,
 205:Generated_Source\PSoC6/CapSense_Tuner.c ****          * and data was updated in RAM (scan counter changed)
 206:Generated_Source\PSoC6/CapSense_Tuner.c ****          */
 207:Generated_Source\PSoC6/CapSense_Tuner.c ****         if ((widgetId < CapSense_TOTAL_WIDGETS)              &&
 232              		.loc 1 207 0
 233 00ac 022B     		cmp	r3, #2
 234 00ae 26D8     		bhi	.L17
 208:Generated_Source\PSoC6/CapSense_Tuner.c ****             (sensorId < CapSense_GET_SENSOR_COUNT(widgetId)) &&
 235              		.loc 1 208 0 discriminator 1
 236 00b0 D800     		lsls	r0, r3, #3
 237 00b2 C01A     		subs	r0, r0, r3
 238 00b4 8100     		lsls	r1, r0, #2
 239 00b6 1748     		ldr	r0, .L18+16
 240 00b8 4118     		adds	r1, r0, r1
 241 00ba 098B     		ldrh	r1, [r1, #24]
 207:Generated_Source\PSoC6/CapSense_Tuner.c ****             (sensorId < CapSense_GET_SENSOR_COUNT(widgetId)) &&
 242              		.loc 1 207 0 discriminator 1
 243 00bc 8A42     		cmp	r2, r1
 244 00be 1ED2     		bcs	.L17
 209:Generated_Source\PSoC6/CapSense_Tuner.c ****             (ptrDsRam->scanCounter != ptrDsRam->snrTestScanCounter))
ARM GAS  C:\Users\DAVIDW~1\AppData\Local\Temp\ccy0DtqO.s 			page 9


 245              		.loc 1 209 0
 246 00c0 1149     		ldr	r1, .L18+4
 247 00c2 0889     		ldrh	r0, [r1, #8]
 248 00c4 80B2     		uxth	r0, r0
 249 00c6 D024     		movs	r4, #208
 250              	.LVL24:
 251 00c8 095B     		ldrh	r1, [r1, r4]
 252 00ca 89B2     		uxth	r1, r1
 208:Generated_Source\PSoC6/CapSense_Tuner.c ****             (sensorId < CapSense_GET_SENSOR_COUNT(widgetId)) &&
 253              		.loc 1 208 0
 254 00cc 8842     		cmp	r0, r1
 255 00ce 16D0     		beq	.L17
 210:Generated_Source\PSoC6/CapSense_Tuner.c ****         {
 211:Generated_Source\PSoC6/CapSense_Tuner.c ****             /* Get access to the Sensor Object */
 212:Generated_Source\PSoC6/CapSense_Tuner.c ****             ptrSnsTmp = CapSense_dsFlash.wdgtArray[widgetId].ptr2SnsRam;
 256              		.loc 1 212 0
 257 00d0 D900     		lsls	r1, r3, #3
 258 00d2 CB1A     		subs	r3, r1, r3
 259              	.LVL25:
 260 00d4 9900     		lsls	r1, r3, #2
 261 00d6 0F4B     		ldr	r3, .L18+16
 262 00d8 5918     		adds	r1, r3, r1
 263 00da 8C68     		ldr	r4, [r1, #8]
 264              	.LVL26:
 213:Generated_Source\PSoC6/CapSense_Tuner.c ****             ptrSnsTmp += sensorId;
 265              		.loc 1 213 0
 266 00dc 9300     		lsls	r3, r2, #2
 267 00de 9A18     		adds	r2, r3, r2
 268              	.LVL27:
 269 00e0 5300     		lsls	r3, r2, #1
 270 00e2 E418     		adds	r4, r4, r3
 271              	.LVL28:
 214:Generated_Source\PSoC6/CapSense_Tuner.c **** 
 215:Generated_Source\PSoC6/CapSense_Tuner.c ****             /* Update data in SNR Test Object */
 216:Generated_Source\PSoC6/CapSense_Tuner.c ****             interruptState = Cy_SysLib_EnterCriticalSection();
 272              		.loc 1 216 0
 273 00e4 FFF7FEFF 		bl	Cy_SysLib_EnterCriticalSection
 274              	.LVL29:
 217:Generated_Source\PSoC6/CapSense_Tuner.c ****             ptrDsRam->snrTestScanCounter = ptrDsRam->scanCounter;
 275              		.loc 1 217 0
 276 00e8 074B     		ldr	r3, .L18+4
 277 00ea 1A89     		ldrh	r2, [r3, #8]
 278 00ec 92B2     		uxth	r2, r2
 279 00ee D021     		movs	r1, #208
 280 00f0 5A52     		strh	r2, [r3, r1]
 218:Generated_Source\PSoC6/CapSense_Tuner.c ****             ptrDsRam->snrTestRawCount[0u] = ptrSnsTmp->raw[0u];
 281              		.loc 1 218 0
 282 00f2 2288     		ldrh	r2, [r4]
 283 00f4 92B2     		uxth	r2, r2
 284 00f6 0231     		adds	r1, r1, #2
 285 00f8 5A52     		strh	r2, [r3, r1]
 219:Generated_Source\PSoC6/CapSense_Tuner.c **** 
 220:Generated_Source\PSoC6/CapSense_Tuner.c ****             #if (0u != CapSense_MULTI_FREQ_SCAN_EN)
 221:Generated_Source\PSoC6/CapSense_Tuner.c ****                 ptrDsRam->snrTestRawCount[1u] = ptrSnsTmp->raw[1u];
 222:Generated_Source\PSoC6/CapSense_Tuner.c ****                 ptrDsRam->snrTestRawCount[2u] = ptrSnsTmp->raw[2u];
 223:Generated_Source\PSoC6/CapSense_Tuner.c ****             #endif
 224:Generated_Source\PSoC6/CapSense_Tuner.c **** 
ARM GAS  C:\Users\DAVIDW~1\AppData\Local\Temp\ccy0DtqO.s 			page 10


 225:Generated_Source\PSoC6/CapSense_Tuner.c ****             Cy_SysLib_ExitCriticalSection(interruptState);
 286              		.loc 1 225 0
 287 00fa FFF7FEFF 		bl	Cy_SysLib_ExitCriticalSection
 288              	.LVL30:
 289              	.L17:
 226:Generated_Source\PSoC6/CapSense_Tuner.c ****         }
 227:Generated_Source\PSoC6/CapSense_Tuner.c ****     }
 228:Generated_Source\PSoC6/CapSense_Tuner.c ****     return tunerStatus;
 229:Generated_Source\PSoC6/CapSense_Tuner.c **** }
 290              		.loc 1 229 0
 291 00fe 2800     		movs	r0, r5
 292              		@ sp needed
 293              	.LVL31:
 294              	.LVL32:
 295 0100 70BD     		pop	{r4, r5, r6, pc}
 296              	.L19:
 297 0102 C046     		.align	2
 298              	.L18:
 299 0104 00000000 		.word	.LANCHOR0
 300 0108 00000000 		.word	CapSense_dsRam
 301 010c 00000000 		.word	.L8
 302 0110 0080FFFF 		.word	-32768
 303 0114 00000000 		.word	CapSense_dsFlash
 304              		.cfi_endproc
 305              	.LFE70:
 306              		.size	CapSense_RunTuner, .-CapSense_RunTuner
 307              		.bss
 308              		.align	2
 309              		.set	.LANCHOR0,. + 0
 310              		.type	tunerFsm, %object
 311              		.size	tunerFsm, 4
 312              	tunerFsm:
 313 0000 00000000 		.space	4
 314              		.text
 315              	.Letext0:
 316              		.file 2 "e:\\program files\\cypress\\psoc creator\\4.2\\psoc creator\\import\\gnu\\arm\\5.4.1\\arm
 317              		.file 3 "e:\\program files\\cypress\\psoc creator\\4.2\\psoc creator\\import\\gnu\\arm\\5.4.1\\arm
 318              		.file 4 "Generated_Source\\PSoC6\\pdl\\drivers/peripheral/syslib/cy_syslib.h"
 319              		.file 5 "Generated_Source\\PSoC6\\CapSense_Configuration.h"
 320              		.file 6 "Generated_Source\\PSoC6\\CapSense_Structure.h"
 321              		.file 7 "Generated_Source\\PSoC6\\CapSense_Tuner.h"
 322              		.file 8 "Generated_Source\\PSoC6\\CapSense_Control.h"
 323              		.section	.debug_info,"",%progbits
 324              	.Ldebug_info0:
 325 0000 EB060000 		.4byte	0x6eb
 326 0004 0400     		.2byte	0x4
 327 0006 00000000 		.4byte	.Ldebug_abbrev0
 328 000a 04       		.byte	0x4
 329 000b 01       		.uleb128 0x1
 330 000c 3E010000 		.4byte	.LASF101
 331 0010 0C       		.byte	0xc
 332 0011 6E050000 		.4byte	.LASF102
 333 0015 67030000 		.4byte	.LASF103
 334 0019 00000000 		.4byte	.Ldebug_ranges0+0
 335 001d 00000000 		.4byte	0
 336 0021 00000000 		.4byte	.Ldebug_line0
 337 0025 02       		.uleb128 0x2
ARM GAS  C:\Users\DAVIDW~1\AppData\Local\Temp\ccy0DtqO.s 			page 11


 338 0026 01       		.byte	0x1
 339 0027 06       		.byte	0x6
 340 0028 F6030000 		.4byte	.LASF0
 341 002c 03       		.uleb128 0x3
 342 002d 11030000 		.4byte	.LASF3
 343 0031 02       		.byte	0x2
 344 0032 1D       		.byte	0x1d
 345 0033 37000000 		.4byte	0x37
 346 0037 02       		.uleb128 0x2
 347 0038 01       		.byte	0x1
 348 0039 08       		.byte	0x8
 349 003a D7030000 		.4byte	.LASF1
 350 003e 02       		.uleb128 0x2
 351 003f 02       		.byte	0x2
 352 0040 05       		.byte	0x5
 353 0041 CF000000 		.4byte	.LASF2
 354 0045 03       		.uleb128 0x3
 355 0046 11020000 		.4byte	.LASF4
 356 004a 02       		.byte	0x2
 357 004b 2B       		.byte	0x2b
 358 004c 50000000 		.4byte	0x50
 359 0050 02       		.uleb128 0x2
 360 0051 02       		.byte	0x2
 361 0052 07       		.byte	0x7
 362 0053 9B040000 		.4byte	.LASF5
 363 0057 02       		.uleb128 0x2
 364 0058 04       		.byte	0x4
 365 0059 05       		.byte	0x5
 366 005a D9020000 		.4byte	.LASF6
 367 005e 03       		.uleb128 0x3
 368 005f F9010000 		.4byte	.LASF7
 369 0063 02       		.byte	0x2
 370 0064 41       		.byte	0x41
 371 0065 69000000 		.4byte	0x69
 372 0069 02       		.uleb128 0x2
 373 006a 04       		.byte	0x4
 374 006b 07       		.byte	0x7
 375 006c 42050000 		.4byte	.LASF8
 376 0070 02       		.uleb128 0x2
 377 0071 08       		.byte	0x8
 378 0072 05       		.byte	0x5
 379 0073 A4020000 		.4byte	.LASF9
 380 0077 02       		.uleb128 0x2
 381 0078 08       		.byte	0x8
 382 0079 07       		.byte	0x7
 383 007a 1F040000 		.4byte	.LASF10
 384 007e 04       		.uleb128 0x4
 385 007f 04       		.byte	0x4
 386 0080 05       		.byte	0x5
 387 0081 696E7400 		.ascii	"int\000"
 388 0085 02       		.uleb128 0x2
 389 0086 04       		.byte	0x4
 390 0087 07       		.byte	0x7
 391 0088 73040000 		.4byte	.LASF11
 392 008c 03       		.uleb128 0x3
 393 008d 6D020000 		.4byte	.LASF12
 394 0091 03       		.byte	0x3
ARM GAS  C:\Users\DAVIDW~1\AppData\Local\Temp\ccy0DtqO.s 			page 12


 395 0092 18       		.byte	0x18
 396 0093 2C000000 		.4byte	0x2c
 397 0097 03       		.uleb128 0x3
 398 0098 80040000 		.4byte	.LASF13
 399 009c 03       		.byte	0x3
 400 009d 24       		.byte	0x24
 401 009e 45000000 		.4byte	0x45
 402 00a2 03       		.uleb128 0x3
 403 00a3 4E040000 		.4byte	.LASF14
 404 00a7 03       		.byte	0x3
 405 00a8 30       		.byte	0x30
 406 00a9 5E000000 		.4byte	0x5e
 407 00ad 02       		.uleb128 0x2
 408 00ae 04       		.byte	0x4
 409 00af 07       		.byte	0x7
 410 00b0 02010000 		.4byte	.LASF15
 411 00b4 02       		.uleb128 0x2
 412 00b5 01       		.byte	0x1
 413 00b6 08       		.byte	0x8
 414 00b7 D4020000 		.4byte	.LASF16
 415 00bb 02       		.uleb128 0x2
 416 00bc 04       		.byte	0x4
 417 00bd 04       		.byte	0x4
 418 00be 82020000 		.4byte	.LASF17
 419 00c2 02       		.uleb128 0x2
 420 00c3 08       		.byte	0x8
 421 00c4 04       		.byte	0x4
 422 00c5 54050000 		.4byte	.LASF18
 423 00c9 05       		.uleb128 0x5
 424 00ca 75020000 		.4byte	.LASF19
 425 00ce 04       		.byte	0x4
 426 00cf 8503     		.2byte	0x385
 427 00d1 8C000000 		.4byte	0x8c
 428 00d5 05       		.uleb128 0x5
 429 00d6 44020000 		.4byte	.LASF20
 430 00da 04       		.byte	0x4
 431 00db 8603     		.2byte	0x386
 432 00dd 97000000 		.4byte	0x97
 433 00e1 05       		.uleb128 0x5
 434 00e2 3B050000 		.4byte	.LASF21
 435 00e6 04       		.byte	0x4
 436 00e7 8703     		.2byte	0x387
 437 00e9 A2000000 		.4byte	0xa2
 438 00ed 03       		.uleb128 0x3
 439 00ee EB020000 		.4byte	.LASF22
 440 00f2 05       		.byte	0x5
 441 00f3 EA       		.byte	0xea
 442 00f4 D5000000 		.4byte	0xd5
 443 00f8 03       		.uleb128 0x3
 444 00f9 BE050000 		.4byte	.LASF23
 445 00fd 05       		.byte	0x5
 446 00fe EE       		.byte	0xee
 447 00ff C9000000 		.4byte	0xc9
 448 0103 06       		.uleb128 0x6
 449 0104 C9000000 		.4byte	0xc9
 450 0108 13010000 		.4byte	0x113
 451 010c 07       		.uleb128 0x7
ARM GAS  C:\Users\DAVIDW~1\AppData\Local\Temp\ccy0DtqO.s 			page 13


 452 010d AD000000 		.4byte	0xad
 453 0111 00       		.byte	0
 454 0112 00       		.byte	0
 455 0113 08       		.uleb128 0x8
 456 0114 0E       		.byte	0xe
 457 0115 06       		.byte	0x6
 458 0116 CE       		.byte	0xce
 459 0117 96010000 		.4byte	0x196
 460 011b 09       		.uleb128 0x9
 461 011c E3040000 		.4byte	.LASF24
 462 0120 06       		.byte	0x6
 463 0121 D4       		.byte	0xd4
 464 0122 D5000000 		.4byte	0xd5
 465 0126 00       		.byte	0
 466 0127 09       		.uleb128 0x9
 467 0128 4B030000 		.4byte	.LASF25
 468 012c 06       		.byte	0x6
 469 012d D9       		.byte	0xd9
 470 012e ED000000 		.4byte	0xed
 471 0132 02       		.byte	0x2
 472 0133 09       		.uleb128 0x9
 473 0134 33020000 		.4byte	.LASF26
 474 0138 06       		.byte	0x6
 475 0139 DE       		.byte	0xde
 476 013a C9000000 		.4byte	0xc9
 477 013e 04       		.byte	0x4
 478 013f 09       		.uleb128 0x9
 479 0140 D0010000 		.4byte	.LASF27
 480 0144 06       		.byte	0x6
 481 0145 E3       		.byte	0xe3
 482 0146 C9000000 		.4byte	0xc9
 483 014a 05       		.byte	0x5
 484 014b 09       		.uleb128 0x9
 485 014c 5C030000 		.4byte	.LASF28
 486 0150 06       		.byte	0x6
 487 0151 E8       		.byte	0xe8
 488 0152 C9000000 		.4byte	0xc9
 489 0156 06       		.byte	0x6
 490 0157 09       		.uleb128 0x9
 491 0158 F7000000 		.4byte	.LASF29
 492 015c 06       		.byte	0x6
 493 015d ED       		.byte	0xed
 494 015e C9000000 		.4byte	0xc9
 495 0162 07       		.byte	0x7
 496 0163 09       		.uleb128 0x9
 497 0164 87000000 		.4byte	.LASF30
 498 0168 06       		.byte	0x6
 499 0169 F4       		.byte	0xf4
 500 016a F8000000 		.4byte	0xf8
 501 016e 08       		.byte	0x8
 502 016f 09       		.uleb128 0x9
 503 0170 BE000000 		.4byte	.LASF31
 504 0174 06       		.byte	0x6
 505 0175 FC       		.byte	0xfc
 506 0176 03010000 		.4byte	0x103
 507 017a 09       		.byte	0x9
 508 017b 0A       		.uleb128 0xa
ARM GAS  C:\Users\DAVIDW~1\AppData\Local\Temp\ccy0DtqO.s 			page 14


 509 017c 7B020000 		.4byte	.LASF32
 510 0180 06       		.byte	0x6
 511 0181 0501     		.2byte	0x105
 512 0183 D5000000 		.4byte	0xd5
 513 0187 0A       		.byte	0xa
 514 0188 0A       		.uleb128 0xa
 515 0189 04020000 		.4byte	.LASF33
 516 018d 06       		.byte	0x6
 517 018e 0A01     		.2byte	0x10a
 518 0190 C9000000 		.4byte	0xc9
 519 0194 0C       		.byte	0xc
 520 0195 00       		.byte	0
 521 0196 05       		.uleb128 0x5
 522 0197 D9000000 		.4byte	.LASF34
 523 019b 06       		.byte	0x6
 524 019c 0B01     		.2byte	0x10b
 525 019e 13010000 		.4byte	0x113
 526 01a2 0B       		.uleb128 0xb
 527 01a3 10       		.byte	0x10
 528 01a4 06       		.byte	0x6
 529 01a5 1001     		.2byte	0x110
 530 01a7 3B020000 		.4byte	0x23b
 531 01ab 0A       		.uleb128 0xa
 532 01ac E3040000 		.4byte	.LASF24
 533 01b0 06       		.byte	0x6
 534 01b1 1601     		.2byte	0x116
 535 01b3 D5000000 		.4byte	0xd5
 536 01b7 00       		.byte	0
 537 01b8 0A       		.uleb128 0xa
 538 01b9 4B030000 		.4byte	.LASF25
 539 01bd 06       		.byte	0x6
 540 01be 1B01     		.2byte	0x11b
 541 01c0 ED000000 		.4byte	0xed
 542 01c4 02       		.byte	0x2
 543 01c5 0A       		.uleb128 0xa
 544 01c6 33020000 		.4byte	.LASF26
 545 01ca 06       		.byte	0x6
 546 01cb 2001     		.2byte	0x120
 547 01cd C9000000 		.4byte	0xc9
 548 01d1 04       		.byte	0x4
 549 01d2 0A       		.uleb128 0xa
 550 01d3 D0010000 		.4byte	.LASF27
 551 01d7 06       		.byte	0x6
 552 01d8 2501     		.2byte	0x125
 553 01da C9000000 		.4byte	0xc9
 554 01de 05       		.byte	0x5
 555 01df 0A       		.uleb128 0xa
 556 01e0 5C030000 		.4byte	.LASF28
 557 01e4 06       		.byte	0x6
 558 01e5 2A01     		.2byte	0x12a
 559 01e7 C9000000 		.4byte	0xc9
 560 01eb 06       		.byte	0x6
 561 01ec 0A       		.uleb128 0xa
 562 01ed F7000000 		.4byte	.LASF29
 563 01f1 06       		.byte	0x6
 564 01f2 2F01     		.2byte	0x12f
 565 01f4 C9000000 		.4byte	0xc9
ARM GAS  C:\Users\DAVIDW~1\AppData\Local\Temp\ccy0DtqO.s 			page 15


 566 01f8 07       		.byte	0x7
 567 01f9 0A       		.uleb128 0xa
 568 01fa 87000000 		.4byte	.LASF30
 569 01fe 06       		.byte	0x6
 570 01ff 3601     		.2byte	0x136
 571 0201 F8000000 		.4byte	0xf8
 572 0205 08       		.byte	0x8
 573 0206 0A       		.uleb128 0xa
 574 0207 BE000000 		.4byte	.LASF31
 575 020b 06       		.byte	0x6
 576 020c 3E01     		.2byte	0x13e
 577 020e 03010000 		.4byte	0x103
 578 0212 09       		.byte	0x9
 579 0213 0A       		.uleb128 0xa
 580 0214 7B020000 		.4byte	.LASF32
 581 0218 06       		.byte	0x6
 582 0219 4701     		.2byte	0x147
 583 021b D5000000 		.4byte	0xd5
 584 021f 0A       		.byte	0xa
 585 0220 0A       		.uleb128 0xa
 586 0221 04020000 		.4byte	.LASF33
 587 0225 06       		.byte	0x6
 588 0226 4C01     		.2byte	0x14c
 589 0228 C9000000 		.4byte	0xc9
 590 022c 0C       		.byte	0xc
 591 022d 0A       		.uleb128 0xa
 592 022e ED010000 		.4byte	.LASF35
 593 0232 06       		.byte	0x6
 594 0233 5101     		.2byte	0x151
 595 0235 ED000000 		.4byte	0xed
 596 0239 0E       		.byte	0xe
 597 023a 00       		.byte	0
 598 023b 05       		.uleb128 0x5
 599 023c 1B030000 		.4byte	.LASF36
 600 0240 06       		.byte	0x6
 601 0241 5201     		.2byte	0x152
 602 0243 A2010000 		.4byte	0x1a2
 603 0247 0B       		.uleb128 0xb
 604 0248 2C       		.byte	0x2c
 605 0249 06       		.byte	0x6
 606 024a 5801     		.2byte	0x158
 607 024c 78020000 		.4byte	0x278
 608 0250 0A       		.uleb128 0xa
 609 0251 05060000 		.4byte	.LASF37
 610 0255 06       		.byte	0x6
 611 0256 5D01     		.2byte	0x15d
 612 0258 96010000 		.4byte	0x196
 613 025c 00       		.byte	0
 614 025d 0A       		.uleb128 0xa
 615 025e 0D060000 		.4byte	.LASF38
 616 0262 06       		.byte	0x6
 617 0263 6201     		.2byte	0x162
 618 0265 96010000 		.4byte	0x196
 619 0269 0E       		.byte	0xe
 620 026a 0A       		.uleb128 0xa
 621 026b C9020000 		.4byte	.LASF39
 622 026f 06       		.byte	0x6
ARM GAS  C:\Users\DAVIDW~1\AppData\Local\Temp\ccy0DtqO.s 			page 16


 623 0270 6701     		.2byte	0x167
 624 0272 3B020000 		.4byte	0x23b
 625 0276 1C       		.byte	0x1c
 626 0277 00       		.byte	0
 627 0278 05       		.uleb128 0x5
 628 0279 88020000 		.4byte	.LASF40
 629 027d 06       		.byte	0x6
 630 027e 6801     		.2byte	0x168
 631 0280 47020000 		.4byte	0x247
 632 0284 0B       		.uleb128 0xb
 633 0285 0A       		.byte	0xa
 634 0286 06       		.byte	0x6
 635 0287 6E01     		.2byte	0x16e
 636 0289 DC020000 		.4byte	0x2dc
 637 028d 0C       		.uleb128 0xc
 638 028e 72617700 		.ascii	"raw\000"
 639 0292 06       		.byte	0x6
 640 0293 7301     		.2byte	0x173
 641 0295 DC020000 		.4byte	0x2dc
 642 0299 00       		.byte	0
 643 029a 0A       		.uleb128 0xa
 644 029b 64000000 		.4byte	.LASF41
 645 029f 06       		.byte	0x6
 646 02a0 7801     		.2byte	0x178
 647 02a2 DC020000 		.4byte	0x2dc
 648 02a6 02       		.byte	0x2
 649 02a7 0A       		.uleb128 0xa
 650 02a8 66050000 		.4byte	.LASF42
 651 02ac 06       		.byte	0x6
 652 02ad 7E01     		.2byte	0x17e
 653 02af 03010000 		.4byte	0x103
 654 02b3 04       		.byte	0x4
 655 02b4 0A       		.uleb128 0xa
 656 02b5 92000000 		.4byte	.LASF43
 657 02b9 06       		.byte	0x6
 658 02ba 8301     		.2byte	0x183
 659 02bc ED000000 		.4byte	0xed
 660 02c0 06       		.byte	0x6
 661 02c1 0A       		.uleb128 0xa
 662 02c2 03030000 		.4byte	.LASF44
 663 02c6 06       		.byte	0x6
 664 02c7 8801     		.2byte	0x188
 665 02c9 EC020000 		.4byte	0x2ec
 666 02cd 08       		.byte	0x8
 667 02ce 0A       		.uleb128 0xa
 668 02cf D9010000 		.4byte	.LASF45
 669 02d3 06       		.byte	0x6
 670 02d4 8E01     		.2byte	0x18e
 671 02d6 03010000 		.4byte	0x103
 672 02da 09       		.byte	0x9
 673 02db 00       		.byte	0
 674 02dc 06       		.uleb128 0x6
 675 02dd D5000000 		.4byte	0xd5
 676 02e1 EC020000 		.4byte	0x2ec
 677 02e5 07       		.uleb128 0x7
 678 02e6 AD000000 		.4byte	0xad
 679 02ea 00       		.byte	0
ARM GAS  C:\Users\DAVIDW~1\AppData\Local\Temp\ccy0DtqO.s 			page 17


 680 02eb 00       		.byte	0
 681 02ec 06       		.uleb128 0x6
 682 02ed F8000000 		.4byte	0xf8
 683 02f1 FC020000 		.4byte	0x2fc
 684 02f5 07       		.uleb128 0x7
 685 02f6 AD000000 		.4byte	0xad
 686 02fa 00       		.byte	0
 687 02fb 00       		.byte	0
 688 02fc 05       		.uleb128 0x5
 689 02fd 36040000 		.4byte	.LASF46
 690 0301 06       		.byte	0x6
 691 0302 8F01     		.2byte	0x18f
 692 0304 84020000 		.4byte	0x284
 693 0308 0B       		.uleb128 0xb
 694 0309 82       		.byte	0x82
 695 030a 06       		.byte	0x6
 696 030b 9501     		.2byte	0x195
 697 030d 39030000 		.4byte	0x339
 698 0311 0A       		.uleb128 0xa
 699 0312 05060000 		.4byte	.LASF37
 700 0316 06       		.byte	0x6
 701 0317 9A01     		.2byte	0x19a
 702 0319 39030000 		.4byte	0x339
 703 031d 00       		.byte	0
 704 031e 0A       		.uleb128 0xa
 705 031f 0D060000 		.4byte	.LASF38
 706 0323 06       		.byte	0x6
 707 0324 9F01     		.2byte	0x19f
 708 0326 39030000 		.4byte	0x339
 709 032a 3C       		.byte	0x3c
 710 032b 0A       		.uleb128 0xa
 711 032c C9020000 		.4byte	.LASF39
 712 0330 06       		.byte	0x6
 713 0331 A401     		.2byte	0x1a4
 714 0333 49030000 		.4byte	0x349
 715 0337 78       		.byte	0x78
 716 0338 00       		.byte	0
 717 0339 06       		.uleb128 0x6
 718 033a FC020000 		.4byte	0x2fc
 719 033e 49030000 		.4byte	0x349
 720 0342 07       		.uleb128 0x7
 721 0343 AD000000 		.4byte	0xad
 722 0347 05       		.byte	0x5
 723 0348 00       		.byte	0
 724 0349 06       		.uleb128 0x6
 725 034a FC020000 		.4byte	0x2fc
 726 034e 59030000 		.4byte	0x359
 727 0352 07       		.uleb128 0x7
 728 0353 AD000000 		.4byte	0xad
 729 0357 00       		.byte	0
 730 0358 00       		.byte	0
 731 0359 05       		.uleb128 0x5
 732 035a 02040000 		.4byte	.LASF47
 733 035e 06       		.byte	0x6
 734 035f A501     		.2byte	0x1a5
 735 0361 08030000 		.4byte	0x308
 736 0365 0B       		.uleb128 0xb
ARM GAS  C:\Users\DAVIDW~1\AppData\Local\Temp\ccy0DtqO.s 			page 18


 737 0366 D4       		.byte	0xd4
 738 0367 06       		.byte	0x6
 739 0368 AB01     		.2byte	0x1ab
 740 036a 4C040000 		.4byte	0x44c
 741 036e 0A       		.uleb128 0xa
 742 036f AE040000 		.4byte	.LASF48
 743 0373 06       		.byte	0x6
 744 0374 B301     		.2byte	0x1b3
 745 0376 D5000000 		.4byte	0xd5
 746 037a 00       		.byte	0
 747 037b 0A       		.uleb128 0xa
 748 037c 3B020000 		.4byte	.LASF49
 749 0380 06       		.byte	0x6
 750 0381 B801     		.2byte	0x1b8
 751 0383 D5000000 		.4byte	0xd5
 752 0387 02       		.byte	0x2
 753 0388 0A       		.uleb128 0xa
 754 0389 D9050000 		.4byte	.LASF50
 755 038d 06       		.byte	0x6
 756 038e BD01     		.2byte	0x1bd
 757 0390 D5000000 		.4byte	0xd5
 758 0394 04       		.byte	0x4
 759 0395 0A       		.uleb128 0xa
 760 0396 AD030000 		.4byte	.LASF51
 761 039a 06       		.byte	0x6
 762 039b C301     		.2byte	0x1c3
 763 039d D5000000 		.4byte	0xd5
 764 03a1 06       		.byte	0x6
 765 03a2 0A       		.uleb128 0xa
 766 03a3 00050000 		.4byte	.LASF52
 767 03a7 06       		.byte	0x6
 768 03a8 C801     		.2byte	0x1c8
 769 03aa D5000000 		.4byte	0xd5
 770 03ae 08       		.byte	0x8
 771 03af 0A       		.uleb128 0xa
 772 03b0 94040000 		.4byte	.LASF53
 773 03b4 06       		.byte	0x6
 774 03b5 CD01     		.2byte	0x1cd
 775 03b7 4C040000 		.4byte	0x44c
 776 03bb 0C       		.byte	0xc
 777 03bc 0A       		.uleb128 0xa
 778 03bd 89040000 		.4byte	.LASF54
 779 03c1 06       		.byte	0x6
 780 03c2 D301     		.2byte	0x1d3
 781 03c4 51040000 		.4byte	0x451
 782 03c8 10       		.byte	0x10
 783 03c9 0A       		.uleb128 0xa
 784 03ca C2030000 		.4byte	.LASF55
 785 03ce 06       		.byte	0x6
 786 03cf D901     		.2byte	0x1d9
 787 03d1 51040000 		.4byte	0x451
 788 03d5 14       		.byte	0x14
 789 03d6 0A       		.uleb128 0xa
 790 03d7 90060000 		.4byte	.LASF56
 791 03db 06       		.byte	0x6
 792 03dc EB01     		.2byte	0x1eb
 793 03de 61040000 		.4byte	0x461
ARM GAS  C:\Users\DAVIDW~1\AppData\Local\Temp\ccy0DtqO.s 			page 19


 794 03e2 18       		.byte	0x18
 795 03e3 0A       		.uleb128 0xa
 796 03e4 E2010000 		.4byte	.LASF57
 797 03e8 06       		.byte	0x6
 798 03e9 F001     		.2byte	0x1f0
 799 03eb D5000000 		.4byte	0xd5
 800 03ef 1C       		.byte	0x1c
 801 03f0 0A       		.uleb128 0xa
 802 03f1 F6040000 		.4byte	.LASF58
 803 03f5 06       		.byte	0x6
 804 03f6 F501     		.2byte	0x1f5
 805 03f8 C9000000 		.4byte	0xc9
 806 03fc 1E       		.byte	0x1e
 807 03fd 0A       		.uleb128 0xa
 808 03fe 35000000 		.4byte	.LASF59
 809 0402 06       		.byte	0x6
 810 0403 FA01     		.2byte	0x1fa
 811 0405 78020000 		.4byte	0x278
 812 0409 20       		.byte	0x20
 813 040a 0A       		.uleb128 0xa
 814 040b EE040000 		.4byte	.LASF60
 815 040f 06       		.byte	0x6
 816 0410 FF01     		.2byte	0x1ff
 817 0412 59030000 		.4byte	0x359
 818 0416 4C       		.byte	0x4c
 819 0417 0A       		.uleb128 0xa
 820 0418 49060000 		.4byte	.LASF61
 821 041c 06       		.byte	0x6
 822 041d 0402     		.2byte	0x204
 823 041f C9000000 		.4byte	0xc9
 824 0423 CE       		.byte	0xce
 825 0424 0A       		.uleb128 0xa
 826 0425 C0040000 		.4byte	.LASF62
 827 0429 06       		.byte	0x6
 828 042a 0902     		.2byte	0x209
 829 042c C9000000 		.4byte	0xc9
 830 0430 CF       		.byte	0xcf
 831 0431 0A       		.uleb128 0xa
 832 0432 D0040000 		.4byte	.LASF63
 833 0436 06       		.byte	0x6
 834 0437 0E02     		.2byte	0x20e
 835 0439 D5000000 		.4byte	0xd5
 836 043d D0       		.byte	0xd0
 837 043e 0A       		.uleb128 0xa
 838 043f 3E000000 		.4byte	.LASF64
 839 0443 06       		.byte	0x6
 840 0444 1302     		.2byte	0x213
 841 0446 DC020000 		.4byte	0x2dc
 842 044a D2       		.byte	0xd2
 843 044b 00       		.byte	0
 844 044c 0D       		.uleb128 0xd
 845 044d E1000000 		.4byte	0xe1
 846 0451 06       		.uleb128 0x6
 847 0452 E1000000 		.4byte	0xe1
 848 0456 61040000 		.4byte	0x461
 849 045a 07       		.uleb128 0x7
 850 045b AD000000 		.4byte	0xad
ARM GAS  C:\Users\DAVIDW~1\AppData\Local\Temp\ccy0DtqO.s 			page 20


 851 045f 00       		.byte	0
 852 0460 00       		.byte	0
 853 0461 06       		.uleb128 0x6
 854 0462 C9000000 		.4byte	0xc9
 855 0466 71040000 		.4byte	0x471
 856 046a 07       		.uleb128 0x7
 857 046b AD000000 		.4byte	0xad
 858 046f 02       		.byte	0x2
 859 0470 00       		.byte	0
 860 0471 05       		.uleb128 0x5
 861 0472 27050000 		.4byte	.LASF65
 862 0476 06       		.byte	0x6
 863 0477 1402     		.2byte	0x214
 864 0479 65030000 		.4byte	0x365
 865 047d 0B       		.uleb128 0xb
 866 047e 1C       		.byte	0x1c
 867 047f 06       		.byte	0x6
 868 0480 5202     		.2byte	0x252
 869 0482 FC040000 		.4byte	0x4fc
 870 0486 0A       		.uleb128 0xa
 871 0487 83060000 		.4byte	.LASF66
 872 048b 06       		.byte	0x6
 873 048c 5B02     		.2byte	0x25b
 874 048e FC040000 		.4byte	0x4fc
 875 0492 00       		.byte	0
 876 0493 0A       		.uleb128 0xa
 877 0494 0C050000 		.4byte	.LASF67
 878 0498 06       		.byte	0x6
 879 0499 6202     		.2byte	0x262
 880 049b 03050000 		.4byte	0x503
 881 049f 04       		.byte	0x4
 882 04a0 0A       		.uleb128 0xa
 883 04a1 5B050000 		.4byte	.LASF68
 884 04a5 06       		.byte	0x6
 885 04a6 6802     		.2byte	0x268
 886 04a8 05050000 		.4byte	0x505
 887 04ac 08       		.byte	0x8
 888 04ad 0A       		.uleb128 0xa
 889 04ae 15060000 		.4byte	.LASF69
 890 04b2 06       		.byte	0x6
 891 04b3 6D02     		.2byte	0x26d
 892 04b5 03050000 		.4byte	0x503
 893 04b9 0C       		.byte	0xc
 894 04ba 0A       		.uleb128 0xa
 895 04bb 5D020000 		.4byte	.LASF70
 896 04bf 06       		.byte	0x6
 897 04c0 7402     		.2byte	0x274
 898 04c2 0B050000 		.4byte	0x50b
 899 04c6 10       		.byte	0x10
 900 04c7 0A       		.uleb128 0xa
 901 04c8 57040000 		.4byte	.LASF71
 902 04cc 06       		.byte	0x6
 903 04cd 7902     		.2byte	0x279
 904 04cf E1000000 		.4byte	0xe1
 905 04d3 14       		.byte	0x14
 906 04d4 0A       		.uleb128 0xa
 907 04d5 97000000 		.4byte	.LASF72
ARM GAS  C:\Users\DAVIDW~1\AppData\Local\Temp\ccy0DtqO.s 			page 21


 908 04d9 06       		.byte	0x6
 909 04da 8002     		.2byte	0x280
 910 04dc D5000000 		.4byte	0xd5
 911 04e0 18       		.byte	0x18
 912 04e1 0A       		.uleb128 0xa
 913 04e2 E2020000 		.4byte	.LASF73
 914 04e6 06       		.byte	0x6
 915 04e7 8B02     		.2byte	0x28b
 916 04e9 C9000000 		.4byte	0xc9
 917 04ed 1A       		.byte	0x1a
 918 04ee 0A       		.uleb128 0xa
 919 04ef 54030000 		.4byte	.LASF74
 920 04f3 06       		.byte	0x6
 921 04f4 9302     		.2byte	0x293
 922 04f6 C9000000 		.4byte	0xc9
 923 04fa 1B       		.byte	0x1b
 924 04fb 00       		.byte	0
 925 04fc 0E       		.uleb128 0xe
 926 04fd 04       		.byte	0x4
 927 04fe 02050000 		.4byte	0x502
 928 0502 0F       		.uleb128 0xf
 929 0503 10       		.uleb128 0x10
 930 0504 04       		.byte	0x4
 931 0505 0E       		.uleb128 0xe
 932 0506 04       		.byte	0x4
 933 0507 FC020000 		.4byte	0x2fc
 934 050b 0E       		.uleb128 0xe
 935 050c 04       		.byte	0x4
 936 050d C9000000 		.4byte	0xc9
 937 0511 05       		.uleb128 0x5
 938 0512 25010000 		.4byte	.LASF75
 939 0516 06       		.byte	0x6
 940 0517 9402     		.2byte	0x294
 941 0519 7D040000 		.4byte	0x47d
 942 051d 0B       		.uleb128 0xb
 943 051e 54       		.byte	0x54
 944 051f 06       		.byte	0x6
 945 0520 9A02     		.2byte	0x29a
 946 0522 34050000 		.4byte	0x534
 947 0526 0A       		.uleb128 0xa
 948 0527 25060000 		.4byte	.LASF76
 949 052b 06       		.byte	0x6
 950 052c 9F02     		.2byte	0x29f
 951 052e 34050000 		.4byte	0x534
 952 0532 00       		.byte	0
 953 0533 00       		.byte	0
 954 0534 06       		.uleb128 0x6
 955 0535 11050000 		.4byte	0x511
 956 0539 44050000 		.4byte	0x544
 957 053d 07       		.uleb128 0x7
 958 053e AD000000 		.4byte	0xad
 959 0542 02       		.byte	0x2
 960 0543 00       		.byte	0
 961 0544 05       		.uleb128 0x5
 962 0545 1F000000 		.4byte	.LASF77
 963 0549 06       		.byte	0x6
 964 054a A002     		.2byte	0x2a0
ARM GAS  C:\Users\DAVIDW~1\AppData\Local\Temp\ccy0DtqO.s 			page 22


 965 054c 1D050000 		.4byte	0x51d
 966 0550 11       		.uleb128 0x11
 967 0551 01       		.byte	0x1
 968 0552 37000000 		.4byte	0x37
 969 0556 07       		.byte	0x7
 970 0557 2E       		.byte	0x2e
 971 0558 87050000 		.4byte	0x587
 972 055c 12       		.uleb128 0x12
 973 055d 1C020000 		.4byte	.LASF78
 974 0561 00       		.byte	0
 975 0562 12       		.uleb128 0x12
 976 0563 2F060000 		.4byte	.LASF79
 977 0567 01       		.byte	0x1
 978 0568 12       		.uleb128 0x12
 979 0569 EC050000 		.4byte	.LASF80
 980 056d 02       		.byte	0x2
 981 056e 12       		.uleb128 0x12
 982 056f 0B010000 		.4byte	.LASF81
 983 0573 03       		.byte	0x3
 984 0574 12       		.uleb128 0x12
 985 0575 96050000 		.4byte	.LASF82
 986 0579 04       		.byte	0x4
 987 057a 12       		.uleb128 0x12
 988 057b B2020000 		.4byte	.LASF83
 989 057f 05       		.byte	0x5
 990 0580 12       		.uleb128 0x12
 991 0581 A3000000 		.4byte	.LASF84
 992 0585 06       		.byte	0x6
 993 0586 00       		.byte	0
 994 0587 03       		.uleb128 0x3
 995 0588 72000000 		.4byte	.LASF85
 996 058c 07       		.byte	0x7
 997 058d 36       		.byte	0x36
 998 058e 50050000 		.4byte	0x550
 999 0592 02       		.uleb128 0x2
 1000 0593 08       		.byte	0x8
 1001 0594 04       		.byte	0x4
 1002 0595 B6030000 		.4byte	.LASF86
 1003 0599 13       		.uleb128 0x13
 1004 059a 4E000000 		.4byte	.LASF104
 1005 059e 01       		.byte	0x1
 1006 059f 44       		.byte	0x44
 1007 05a0 00000000 		.4byte	.LFB69
 1008 05a4 14000000 		.4byte	.LFE69-.LFB69
 1009 05a8 01       		.uleb128 0x1
 1010 05a9 9C       		.byte	0x9c
 1011 05aa BA050000 		.4byte	0x5ba
 1012 05ae 14       		.uleb128 0x14
 1013 05af B5050000 		.4byte	.LASF93
 1014 05b3 01       		.byte	0x1
 1015 05b4 46       		.byte	0x46
 1016 05b5 BA050000 		.4byte	0x5ba
 1017 05b9 00       		.byte	0
 1018 05ba 0E       		.uleb128 0xe
 1019 05bb 04       		.byte	0x4
 1020 05bc C0050000 		.4byte	0x5c0
 1021 05c0 0D       		.uleb128 0xd
ARM GAS  C:\Users\DAVIDW~1\AppData\Local\Temp\ccy0DtqO.s 			page 23


 1022 05c1 71040000 		.4byte	0x471
 1023 05c5 15       		.uleb128 0x15
 1024 05c6 4B020000 		.4byte	.LASF105
 1025 05ca 01       		.byte	0x1
 1026 05cb 73       		.byte	0x73
 1027 05cc E1000000 		.4byte	0xe1
 1028 05d0 00000000 		.4byte	.LFB70
 1029 05d4 18010000 		.4byte	.LFE70-.LFB70
 1030 05d8 01       		.uleb128 0x1
 1031 05d9 9C       		.byte	0x9c
 1032 05da 92060000 		.4byte	0x692
 1033 05de 16       		.uleb128 0x16
 1034 05df 18050000 		.4byte	.LASF87
 1035 05e3 01       		.byte	0x1
 1036 05e4 75       		.byte	0x75
 1037 05e5 E1000000 		.4byte	0xe1
 1038 05e9 00000000 		.4byte	.LLST0
 1039 05ed 16       		.uleb128 0x16
 1040 05ee B7040000 		.4byte	.LASF88
 1041 05f2 01       		.byte	0x1
 1042 05f3 76       		.byte	0x76
 1043 05f4 E1000000 		.4byte	0xe1
 1044 05f8 29000000 		.4byte	.LLST1
 1045 05fc 16       		.uleb128 0x16
 1046 05fd 69000000 		.4byte	.LASF89
 1047 0601 01       		.byte	0x1
 1048 0602 77       		.byte	0x77
 1049 0603 E1000000 		.4byte	0xe1
 1050 0607 3C000000 		.4byte	.LLST2
 1051 060b 16       		.uleb128 0x16
 1052 060c E1050000 		.4byte	.LASF90
 1053 0610 01       		.byte	0x1
 1054 0611 78       		.byte	0x78
 1055 0612 E1000000 		.4byte	0xe1
 1056 0616 4F000000 		.4byte	.LLST3
 1057 061a 16       		.uleb128 0x16
 1058 061b 9A060000 		.4byte	.LASF91
 1059 061f 01       		.byte	0x1
 1060 0620 79       		.byte	0x79
 1061 0621 87050000 		.4byte	0x587
 1062 0625 0F010000 		.4byte	.LLST4
 1063 0629 16       		.uleb128 0x16
 1064 062a 77060000 		.4byte	.LASF92
 1065 062e 01       		.byte	0x1
 1066 062f 7A       		.byte	0x7a
 1067 0630 E1000000 		.4byte	0xe1
 1068 0634 22010000 		.4byte	.LLST5
 1069 0638 14       		.uleb128 0x14
 1070 0639 B5050000 		.4byte	.LASF93
 1071 063d 01       		.byte	0x1
 1072 063e 7C       		.byte	0x7c
 1073 063f BA050000 		.4byte	0x5ba
 1074 0643 16       		.uleb128 0x16
 1075 0644 CD030000 		.4byte	.LASF94
 1076 0648 01       		.byte	0x1
 1077 0649 7D       		.byte	0x7d
 1078 064a 92060000 		.4byte	0x692
ARM GAS  C:\Users\DAVIDW~1\AppData\Local\Temp\ccy0DtqO.s 			page 24


 1079 064e 63010000 		.4byte	.LLST6
 1080 0652 17       		.uleb128 0x17
 1081 0653 12000000 		.4byte	.LVL3
 1082 0657 CB060000 		.4byte	0x6cb
 1083 065b 17       		.uleb128 0x17
 1084 065c 1C000000 		.4byte	.LVL4
 1085 0660 D7060000 		.4byte	0x6d7
 1086 0664 17       		.uleb128 0x17
 1087 0665 46000000 		.4byte	.LVL10
 1088 0669 E3060000 		.4byte	0x6e3
 1089 066d 17       		.uleb128 0x17
 1090 066e 76000000 		.4byte	.LVL19
 1091 0672 CB060000 		.4byte	0x6cb
 1092 0676 17       		.uleb128 0x17
 1093 0677 90000000 		.4byte	.LVL20
 1094 067b D7060000 		.4byte	0x6d7
 1095 067f 17       		.uleb128 0x17
 1096 0680 E8000000 		.4byte	.LVL29
 1097 0684 CB060000 		.4byte	0x6cb
 1098 0688 17       		.uleb128 0x17
 1099 0689 FE000000 		.4byte	.LVL30
 1100 068d D7060000 		.4byte	0x6d7
 1101 0691 00       		.byte	0
 1102 0692 0E       		.uleb128 0xe
 1103 0693 04       		.byte	0x4
 1104 0694 98060000 		.4byte	0x698
 1105 0698 0D       		.uleb128 0xd
 1106 0699 FC020000 		.4byte	0x2fc
 1107 069d 18       		.uleb128 0x18
 1108 069e C6000000 		.4byte	.LASF95
 1109 06a2 01       		.byte	0x1
 1110 06a3 35       		.byte	0x35
 1111 06a4 E1000000 		.4byte	0xe1
 1112 06a8 05       		.uleb128 0x5
 1113 06a9 03       		.byte	0x3
 1114 06aa 00000000 		.4byte	tunerFsm
 1115 06ae 19       		.uleb128 0x19
 1116 06af 3C030000 		.4byte	.LASF96
 1117 06b3 06       		.byte	0x6
 1118 06b4 4604     		.2byte	0x446
 1119 06b6 71040000 		.4byte	0x471
 1120 06ba 19       		.uleb128 0x19
 1121 06bb E5030000 		.4byte	.LASF97
 1122 06bf 06       		.byte	0x6
 1123 06c0 4704     		.2byte	0x447
 1124 06c2 C6060000 		.4byte	0x6c6
 1125 06c6 1A       		.uleb128 0x1a
 1126 06c7 44050000 		.4byte	0x544
 1127 06cb 1B       		.uleb128 0x1b
 1128 06cc 00000000 		.4byte	.LASF98
 1129 06d0 00000000 		.4byte	.LASF98
 1130 06d4 04       		.byte	0x4
 1131 06d5 4D03     		.2byte	0x34d
 1132 06d7 1B       		.uleb128 0x1b
 1133 06d8 59060000 		.4byte	.LASF99
 1134 06dc 59060000 		.4byte	.LASF99
 1135 06e0 04       		.byte	0x4
ARM GAS  C:\Users\DAVIDW~1\AppData\Local\Temp\ccy0DtqO.s 			page 25


 1136 06e1 5C03     		.2byte	0x35c
 1137 06e3 1C       		.uleb128 0x1c
 1138 06e4 64040000 		.4byte	.LASF100
 1139 06e8 64040000 		.4byte	.LASF100
 1140 06ec 08       		.byte	0x8
 1141 06ed 3A       		.byte	0x3a
 1142 06ee 00       		.byte	0
 1143              		.section	.debug_abbrev,"",%progbits
 1144              	.Ldebug_abbrev0:
 1145 0000 01       		.uleb128 0x1
 1146 0001 11       		.uleb128 0x11
 1147 0002 01       		.byte	0x1
 1148 0003 25       		.uleb128 0x25
 1149 0004 0E       		.uleb128 0xe
 1150 0005 13       		.uleb128 0x13
 1151 0006 0B       		.uleb128 0xb
 1152 0007 03       		.uleb128 0x3
 1153 0008 0E       		.uleb128 0xe
 1154 0009 1B       		.uleb128 0x1b
 1155 000a 0E       		.uleb128 0xe
 1156 000b 55       		.uleb128 0x55
 1157 000c 17       		.uleb128 0x17
 1158 000d 11       		.uleb128 0x11
 1159 000e 01       		.uleb128 0x1
 1160 000f 10       		.uleb128 0x10
 1161 0010 17       		.uleb128 0x17
 1162 0011 00       		.byte	0
 1163 0012 00       		.byte	0
 1164 0013 02       		.uleb128 0x2
 1165 0014 24       		.uleb128 0x24
 1166 0015 00       		.byte	0
 1167 0016 0B       		.uleb128 0xb
 1168 0017 0B       		.uleb128 0xb
 1169 0018 3E       		.uleb128 0x3e
 1170 0019 0B       		.uleb128 0xb
 1171 001a 03       		.uleb128 0x3
 1172 001b 0E       		.uleb128 0xe
 1173 001c 00       		.byte	0
 1174 001d 00       		.byte	0
 1175 001e 03       		.uleb128 0x3
 1176 001f 16       		.uleb128 0x16
 1177 0020 00       		.byte	0
 1178 0021 03       		.uleb128 0x3
 1179 0022 0E       		.uleb128 0xe
 1180 0023 3A       		.uleb128 0x3a
 1181 0024 0B       		.uleb128 0xb
 1182 0025 3B       		.uleb128 0x3b
 1183 0026 0B       		.uleb128 0xb
 1184 0027 49       		.uleb128 0x49
 1185 0028 13       		.uleb128 0x13
 1186 0029 00       		.byte	0
 1187 002a 00       		.byte	0
 1188 002b 04       		.uleb128 0x4
 1189 002c 24       		.uleb128 0x24
 1190 002d 00       		.byte	0
 1191 002e 0B       		.uleb128 0xb
 1192 002f 0B       		.uleb128 0xb
ARM GAS  C:\Users\DAVIDW~1\AppData\Local\Temp\ccy0DtqO.s 			page 26


 1193 0030 3E       		.uleb128 0x3e
 1194 0031 0B       		.uleb128 0xb
 1195 0032 03       		.uleb128 0x3
 1196 0033 08       		.uleb128 0x8
 1197 0034 00       		.byte	0
 1198 0035 00       		.byte	0
 1199 0036 05       		.uleb128 0x5
 1200 0037 16       		.uleb128 0x16
 1201 0038 00       		.byte	0
 1202 0039 03       		.uleb128 0x3
 1203 003a 0E       		.uleb128 0xe
 1204 003b 3A       		.uleb128 0x3a
 1205 003c 0B       		.uleb128 0xb
 1206 003d 3B       		.uleb128 0x3b
 1207 003e 05       		.uleb128 0x5
 1208 003f 49       		.uleb128 0x49
 1209 0040 13       		.uleb128 0x13
 1210 0041 00       		.byte	0
 1211 0042 00       		.byte	0
 1212 0043 06       		.uleb128 0x6
 1213 0044 01       		.uleb128 0x1
 1214 0045 01       		.byte	0x1
 1215 0046 49       		.uleb128 0x49
 1216 0047 13       		.uleb128 0x13
 1217 0048 01       		.uleb128 0x1
 1218 0049 13       		.uleb128 0x13
 1219 004a 00       		.byte	0
 1220 004b 00       		.byte	0
 1221 004c 07       		.uleb128 0x7
 1222 004d 21       		.uleb128 0x21
 1223 004e 00       		.byte	0
 1224 004f 49       		.uleb128 0x49
 1225 0050 13       		.uleb128 0x13
 1226 0051 2F       		.uleb128 0x2f
 1227 0052 0B       		.uleb128 0xb
 1228 0053 00       		.byte	0
 1229 0054 00       		.byte	0
 1230 0055 08       		.uleb128 0x8
 1231 0056 13       		.uleb128 0x13
 1232 0057 01       		.byte	0x1
 1233 0058 0B       		.uleb128 0xb
 1234 0059 0B       		.uleb128 0xb
 1235 005a 3A       		.uleb128 0x3a
 1236 005b 0B       		.uleb128 0xb
 1237 005c 3B       		.uleb128 0x3b
 1238 005d 0B       		.uleb128 0xb
 1239 005e 01       		.uleb128 0x1
 1240 005f 13       		.uleb128 0x13
 1241 0060 00       		.byte	0
 1242 0061 00       		.byte	0
 1243 0062 09       		.uleb128 0x9
 1244 0063 0D       		.uleb128 0xd
 1245 0064 00       		.byte	0
 1246 0065 03       		.uleb128 0x3
 1247 0066 0E       		.uleb128 0xe
 1248 0067 3A       		.uleb128 0x3a
 1249 0068 0B       		.uleb128 0xb
ARM GAS  C:\Users\DAVIDW~1\AppData\Local\Temp\ccy0DtqO.s 			page 27


 1250 0069 3B       		.uleb128 0x3b
 1251 006a 0B       		.uleb128 0xb
 1252 006b 49       		.uleb128 0x49
 1253 006c 13       		.uleb128 0x13
 1254 006d 38       		.uleb128 0x38
 1255 006e 0B       		.uleb128 0xb
 1256 006f 00       		.byte	0
 1257 0070 00       		.byte	0
 1258 0071 0A       		.uleb128 0xa
 1259 0072 0D       		.uleb128 0xd
 1260 0073 00       		.byte	0
 1261 0074 03       		.uleb128 0x3
 1262 0075 0E       		.uleb128 0xe
 1263 0076 3A       		.uleb128 0x3a
 1264 0077 0B       		.uleb128 0xb
 1265 0078 3B       		.uleb128 0x3b
 1266 0079 05       		.uleb128 0x5
 1267 007a 49       		.uleb128 0x49
 1268 007b 13       		.uleb128 0x13
 1269 007c 38       		.uleb128 0x38
 1270 007d 0B       		.uleb128 0xb
 1271 007e 00       		.byte	0
 1272 007f 00       		.byte	0
 1273 0080 0B       		.uleb128 0xb
 1274 0081 13       		.uleb128 0x13
 1275 0082 01       		.byte	0x1
 1276 0083 0B       		.uleb128 0xb
 1277 0084 0B       		.uleb128 0xb
 1278 0085 3A       		.uleb128 0x3a
 1279 0086 0B       		.uleb128 0xb
 1280 0087 3B       		.uleb128 0x3b
 1281 0088 05       		.uleb128 0x5
 1282 0089 01       		.uleb128 0x1
 1283 008a 13       		.uleb128 0x13
 1284 008b 00       		.byte	0
 1285 008c 00       		.byte	0
 1286 008d 0C       		.uleb128 0xc
 1287 008e 0D       		.uleb128 0xd
 1288 008f 00       		.byte	0
 1289 0090 03       		.uleb128 0x3
 1290 0091 08       		.uleb128 0x8
 1291 0092 3A       		.uleb128 0x3a
 1292 0093 0B       		.uleb128 0xb
 1293 0094 3B       		.uleb128 0x3b
 1294 0095 05       		.uleb128 0x5
 1295 0096 49       		.uleb128 0x49
 1296 0097 13       		.uleb128 0x13
 1297 0098 38       		.uleb128 0x38
 1298 0099 0B       		.uleb128 0xb
 1299 009a 00       		.byte	0
 1300 009b 00       		.byte	0
 1301 009c 0D       		.uleb128 0xd
 1302 009d 35       		.uleb128 0x35
 1303 009e 00       		.byte	0
 1304 009f 49       		.uleb128 0x49
 1305 00a0 13       		.uleb128 0x13
 1306 00a1 00       		.byte	0
ARM GAS  C:\Users\DAVIDW~1\AppData\Local\Temp\ccy0DtqO.s 			page 28


 1307 00a2 00       		.byte	0
 1308 00a3 0E       		.uleb128 0xe
 1309 00a4 0F       		.uleb128 0xf
 1310 00a5 00       		.byte	0
 1311 00a6 0B       		.uleb128 0xb
 1312 00a7 0B       		.uleb128 0xb
 1313 00a8 49       		.uleb128 0x49
 1314 00a9 13       		.uleb128 0x13
 1315 00aa 00       		.byte	0
 1316 00ab 00       		.byte	0
 1317 00ac 0F       		.uleb128 0xf
 1318 00ad 26       		.uleb128 0x26
 1319 00ae 00       		.byte	0
 1320 00af 00       		.byte	0
 1321 00b0 00       		.byte	0
 1322 00b1 10       		.uleb128 0x10
 1323 00b2 0F       		.uleb128 0xf
 1324 00b3 00       		.byte	0
 1325 00b4 0B       		.uleb128 0xb
 1326 00b5 0B       		.uleb128 0xb
 1327 00b6 00       		.byte	0
 1328 00b7 00       		.byte	0
 1329 00b8 11       		.uleb128 0x11
 1330 00b9 04       		.uleb128 0x4
 1331 00ba 01       		.byte	0x1
 1332 00bb 0B       		.uleb128 0xb
 1333 00bc 0B       		.uleb128 0xb
 1334 00bd 49       		.uleb128 0x49
 1335 00be 13       		.uleb128 0x13
 1336 00bf 3A       		.uleb128 0x3a
 1337 00c0 0B       		.uleb128 0xb
 1338 00c1 3B       		.uleb128 0x3b
 1339 00c2 0B       		.uleb128 0xb
 1340 00c3 01       		.uleb128 0x1
 1341 00c4 13       		.uleb128 0x13
 1342 00c5 00       		.byte	0
 1343 00c6 00       		.byte	0
 1344 00c7 12       		.uleb128 0x12
 1345 00c8 28       		.uleb128 0x28
 1346 00c9 00       		.byte	0
 1347 00ca 03       		.uleb128 0x3
 1348 00cb 0E       		.uleb128 0xe
 1349 00cc 1C       		.uleb128 0x1c
 1350 00cd 0B       		.uleb128 0xb
 1351 00ce 00       		.byte	0
 1352 00cf 00       		.byte	0
 1353 00d0 13       		.uleb128 0x13
 1354 00d1 2E       		.uleb128 0x2e
 1355 00d2 01       		.byte	0x1
 1356 00d3 3F       		.uleb128 0x3f
 1357 00d4 19       		.uleb128 0x19
 1358 00d5 03       		.uleb128 0x3
 1359 00d6 0E       		.uleb128 0xe
 1360 00d7 3A       		.uleb128 0x3a
 1361 00d8 0B       		.uleb128 0xb
 1362 00d9 3B       		.uleb128 0x3b
 1363 00da 0B       		.uleb128 0xb
ARM GAS  C:\Users\DAVIDW~1\AppData\Local\Temp\ccy0DtqO.s 			page 29


 1364 00db 27       		.uleb128 0x27
 1365 00dc 19       		.uleb128 0x19
 1366 00dd 11       		.uleb128 0x11
 1367 00de 01       		.uleb128 0x1
 1368 00df 12       		.uleb128 0x12
 1369 00e0 06       		.uleb128 0x6
 1370 00e1 40       		.uleb128 0x40
 1371 00e2 18       		.uleb128 0x18
 1372 00e3 9742     		.uleb128 0x2117
 1373 00e5 19       		.uleb128 0x19
 1374 00e6 01       		.uleb128 0x1
 1375 00e7 13       		.uleb128 0x13
 1376 00e8 00       		.byte	0
 1377 00e9 00       		.byte	0
 1378 00ea 14       		.uleb128 0x14
 1379 00eb 34       		.uleb128 0x34
 1380 00ec 00       		.byte	0
 1381 00ed 03       		.uleb128 0x3
 1382 00ee 0E       		.uleb128 0xe
 1383 00ef 3A       		.uleb128 0x3a
 1384 00f0 0B       		.uleb128 0xb
 1385 00f1 3B       		.uleb128 0x3b
 1386 00f2 0B       		.uleb128 0xb
 1387 00f3 49       		.uleb128 0x49
 1388 00f4 13       		.uleb128 0x13
 1389 00f5 00       		.byte	0
 1390 00f6 00       		.byte	0
 1391 00f7 15       		.uleb128 0x15
 1392 00f8 2E       		.uleb128 0x2e
 1393 00f9 01       		.byte	0x1
 1394 00fa 3F       		.uleb128 0x3f
 1395 00fb 19       		.uleb128 0x19
 1396 00fc 03       		.uleb128 0x3
 1397 00fd 0E       		.uleb128 0xe
 1398 00fe 3A       		.uleb128 0x3a
 1399 00ff 0B       		.uleb128 0xb
 1400 0100 3B       		.uleb128 0x3b
 1401 0101 0B       		.uleb128 0xb
 1402 0102 27       		.uleb128 0x27
 1403 0103 19       		.uleb128 0x19
 1404 0104 49       		.uleb128 0x49
 1405 0105 13       		.uleb128 0x13
 1406 0106 11       		.uleb128 0x11
 1407 0107 01       		.uleb128 0x1
 1408 0108 12       		.uleb128 0x12
 1409 0109 06       		.uleb128 0x6
 1410 010a 40       		.uleb128 0x40
 1411 010b 18       		.uleb128 0x18
 1412 010c 9742     		.uleb128 0x2117
 1413 010e 19       		.uleb128 0x19
 1414 010f 01       		.uleb128 0x1
 1415 0110 13       		.uleb128 0x13
 1416 0111 00       		.byte	0
 1417 0112 00       		.byte	0
 1418 0113 16       		.uleb128 0x16
 1419 0114 34       		.uleb128 0x34
 1420 0115 00       		.byte	0
ARM GAS  C:\Users\DAVIDW~1\AppData\Local\Temp\ccy0DtqO.s 			page 30


 1421 0116 03       		.uleb128 0x3
 1422 0117 0E       		.uleb128 0xe
 1423 0118 3A       		.uleb128 0x3a
 1424 0119 0B       		.uleb128 0xb
 1425 011a 3B       		.uleb128 0x3b
 1426 011b 0B       		.uleb128 0xb
 1427 011c 49       		.uleb128 0x49
 1428 011d 13       		.uleb128 0x13
 1429 011e 02       		.uleb128 0x2
 1430 011f 17       		.uleb128 0x17
 1431 0120 00       		.byte	0
 1432 0121 00       		.byte	0
 1433 0122 17       		.uleb128 0x17
 1434 0123 898201   		.uleb128 0x4109
 1435 0126 00       		.byte	0
 1436 0127 11       		.uleb128 0x11
 1437 0128 01       		.uleb128 0x1
 1438 0129 31       		.uleb128 0x31
 1439 012a 13       		.uleb128 0x13
 1440 012b 00       		.byte	0
 1441 012c 00       		.byte	0
 1442 012d 18       		.uleb128 0x18
 1443 012e 34       		.uleb128 0x34
 1444 012f 00       		.byte	0
 1445 0130 03       		.uleb128 0x3
 1446 0131 0E       		.uleb128 0xe
 1447 0132 3A       		.uleb128 0x3a
 1448 0133 0B       		.uleb128 0xb
 1449 0134 3B       		.uleb128 0x3b
 1450 0135 0B       		.uleb128 0xb
 1451 0136 49       		.uleb128 0x49
 1452 0137 13       		.uleb128 0x13
 1453 0138 02       		.uleb128 0x2
 1454 0139 18       		.uleb128 0x18
 1455 013a 00       		.byte	0
 1456 013b 00       		.byte	0
 1457 013c 19       		.uleb128 0x19
 1458 013d 34       		.uleb128 0x34
 1459 013e 00       		.byte	0
 1460 013f 03       		.uleb128 0x3
 1461 0140 0E       		.uleb128 0xe
 1462 0141 3A       		.uleb128 0x3a
 1463 0142 0B       		.uleb128 0xb
 1464 0143 3B       		.uleb128 0x3b
 1465 0144 05       		.uleb128 0x5
 1466 0145 49       		.uleb128 0x49
 1467 0146 13       		.uleb128 0x13
 1468 0147 3F       		.uleb128 0x3f
 1469 0148 19       		.uleb128 0x19
 1470 0149 3C       		.uleb128 0x3c
 1471 014a 19       		.uleb128 0x19
 1472 014b 00       		.byte	0
 1473 014c 00       		.byte	0
 1474 014d 1A       		.uleb128 0x1a
 1475 014e 26       		.uleb128 0x26
 1476 014f 00       		.byte	0
 1477 0150 49       		.uleb128 0x49
ARM GAS  C:\Users\DAVIDW~1\AppData\Local\Temp\ccy0DtqO.s 			page 31


 1478 0151 13       		.uleb128 0x13
 1479 0152 00       		.byte	0
 1480 0153 00       		.byte	0
 1481 0154 1B       		.uleb128 0x1b
 1482 0155 2E       		.uleb128 0x2e
 1483 0156 00       		.byte	0
 1484 0157 3F       		.uleb128 0x3f
 1485 0158 19       		.uleb128 0x19
 1486 0159 3C       		.uleb128 0x3c
 1487 015a 19       		.uleb128 0x19
 1488 015b 6E       		.uleb128 0x6e
 1489 015c 0E       		.uleb128 0xe
 1490 015d 03       		.uleb128 0x3
 1491 015e 0E       		.uleb128 0xe
 1492 015f 3A       		.uleb128 0x3a
 1493 0160 0B       		.uleb128 0xb
 1494 0161 3B       		.uleb128 0x3b
 1495 0162 05       		.uleb128 0x5
 1496 0163 00       		.byte	0
 1497 0164 00       		.byte	0
 1498 0165 1C       		.uleb128 0x1c
 1499 0166 2E       		.uleb128 0x2e
 1500 0167 00       		.byte	0
 1501 0168 3F       		.uleb128 0x3f
 1502 0169 19       		.uleb128 0x19
 1503 016a 3C       		.uleb128 0x3c
 1504 016b 19       		.uleb128 0x19
 1505 016c 6E       		.uleb128 0x6e
 1506 016d 0E       		.uleb128 0xe
 1507 016e 03       		.uleb128 0x3
 1508 016f 0E       		.uleb128 0xe
 1509 0170 3A       		.uleb128 0x3a
 1510 0171 0B       		.uleb128 0xb
 1511 0172 3B       		.uleb128 0x3b
 1512 0173 0B       		.uleb128 0xb
 1513 0174 00       		.byte	0
 1514 0175 00       		.byte	0
 1515 0176 00       		.byte	0
 1516              		.section	.debug_loc,"",%progbits
 1517              	.Ldebug_loc0:
 1518              	.LLST0:
 1519 0000 12000000 		.4byte	.LVL3
 1520 0004 1B000000 		.4byte	.LVL4-1
 1521 0008 0100     		.2byte	0x1
 1522 000a 50       		.byte	0x50
 1523 000b 76000000 		.4byte	.LVL19
 1524 000f 8F000000 		.4byte	.LVL20-1
 1525 0013 0100     		.2byte	0x1
 1526 0015 50       		.byte	0x50
 1527 0016 E8000000 		.4byte	.LVL29
 1528 001a FD000000 		.4byte	.LVL30-1
 1529 001e 0100     		.2byte	0x1
 1530 0020 50       		.byte	0x50
 1531 0021 00000000 		.4byte	0
 1532 0025 00000000 		.4byte	0
 1533              	.LLST1:
 1534 0029 A6000000 		.4byte	.LVL22
ARM GAS  C:\Users\DAVIDW~1\AppData\Local\Temp\ccy0DtqO.s 			page 32


 1535 002d D4000000 		.4byte	.LVL25
 1536 0031 0100     		.2byte	0x1
 1537 0033 53       		.byte	0x53
 1538 0034 00000000 		.4byte	0
 1539 0038 00000000 		.4byte	0
 1540              	.LLST2:
 1541 003c AC000000 		.4byte	.LVL23
 1542 0040 E0000000 		.4byte	.LVL27
 1543 0044 0100     		.2byte	0x1
 1544 0046 52       		.byte	0x52
 1545 0047 00000000 		.4byte	0
 1546 004b 00000000 		.4byte	0
 1547              	.LLST3:
 1548 004f 02000000 		.4byte	.LVL1
 1549 0053 06000000 		.4byte	.LVL2
 1550 0057 0200     		.2byte	0x2
 1551 0059 30       		.byte	0x30
 1552 005a 9F       		.byte	0x9f
 1553 005b 06000000 		.4byte	.LVL2
 1554 005f 34000000 		.4byte	.LVL6
 1555 0063 0100     		.2byte	0x1
 1556 0065 56       		.byte	0x56
 1557 0066 34000000 		.4byte	.LVL6
 1558 006a 38000000 		.4byte	.LVL7
 1559 006e 0200     		.2byte	0x2
 1560 0070 31       		.byte	0x31
 1561 0071 9F       		.byte	0x9f
 1562 0072 38000000 		.4byte	.LVL7
 1563 0076 3E000000 		.4byte	.LVL8
 1564 007a 0100     		.2byte	0x1
 1565 007c 56       		.byte	0x56
 1566 007d 3E000000 		.4byte	.LVL8
 1567 0081 42000000 		.4byte	.LVL9
 1568 0085 0200     		.2byte	0x2
 1569 0087 31       		.byte	0x31
 1570 0088 9F       		.byte	0x9f
 1571 0089 42000000 		.4byte	.LVL9
 1572 008d 4C000000 		.4byte	.LVL11
 1573 0091 0100     		.2byte	0x1
 1574 0093 56       		.byte	0x56
 1575 0094 4C000000 		.4byte	.LVL11
 1576 0098 52000000 		.4byte	.LVL12
 1577 009c 0200     		.2byte	0x2
 1578 009e 31       		.byte	0x31
 1579 009f 9F       		.byte	0x9f
 1580 00a0 52000000 		.4byte	.LVL12
 1581 00a4 58000000 		.4byte	.LVL13
 1582 00a8 0100     		.2byte	0x1
 1583 00aa 56       		.byte	0x56
 1584 00ab 58000000 		.4byte	.LVL13
 1585 00af 5C000000 		.4byte	.LVL14
 1586 00b3 0200     		.2byte	0x2
 1587 00b5 31       		.byte	0x31
 1588 00b6 9F       		.byte	0x9f
 1589 00b7 5C000000 		.4byte	.LVL14
 1590 00bb 62000000 		.4byte	.LVL15
 1591 00bf 0100     		.2byte	0x1
ARM GAS  C:\Users\DAVIDW~1\AppData\Local\Temp\ccy0DtqO.s 			page 33


 1592 00c1 56       		.byte	0x56
 1593 00c2 62000000 		.4byte	.LVL15
 1594 00c6 66000000 		.4byte	.LVL16
 1595 00ca 0200     		.2byte	0x2
 1596 00cc 31       		.byte	0x31
 1597 00cd 9F       		.byte	0x9f
 1598 00ce 66000000 		.4byte	.LVL16
 1599 00d2 6C000000 		.4byte	.LVL17
 1600 00d6 0100     		.2byte	0x1
 1601 00d8 56       		.byte	0x56
 1602 00d9 6C000000 		.4byte	.LVL17
 1603 00dd 6E000000 		.4byte	.LVL18
 1604 00e1 0200     		.2byte	0x2
 1605 00e3 30       		.byte	0x30
 1606 00e4 9F       		.byte	0x9f
 1607 00e5 6E000000 		.4byte	.LVL18
 1608 00e9 90000000 		.4byte	.LVL20
 1609 00ed 0100     		.2byte	0x1
 1610 00ef 56       		.byte	0x56
 1611 00f0 90000000 		.4byte	.LVL20
 1612 00f4 92000000 		.4byte	.LVL21
 1613 00f8 0200     		.2byte	0x2
 1614 00fa 30       		.byte	0x30
 1615 00fb 9F       		.byte	0x9f
 1616 00fc 92000000 		.4byte	.LVL21
 1617 0100 00010000 		.4byte	.LVL32
 1618 0104 0100     		.2byte	0x1
 1619 0106 56       		.byte	0x56
 1620 0107 00000000 		.4byte	0
 1621 010b 00000000 		.4byte	0
 1622              	.LLST4:
 1623 010f 22000000 		.4byte	.LVL5
 1624 0113 C8000000 		.4byte	.LVL24
 1625 0117 0100     		.2byte	0x1
 1626 0119 54       		.byte	0x54
 1627 011a 00000000 		.4byte	0
 1628 011e 00000000 		.4byte	0
 1629              	.LLST5:
 1630 0122 02000000 		.4byte	.LVL1
 1631 0126 06000000 		.4byte	.LVL2
 1632 012a 0200     		.2byte	0x2
 1633 012c 30       		.byte	0x30
 1634 012d 9F       		.byte	0x9f
 1635 012e 06000000 		.4byte	.LVL2
 1636 0132 46000000 		.4byte	.LVL10
 1637 0136 0100     		.2byte	0x1
 1638 0138 55       		.byte	0x55
 1639 0139 46000000 		.4byte	.LVL10
 1640 013d 52000000 		.4byte	.LVL12
 1641 0141 0200     		.2byte	0x2
 1642 0143 31       		.byte	0x31
 1643 0144 9F       		.byte	0x9f
 1644 0145 52000000 		.4byte	.LVL12
 1645 0149 00010000 		.4byte	.LVL31
 1646 014d 0100     		.2byte	0x1
 1647 014f 55       		.byte	0x55
 1648 0150 00010000 		.4byte	.LVL31
ARM GAS  C:\Users\DAVIDW~1\AppData\Local\Temp\ccy0DtqO.s 			page 34


 1649 0154 18010000 		.4byte	.LFE70
 1650 0158 0100     		.2byte	0x1
 1651 015a 50       		.byte	0x50
 1652 015b 00000000 		.4byte	0
 1653 015f 00000000 		.4byte	0
 1654              	.LLST6:
 1655 0163 DC000000 		.4byte	.LVL26
 1656 0167 FE000000 		.4byte	.LVL30
 1657 016b 0100     		.2byte	0x1
 1658 016d 54       		.byte	0x54
 1659 016e 00000000 		.4byte	0
 1660 0172 00000000 		.4byte	0
 1661              		.section	.debug_aranges,"",%progbits
 1662 0000 24000000 		.4byte	0x24
 1663 0004 0200     		.2byte	0x2
 1664 0006 00000000 		.4byte	.Ldebug_info0
 1665 000a 04       		.byte	0x4
 1666 000b 00       		.byte	0
 1667 000c 0000     		.2byte	0
 1668 000e 0000     		.2byte	0
 1669 0010 00000000 		.4byte	.LFB69
 1670 0014 14000000 		.4byte	.LFE69-.LFB69
 1671 0018 00000000 		.4byte	.LFB70
 1672 001c 18010000 		.4byte	.LFE70-.LFB70
 1673 0020 00000000 		.4byte	0
 1674 0024 00000000 		.4byte	0
 1675              		.section	.debug_ranges,"",%progbits
 1676              	.Ldebug_ranges0:
 1677 0000 00000000 		.4byte	.LFB69
 1678 0004 14000000 		.4byte	.LFE69
 1679 0008 00000000 		.4byte	.LFB70
 1680 000c 18010000 		.4byte	.LFE70
 1681 0010 00000000 		.4byte	0
 1682 0014 00000000 		.4byte	0
 1683              		.section	.debug_line,"",%progbits
 1684              	.Ldebug_line0:
 1685 0000 35020000 		.section	.debug_str,"MS",%progbits,1
 1685      0200D101 
 1685      00000201 
 1685      FB0E0D00 
 1685      01010101 
 1686              	.LASF98:
 1687 0000 43795F53 		.ascii	"Cy_SysLib_EnterCriticalSection\000"
 1687      79734C69 
 1687      625F456E 
 1687      74657243 
 1687      72697469 
 1688              	.LASF77:
 1689 001f 43617053 		.ascii	"CapSense_FLASH_STRUCT\000"
 1689      656E7365 
 1689      5F464C41 
 1689      53485F53 
 1689      54525543 
 1690              	.LASF59:
 1691 0035 77646774 		.ascii	"wdgtList\000"
 1691      4C697374 
 1691      00
ARM GAS  C:\Users\DAVIDW~1\AppData\Local\Temp\ccy0DtqO.s 			page 35


 1692              	.LASF64:
 1693 003e 736E7254 		.ascii	"snrTestRawCount\000"
 1693      65737452 
 1693      6177436F 
 1693      756E7400 
 1694              	.LASF104:
 1695 004e 43617053 		.ascii	"CapSense_TuInitialize\000"
 1695      656E7365 
 1695      5F547549 
 1695      6E697469 
 1695      616C697A 
 1696              	.LASF41:
 1697 0064 62736C6E 		.ascii	"bsln\000"
 1697      00
 1698              	.LASF89:
 1699 0069 73656E73 		.ascii	"sensorId\000"
 1699      6F724964 
 1699      00
 1700              	.LASF85:
 1701 0072 43617053 		.ascii	"CapSense_TU_CMD_ENUM\000"
 1701      656E7365 
 1701      5F54555F 
 1701      434D445F 
 1701      454E554D 
 1702              	.LASF30:
 1703 0087 6C6F7742 		.ascii	"lowBslnRst\000"
 1703      736C6E52 
 1703      737400
 1704              	.LASF43:
 1705 0092 64696666 		.ascii	"diff\000"
 1705      00
 1706              	.LASF72:
 1707 0097 746F7461 		.ascii	"totalNumSns\000"
 1707      6C4E756D 
 1707      536E7300 
 1708              	.LASF84:
 1709 00a3 43617053 		.ascii	"CapSense_TU_CMD_ONE_SCAN_E\000"
 1709      656E7365 
 1709      5F54555F 
 1709      434D445F 
 1709      4F4E455F 
 1710              	.LASF31:
 1711 00be 69646163 		.ascii	"idacMod\000"
 1711      4D6F6400 
 1712              	.LASF95:
 1713 00c6 74756E65 		.ascii	"tunerFsm\000"
 1713      7246736D 
 1713      00
 1714              	.LASF2:
 1715 00cf 73686F72 		.ascii	"short int\000"
 1715      7420696E 
 1715      7400
 1716              	.LASF34:
 1717 00d9 43617053 		.ascii	"CapSense_RAM_WD_BUTTON_STRUCT\000"
 1717      656E7365 
 1717      5F52414D 
 1717      5F57445F 
ARM GAS  C:\Users\DAVIDW~1\AppData\Local\Temp\ccy0DtqO.s 			page 36


 1717      42555454 
 1718              	.LASF29:
 1719 00f7 6F6E4465 		.ascii	"onDebounce\000"
 1719      626F756E 
 1719      636500
 1720              	.LASF15:
 1721 0102 73697A65 		.ascii	"sizetype\000"
 1721      74797065 
 1721      00
 1722              	.LASF81:
 1723 010b 43617053 		.ascii	"CapSense_TU_CMD_RESTART_E\000"
 1723      656E7365 
 1723      5F54555F 
 1723      434D445F 
 1723      52455354 
 1724              	.LASF75:
 1725 0125 43617053 		.ascii	"CapSense_FLASH_WD_STRUCT\000"
 1725      656E7365 
 1725      5F464C41 
 1725      53485F57 
 1725      445F5354 
 1726              	.LASF101:
 1727 013e 474E5520 		.ascii	"GNU C11 5.4.1 20160609 (release) [ARM/embedded-5-br"
 1727      43313120 
 1727      352E342E 
 1727      31203230 
 1727      31363036 
 1728 0171 616E6368 		.ascii	"anch revision 237715] -mcpu=cortex-m0plus -mthumb -"
 1728      20726576 
 1728      6973696F 
 1728      6E203233 
 1728      37373135 
 1729 01a4 67202D4F 		.ascii	"g -Og -ffunction-sections -ffat-lto-objects\000"
 1729      67202D66 
 1729      66756E63 
 1729      74696F6E 
 1729      2D736563 
 1730              	.LASF27:
 1731 01d0 6E4E6F69 		.ascii	"nNoiseTh\000"
 1731      73655468 
 1731      00
 1732              	.LASF45:
 1733 01d9 69646163 		.ascii	"idacComp\000"
 1733      436F6D70 
 1733      00
 1734              	.LASF57:
 1735 01e2 63736430 		.ascii	"csd0Config\000"
 1735      436F6E66 
 1735      696700
 1736              	.LASF35:
 1737 01ed 70726F78 		.ascii	"proxTouchTh\000"
 1737      546F7563 
 1737      68546800 
 1738              	.LASF7:
 1739 01f9 5F5F7569 		.ascii	"__uint32_t\000"
 1739      6E743332 
 1739      5F7400
ARM GAS  C:\Users\DAVIDW~1\AppData\Local\Temp\ccy0DtqO.s 			page 37


 1740              	.LASF33:
 1741 0204 736E7343 		.ascii	"snsClkSource\000"
 1741      6C6B536F 
 1741      75726365 
 1741      00
 1742              	.LASF4:
 1743 0211 5F5F7569 		.ascii	"__uint16_t\000"
 1743      6E743136 
 1743      5F7400
 1744              	.LASF78:
 1745 021c 43617053 		.ascii	"CapSense_TU_CMD_NONE_E\000"
 1745      656E7365 
 1745      5F54555F 
 1745      434D445F 
 1745      4E4F4E45 
 1746              	.LASF26:
 1747 0233 6E6F6973 		.ascii	"noiseTh\000"
 1747      65546800 
 1748              	.LASF49:
 1749 023b 64657669 		.ascii	"deviceId\000"
 1749      63654964 
 1749      00
 1750              	.LASF20:
 1751 0244 75696E74 		.ascii	"uint16\000"
 1751      313600
 1752              	.LASF105:
 1753 024b 43617053 		.ascii	"CapSense_RunTuner\000"
 1753      656E7365 
 1753      5F52756E 
 1753      54756E65 
 1753      7200
 1754              	.LASF70:
 1755 025d 70747232 		.ascii	"ptr2DebounceArr\000"
 1755      4465626F 
 1755      756E6365 
 1755      41727200 
 1756              	.LASF12:
 1757 026d 75696E74 		.ascii	"uint8_t\000"
 1757      385F7400 
 1758              	.LASF19:
 1759 0275 75696E74 		.ascii	"uint8\000"
 1759      3800
 1760              	.LASF32:
 1761 027b 736E7343 		.ascii	"snsClk\000"
 1761      6C6B00
 1762              	.LASF17:
 1763 0282 666C6F61 		.ascii	"float\000"
 1763      7400
 1764              	.LASF40:
 1765 0288 43617053 		.ascii	"CapSense_RAM_WD_LIST_STRUCT\000"
 1765      656E7365 
 1765      5F52414D 
 1765      5F57445F 
 1765      4C495354 
 1766              	.LASF9:
 1767 02a4 6C6F6E67 		.ascii	"long long int\000"
 1767      206C6F6E 
ARM GAS  C:\Users\DAVIDW~1\AppData\Local\Temp\ccy0DtqO.s 			page 38


 1767      6720696E 
 1767      7400
 1768              	.LASF83:
 1769 02b2 43617053 		.ascii	"CapSense_TU_CMD_PING_E\000"
 1769      656E7365 
 1769      5F54555F 
 1769      434D445F 
 1769      50494E47 
 1770              	.LASF39:
 1771 02c9 70726F78 		.ascii	"proximity0\000"
 1771      696D6974 
 1771      793000
 1772              	.LASF16:
 1773 02d4 63686172 		.ascii	"char\000"
 1773      00
 1774              	.LASF6:
 1775 02d9 6C6F6E67 		.ascii	"long int\000"
 1775      20696E74 
 1775      00
 1776              	.LASF73:
 1777 02e2 77646774 		.ascii	"wdgtType\000"
 1777      54797065 
 1777      00
 1778              	.LASF22:
 1779 02eb 43617053 		.ascii	"CapSense_THRESHOLD_TYPE\000"
 1779      656E7365 
 1779      5F544852 
 1779      4553484F 
 1779      4C445F54 
 1780              	.LASF44:
 1781 0303 6E656742 		.ascii	"negBslnRstCnt\000"
 1781      736C6E52 
 1781      7374436E 
 1781      7400
 1782              	.LASF3:
 1783 0311 5F5F7569 		.ascii	"__uint8_t\000"
 1783      6E74385F 
 1783      7400
 1784              	.LASF36:
 1785 031b 43617053 		.ascii	"CapSense_RAM_WD_PROXIMITY_STRUCT\000"
 1785      656E7365 
 1785      5F52414D 
 1785      5F57445F 
 1785      50524F58 
 1786              	.LASF96:
 1787 033c 43617053 		.ascii	"CapSense_dsRam\000"
 1787      656E7365 
 1787      5F647352 
 1787      616D00
 1788              	.LASF25:
 1789 034b 66696E67 		.ascii	"fingerTh\000"
 1789      65725468 
 1789      00
 1790              	.LASF74:
 1791 0354 6E756D43 		.ascii	"numCols\000"
 1791      6F6C7300 
 1792              	.LASF28:
ARM GAS  C:\Users\DAVIDW~1\AppData\Local\Temp\ccy0DtqO.s 			page 39


 1793 035c 68797374 		.ascii	"hysteresis\000"
 1793      65726573 
 1793      697300
 1794              	.LASF103:
 1795 0367 433A5C55 		.ascii	"C:\\Users\\David w zhang\\Desktop\\Project\\SmartLo"
 1795      73657273 
 1795      5C446176 
 1795      69642077 
 1795      207A6861 
 1796 0395 636B5F4C 		.ascii	"ck_Lumi\\SmartLock.cydsn\000"
 1796      756D695C 
 1796      536D6172 
 1796      744C6F63 
 1796      6B2E6379 
 1797              	.LASF51:
 1798 03ad 74756E65 		.ascii	"tunerCmd\000"
 1798      72436D64 
 1798      00
 1799              	.LASF86:
 1800 03b6 6C6F6E67 		.ascii	"long double\000"
 1800      20646F75 
 1800      626C6500 
 1801              	.LASF55:
 1802 03c2 77646774 		.ascii	"wdgtStatus\000"
 1802      53746174 
 1802      757300
 1803              	.LASF94:
 1804 03cd 70747253 		.ascii	"ptrSnsTmp\000"
 1804      6E73546D 
 1804      7000
 1805              	.LASF1:
 1806 03d7 756E7369 		.ascii	"unsigned char\000"
 1806      676E6564 
 1806      20636861 
 1806      7200
 1807              	.LASF97:
 1808 03e5 43617053 		.ascii	"CapSense_dsFlash\000"
 1808      656E7365 
 1808      5F647346 
 1808      6C617368 
 1808      00
 1809              	.LASF0:
 1810 03f6 7369676E 		.ascii	"signed char\000"
 1810      65642063 
 1810      68617200 
 1811              	.LASF47:
 1812 0402 43617053 		.ascii	"CapSense_RAM_SNS_LIST_STRUCT\000"
 1812      656E7365 
 1812      5F52414D 
 1812      5F534E53 
 1812      5F4C4953 
 1813              	.LASF10:
 1814 041f 6C6F6E67 		.ascii	"long long unsigned int\000"
 1814      206C6F6E 
 1814      6720756E 
 1814      7369676E 
 1814      65642069 
ARM GAS  C:\Users\DAVIDW~1\AppData\Local\Temp\ccy0DtqO.s 			page 40


 1815              	.LASF46:
 1816 0436 43617053 		.ascii	"CapSense_RAM_SNS_STRUCT\000"
 1816      656E7365 
 1816      5F52414D 
 1816      5F534E53 
 1816      5F535452 
 1817              	.LASF14:
 1818 044e 75696E74 		.ascii	"uint32_t\000"
 1818      33325F74 
 1818      00
 1819              	.LASF71:
 1820 0457 73746174 		.ascii	"staticConfig\000"
 1820      6963436F 
 1820      6E666967 
 1820      00
 1821              	.LASF100:
 1822 0464 43617053 		.ascii	"CapSense_Start\000"
 1822      656E7365 
 1822      5F537461 
 1822      727400
 1823              	.LASF11:
 1824 0473 756E7369 		.ascii	"unsigned int\000"
 1824      676E6564 
 1824      20696E74 
 1824      00
 1825              	.LASF13:
 1826 0480 75696E74 		.ascii	"uint16_t\000"
 1826      31365F74 
 1826      00
 1827              	.LASF54:
 1828 0489 77646774 		.ascii	"wdgtEnable\000"
 1828      456E6162 
 1828      6C6500
 1829              	.LASF53:
 1830 0494 73746174 		.ascii	"status\000"
 1830      757300
 1831              	.LASF5:
 1832 049b 73686F72 		.ascii	"short unsigned int\000"
 1832      7420756E 
 1832      7369676E 
 1832      65642069 
 1832      6E7400
 1833              	.LASF48:
 1834 04ae 636F6E66 		.ascii	"configId\000"
 1834      69674964 
 1834      00
 1835              	.LASF88:
 1836 04b7 77696467 		.ascii	"widgetId\000"
 1836      65744964 
 1836      00
 1837              	.LASF62:
 1838 04c0 736E7254 		.ascii	"snrTestSensorId\000"
 1838      65737453 
 1838      656E736F 
 1838      72496400 
 1839              	.LASF63:
 1840 04d0 736E7254 		.ascii	"snrTestScanCounter\000"
ARM GAS  C:\Users\DAVIDW~1\AppData\Local\Temp\ccy0DtqO.s 			page 41


 1840      65737453 
 1840      63616E43 
 1840      6F756E74 
 1840      657200
 1841              	.LASF24:
 1842 04e3 7265736F 		.ascii	"resolution\000"
 1842      6C757469 
 1842      6F6E00
 1843              	.LASF60:
 1844 04ee 736E734C 		.ascii	"snsList\000"
 1844      69737400 
 1845              	.LASF58:
 1846 04f6 6D6F6443 		.ascii	"modCsdClk\000"
 1846      7364436C 
 1846      6B00
 1847              	.LASF52:
 1848 0500 7363616E 		.ascii	"scanCounter\000"
 1848      436F756E 
 1848      74657200 
 1849              	.LASF67:
 1850 050c 70747232 		.ascii	"ptr2WdgtRam\000"
 1850      57646774 
 1850      52616D00 
 1851              	.LASF87:
 1852 0518 696E7465 		.ascii	"interruptState\000"
 1852      72727570 
 1852      74537461 
 1852      746500
 1853              	.LASF65:
 1854 0527 43617053 		.ascii	"CapSense_RAM_STRUCT\000"
 1854      656E7365 
 1854      5F52414D 
 1854      5F535452 
 1854      55435400 
 1855              	.LASF21:
 1856 053b 75696E74 		.ascii	"uint32\000"
 1856      333200
 1857              	.LASF8:
 1858 0542 6C6F6E67 		.ascii	"long unsigned int\000"
 1858      20756E73 
 1858      69676E65 
 1858      6420696E 
 1858      7400
 1859              	.LASF18:
 1860 0554 646F7562 		.ascii	"double\000"
 1860      6C6500
 1861              	.LASF68:
 1862 055b 70747232 		.ascii	"ptr2SnsRam\000"
 1862      536E7352 
 1862      616D00
 1863              	.LASF42:
 1864 0566 62736C6E 		.ascii	"bslnExt\000"
 1864      45787400 
 1865              	.LASF102:
 1866 056e 47656E65 		.ascii	"Generated_Source\\PSoC6\\CapSense_Tuner.c\000"
 1866      72617465 
 1866      645F536F 
ARM GAS  C:\Users\DAVIDW~1\AppData\Local\Temp\ccy0DtqO.s 			page 42


 1866      75726365 
 1866      5C50536F 
 1867              	.LASF82:
 1868 0596 43617053 		.ascii	"CapSense_TU_CMD_RUN_SNR_TEST_E\000"
 1868      656E7365 
 1868      5F54555F 
 1868      434D445F 
 1868      52554E5F 
 1869              	.LASF93:
 1870 05b5 70747244 		.ascii	"ptrDsRam\000"
 1870      7352616D 
 1870      00
 1871              	.LASF23:
 1872 05be 43617053 		.ascii	"CapSense_LOW_BSLN_RST_TYPE\000"
 1872      656E7365 
 1872      5F4C4F57 
 1872      5F42534C 
 1872      4E5F5253 
 1873              	.LASF50:
 1874 05d9 6877436C 		.ascii	"hwClock\000"
 1874      6F636B00 
 1875              	.LASF90:
 1876 05e1 75706461 		.ascii	"updateFlag\000"
 1876      7465466C 
 1876      616700
 1877              	.LASF80:
 1878 05ec 43617053 		.ascii	"CapSense_TU_CMD_RESUME_E\000"
 1878      656E7365 
 1878      5F54555F 
 1878      434D445F 
 1878      52455355 
 1879              	.LASF37:
 1880 0605 62757474 		.ascii	"button0\000"
 1880      6F6E3000 
 1881              	.LASF38:
 1882 060d 62757474 		.ascii	"button1\000"
 1882      6F6E3100 
 1883              	.LASF69:
 1884 0615 70747232 		.ascii	"ptr2FltrHistory\000"
 1884      466C7472 
 1884      48697374 
 1884      6F727900 
 1885              	.LASF76:
 1886 0625 77646774 		.ascii	"wdgtArray\000"
 1886      41727261 
 1886      7900
 1887              	.LASF79:
 1888 062f 43617053 		.ascii	"CapSense_TU_CMD_SUSPEND_E\000"
 1888      656E7365 
 1888      5F54555F 
 1888      434D445F 
 1888      53555350 
 1889              	.LASF61:
 1890 0649 736E7254 		.ascii	"snrTestWidgetId\000"
 1890      65737457 
 1890      69646765 
 1890      74496400 
ARM GAS  C:\Users\DAVIDW~1\AppData\Local\Temp\ccy0DtqO.s 			page 43


 1891              	.LASF99:
 1892 0659 43795F53 		.ascii	"Cy_SysLib_ExitCriticalSection\000"
 1892      79734C69 
 1892      625F4578 
 1892      69744372 
 1892      69746963 
 1893              	.LASF92:
 1894 0677 74756E65 		.ascii	"tunerStatus\000"
 1894      72537461 
 1894      74757300 
 1895              	.LASF66:
 1896 0683 70747232 		.ascii	"ptr2SnsFlash\000"
 1896      536E7346 
 1896      6C617368 
 1896      00
 1897              	.LASF56:
 1898 0690 736E7353 		.ascii	"snsStatus\000"
 1898      74617475 
 1898      7300
 1899              	.LASF91:
 1900 069a 636F6D6D 		.ascii	"command\000"
 1900      616E6400 
 1901              		.ident	"GCC: (GNU Tools for ARM Embedded Processors) 5.4.1 20160609 (release) [ARM/embedded-5-bran
