ARM GAS  C:\Users\DAVIDW~1\AppData\Local\Temp\cctjWlzz.s 			page 1


   1              		.syntax unified
   2              		.cpu cortex-m0plus
   3              		.fpu softvfp
   4              		.eabi_attribute 20, 1
   5              		.eabi_attribute 21, 1
   6              		.eabi_attribute 23, 3
   7              		.eabi_attribute 24, 1
   8              		.eabi_attribute 25, 1
   9              		.eabi_attribute 26, 1
  10              		.eabi_attribute 30, 1
  11              		.eabi_attribute 34, 0
  12              		.eabi_attribute 18, 4
  13              		.thumb
  14              		.syntax unified
  15              		.file	"cyfitter_sysint_cfg.c"
  16              		.text
  17              	.Ltext0:
  18              		.cfi_sections	.debug_frame
  19              		.global	CapSense_ISR_cfg
  20              		.global	SCB_SCB_IRQ_cfg
  21              		.section	.rodata
  22              		.align	2
  23              		.type	CapSense_ISR_cfg, %object
  24              		.size	CapSense_ISR_cfg, 8
  25              	CapSense_ISR_cfg:
  26 0000 0800     		.short	8
  27 0002 31       		.byte	49
  28 0003 00       		.space	1
  29 0004 03000000 		.word	3
  30              		.type	SCB_SCB_IRQ_cfg, %object
  31              		.size	SCB_SCB_IRQ_cfg, 8
  32              	SCB_SCB_IRQ_cfg:
  33 0008 0900     		.short	9
  34 000a 2C       		.byte	44
  35 000b 00       		.space	1
  36 000c 03000000 		.word	3
  37              		.text
  38              	.Letext0:
  39              		.file 1 "Generated_Source\\PSoC6\\pdl\\devices/psoc6/psoc63/include/cy8c6347bzi_bld53.h"
  40              		.file 2 "e:\\program files\\cypress\\psoc creator\\4.2\\psoc creator\\import\\gnu\\arm\\5.4.1\\arm
  41              		.file 3 "e:\\program files\\cypress\\psoc creator\\4.2\\psoc creator\\import\\gnu\\arm\\5.4.1\\arm
  42              		.file 4 "Generated_Source\\PSoC6\\pdl\\drivers/peripheral/sysint/cy_sysint.h"
  43              		.file 5 "Generated_Source\\PSoC6\\cyfitter_sysint_cfg.c"
  44              		.section	.debug_info,"",%progbits
  45              	.Ldebug_info0:
  46 0000 8B050000 		.4byte	0x58b
  47 0004 0400     		.2byte	0x4
  48 0006 00000000 		.4byte	.Ldebug_abbrev0
  49 000a 04       		.byte	0x4
  50 000b 01       		.uleb128 0x1
  51 000c 0D0E0000 		.4byte	.LASF211
  52 0010 0C       		.byte	0xc
  53 0011 CB0E0000 		.4byte	.LASF212
  54 0015 75080000 		.4byte	.LASF213
  55 0019 00000000 		.4byte	.Ldebug_line0
  56 001d 02       		.uleb128 0x2
  57 001e 02       		.byte	0x2
ARM GAS  C:\Users\DAVIDW~1\AppData\Local\Temp\cctjWlzz.s 			page 2


  58 001f 14010000 		.4byte	0x114
  59 0023 01       		.byte	0x1
  60 0024 24       		.byte	0x24
  61 0025 14010000 		.4byte	0x114
  62 0029 03       		.uleb128 0x3
  63 002a 5C020000 		.4byte	.LASF0
  64 002e 71       		.sleb128 -15
  65 002f 03       		.uleb128 0x3
  66 0030 8F0F0000 		.4byte	.LASF1
  67 0034 72       		.sleb128 -14
  68 0035 03       		.uleb128 0x3
  69 0036 24100000 		.4byte	.LASF2
  70 003a 73       		.sleb128 -13
  71 003b 03       		.uleb128 0x3
  72 003c 5E090000 		.4byte	.LASF3
  73 0040 7B       		.sleb128 -5
  74 0041 03       		.uleb128 0x3
  75 0042 490F0000 		.4byte	.LASF4
  76 0046 7E       		.sleb128 -2
  77 0047 03       		.uleb128 0x3
  78 0048 39080000 		.4byte	.LASF5
  79 004c 7F       		.sleb128 -1
  80 004d 04       		.uleb128 0x4
  81 004e 26090000 		.4byte	.LASF6
  82 0052 00       		.byte	0
  83 0053 04       		.uleb128 0x4
  84 0054 F8110000 		.4byte	.LASF7
  85 0058 01       		.byte	0x1
  86 0059 04       		.uleb128 0x4
  87 005a BA000000 		.4byte	.LASF8
  88 005e 02       		.byte	0x2
  89 005f 04       		.uleb128 0x4
  90 0060 05030000 		.4byte	.LASF9
  91 0064 03       		.byte	0x3
  92 0065 04       		.uleb128 0x4
  93 0066 10050000 		.4byte	.LASF10
  94 006a 04       		.byte	0x4
  95 006b 04       		.uleb128 0x4
  96 006c 620D0000 		.4byte	.LASF11
  97 0070 05       		.byte	0x5
  98 0071 04       		.uleb128 0x4
  99 0072 4F100000 		.4byte	.LASF12
 100 0076 06       		.byte	0x6
 101 0077 04       		.uleb128 0x4
 102 0078 F20C0000 		.4byte	.LASF13
 103 007c 07       		.byte	0x7
 104 007d 04       		.uleb128 0x4
 105 007e E1060000 		.4byte	.LASF14
 106 0082 08       		.byte	0x8
 107 0083 04       		.uleb128 0x4
 108 0084 50090000 		.4byte	.LASF15
 109 0088 09       		.byte	0x9
 110 0089 04       		.uleb128 0x4
 111 008a D30F0000 		.4byte	.LASF16
 112 008e 0A       		.byte	0xa
 113 008f 04       		.uleb128 0x4
 114 0090 1E120000 		.4byte	.LASF17
ARM GAS  C:\Users\DAVIDW~1\AppData\Local\Temp\cctjWlzz.s 			page 3


 115 0094 0B       		.byte	0xb
 116 0095 04       		.uleb128 0x4
 117 0096 74060000 		.4byte	.LASF18
 118 009a 0C       		.byte	0xc
 119 009b 04       		.uleb128 0x4
 120 009c BB080000 		.4byte	.LASF19
 121 00a0 0D       		.byte	0xd
 122 00a1 04       		.uleb128 0x4
 123 00a2 E90A0000 		.4byte	.LASF20
 124 00a6 0E       		.byte	0xe
 125 00a7 04       		.uleb128 0x4
 126 00a8 4C000000 		.4byte	.LASF21
 127 00ac 0F       		.byte	0xf
 128 00ad 04       		.uleb128 0x4
 129 00ae B8020000 		.4byte	.LASF22
 130 00b2 10       		.byte	0x10
 131 00b3 04       		.uleb128 0x4
 132 00b4 C7040000 		.4byte	.LASF23
 133 00b8 11       		.byte	0x11
 134 00b9 04       		.uleb128 0x4
 135 00ba 000D0000 		.4byte	.LASF24
 136 00be 12       		.byte	0x12
 137 00bf 04       		.uleb128 0x4
 138 00c0 E20F0000 		.4byte	.LASF25
 139 00c4 13       		.byte	0x13
 140 00c5 04       		.uleb128 0x4
 141 00c6 D4050000 		.4byte	.LASF26
 142 00ca 14       		.byte	0x14
 143 00cb 04       		.uleb128 0x4
 144 00cc 13080000 		.4byte	.LASF27
 145 00d0 15       		.byte	0x15
 146 00d1 04       		.uleb128 0x4
 147 00d2 1F110000 		.4byte	.LASF28
 148 00d6 16       		.byte	0x16
 149 00d7 04       		.uleb128 0x4
 150 00d8 86130000 		.4byte	.LASF29
 151 00dc 17       		.byte	0x17
 152 00dd 04       		.uleb128 0x4
 153 00de 4D020000 		.4byte	.LASF30
 154 00e2 18       		.byte	0x18
 155 00e3 04       		.uleb128 0x4
 156 00e4 FF090000 		.4byte	.LASF31
 157 00e8 19       		.byte	0x19
 158 00e9 04       		.uleb128 0x4
 159 00ea 9D060000 		.4byte	.LASF32
 160 00ee 1A       		.byte	0x1a
 161 00ef 04       		.uleb128 0x4
 162 00f0 800F0000 		.4byte	.LASF33
 163 00f4 1B       		.byte	0x1b
 164 00f5 04       		.uleb128 0x4
 165 00f6 D7030000 		.4byte	.LASF34
 166 00fa 1C       		.byte	0x1c
 167 00fb 04       		.uleb128 0x4
 168 00fc E3050000 		.4byte	.LASF35
 169 0100 1D       		.byte	0x1d
 170 0101 04       		.uleb128 0x4
 171 0102 70100000 		.4byte	.LASF36
ARM GAS  C:\Users\DAVIDW~1\AppData\Local\Temp\cctjWlzz.s 			page 4


 172 0106 1E       		.byte	0x1e
 173 0107 04       		.uleb128 0x4
 174 0108 B8040000 		.4byte	.LASF37
 175 010c 1F       		.byte	0x1f
 176 010d 04       		.uleb128 0x4
 177 010e 4E0C0000 		.4byte	.LASF38
 178 0112 F0       		.byte	0xf0
 179 0113 00       		.byte	0
 180 0114 05       		.uleb128 0x5
 181 0115 02       		.byte	0x2
 182 0116 05       		.byte	0x5
 183 0117 5F0C0000 		.4byte	.LASF187
 184 011b 06       		.uleb128 0x6
 185 011c 700D0000 		.4byte	.LASF189
 186 0120 01       		.byte	0x1
 187 0121 F4       		.byte	0xf4
 188 0122 1D000000 		.4byte	0x1d
 189 0126 02       		.uleb128 0x2
 190 0127 01       		.byte	0x1
 191 0128 AB040000 		.4byte	0x4ab
 192 012c 01       		.byte	0x1
 193 012d FD       		.byte	0xfd
 194 012e AB040000 		.4byte	0x4ab
 195 0132 04       		.uleb128 0x4
 196 0133 B9010000 		.4byte	.LASF39
 197 0137 00       		.byte	0
 198 0138 04       		.uleb128 0x4
 199 0139 08100000 		.4byte	.LASF40
 200 013d 01       		.byte	0x1
 201 013e 04       		.uleb128 0x4
 202 013f 1B000000 		.4byte	.LASF41
 203 0143 02       		.byte	0x2
 204 0144 04       		.uleb128 0x4
 205 0145 150F0000 		.4byte	.LASF42
 206 0149 03       		.byte	0x3
 207 014a 04       		.uleb128 0x4
 208 014b 5E110000 		.4byte	.LASF43
 209 014f 04       		.byte	0x4
 210 0150 04       		.uleb128 0x4
 211 0151 69050000 		.4byte	.LASF44
 212 0155 05       		.byte	0x5
 213 0156 04       		.uleb128 0x4
 214 0157 B0070000 		.4byte	.LASF45
 215 015b 06       		.byte	0x6
 216 015c 04       		.uleb128 0x4
 217 015d 3E0A0000 		.4byte	.LASF46
 218 0161 07       		.byte	0x7
 219 0162 04       		.uleb128 0x4
 220 0163 1B130000 		.4byte	.LASF47
 221 0167 08       		.byte	0x8
 222 0168 04       		.uleb128 0x4
 223 0169 F5010000 		.4byte	.LASF48
 224 016d 09       		.byte	0x9
 225 016e 04       		.uleb128 0x4
 226 016f 1B0C0000 		.4byte	.LASF49
 227 0173 0A       		.byte	0xa
 228 0174 04       		.uleb128 0x4
ARM GAS  C:\Users\DAVIDW~1\AppData\Local\Temp\cctjWlzz.s 			page 5


 229 0175 CC0A0000 		.4byte	.LASF50
 230 0179 0B       		.byte	0xb
 231 017a 04       		.uleb128 0x4
 232 017b 8B110000 		.4byte	.LASF51
 233 017f 0C       		.byte	0xc
 234 0180 04       		.uleb128 0x4
 235 0181 B7050000 		.4byte	.LASF52
 236 0185 0D       		.byte	0xd
 237 0186 04       		.uleb128 0x4
 238 0187 F6070000 		.4byte	.LASF53
 239 018b 0E       		.byte	0xe
 240 018c 04       		.uleb128 0x4
 241 018d 25040000 		.4byte	.LASF54
 242 0191 0F       		.byte	0xf
 243 0192 04       		.uleb128 0x4
 244 0193 06120000 		.4byte	.LASF55
 245 0197 10       		.byte	0x10
 246 0198 04       		.uleb128 0x4
 247 0199 13030000 		.4byte	.LASF56
 248 019d 11       		.byte	0x11
 249 019e 04       		.uleb128 0x4
 250 019f 89000000 		.4byte	.LASF57
 251 01a3 12       		.byte	0x12
 252 01a4 04       		.uleb128 0x4
 253 01a5 3E040000 		.4byte	.LASF58
 254 01a9 13       		.byte	0x13
 255 01aa 04       		.uleb128 0x4
 256 01ab 3C060000 		.4byte	.LASF59
 257 01af 14       		.byte	0x14
 258 01b0 04       		.uleb128 0x4
 259 01b1 64120000 		.4byte	.LASF60
 260 01b5 15       		.byte	0x15
 261 01b6 04       		.uleb128 0x4
 262 01b7 75000000 		.4byte	.LASF61
 263 01bb 16       		.byte	0x16
 264 01bc 04       		.uleb128 0x4
 265 01bd 1E050000 		.4byte	.LASF62
 266 01c1 17       		.byte	0x17
 267 01c2 04       		.uleb128 0x4
 268 01c3 C8000000 		.4byte	.LASF63
 269 01c7 18       		.byte	0x18
 270 01c8 04       		.uleb128 0x4
 271 01c9 290D0000 		.4byte	.LASF64
 272 01cd 19       		.byte	0x19
 273 01ce 04       		.uleb128 0x4
 274 01cf 2C070000 		.4byte	.LASF65
 275 01d3 1A       		.byte	0x1a
 276 01d4 04       		.uleb128 0x4
 277 01d5 B1090000 		.4byte	.LASF66
 278 01d9 1B       		.byte	0x1b
 279 01da 04       		.uleb128 0x4
 280 01db F20B0000 		.4byte	.LASF67
 281 01df 1C       		.byte	0x1c
 282 01e0 04       		.uleb128 0x4
 283 01e1 22010000 		.4byte	.LASF68
 284 01e5 1D       		.byte	0x1d
 285 01e6 04       		.uleb128 0x4
ARM GAS  C:\Users\DAVIDW~1\AppData\Local\Temp\cctjWlzz.s 			page 6


 286 01e7 66030000 		.4byte	.LASF69
 287 01eb 1E       		.byte	0x1e
 288 01ec 04       		.uleb128 0x4
 289 01ed 85050000 		.4byte	.LASF70
 290 01f1 1F       		.byte	0x1f
 291 01f2 04       		.uleb128 0x4
 292 01f3 B80D0000 		.4byte	.LASF71
 293 01f7 20       		.byte	0x20
 294 01f8 04       		.uleb128 0x4
 295 01f9 B4100000 		.4byte	.LASF72
 296 01fd 21       		.byte	0x21
 297 01fe 04       		.uleb128 0x4
 298 01ff 37130000 		.4byte	.LASF73
 299 0203 22       		.byte	0x22
 300 0204 04       		.uleb128 0x4
 301 0205 7F120000 		.4byte	.LASF74
 302 0209 23       		.byte	0x23
 303 020a 04       		.uleb128 0x4
 304 020b 3E010000 		.4byte	.LASF75
 305 020f 24       		.byte	0x24
 306 0210 04       		.uleb128 0x4
 307 0211 9E030000 		.4byte	.LASF76
 308 0215 25       		.byte	0x25
 309 0216 04       		.uleb128 0x4
 310 0217 69130000 		.4byte	.LASF77
 311 021b 26       		.byte	0x26
 312 021c 04       		.uleb128 0x4
 313 021d F00D0000 		.4byte	.LASF78
 314 0221 27       		.byte	0x27
 315 0222 04       		.uleb128 0x4
 316 0223 EC100000 		.4byte	.LASF79
 317 0227 28       		.byte	0x28
 318 0228 04       		.uleb128 0x4
 319 0229 F3000000 		.4byte	.LASF80
 320 022d 29       		.byte	0x29
 321 022e 04       		.uleb128 0x4
 322 022f FB040000 		.4byte	.LASF81
 323 0233 2A       		.byte	0x2a
 324 0234 04       		.uleb128 0x4
 325 0235 37050000 		.4byte	.LASF82
 326 0239 2B       		.byte	0x2b
 327 023a 04       		.uleb128 0x4
 328 023b 550F0000 		.4byte	.LASF83
 329 023f 2C       		.byte	0x2c
 330 0240 04       		.uleb128 0x4
 331 0241 290A0000 		.4byte	.LASF84
 332 0245 2D       		.byte	0x2d
 333 0246 04       		.uleb128 0x4
 334 0247 37000000 		.4byte	.LASF85
 335 024b 2E       		.byte	0x2e
 336 024c 04       		.uleb128 0x4
 337 024d BE0F0000 		.4byte	.LASF86
 338 0251 2F       		.byte	0x2f
 339 0252 04       		.uleb128 0x4
 340 0253 2E110000 		.4byte	.LASF87
 341 0257 30       		.byte	0x30
 342 0258 04       		.uleb128 0x4
ARM GAS  C:\Users\DAVIDW~1\AppData\Local\Temp\cctjWlzz.s 			page 7


 343 0259 5D100000 		.4byte	.LASF88
 344 025d 31       		.byte	0x31
 345 025e 04       		.uleb128 0x4
 346 025f DC110000 		.4byte	.LASF89
 347 0263 32       		.byte	0x32
 348 0264 04       		.uleb128 0x4
 349 0265 9E000000 		.4byte	.LASF90
 350 0269 33       		.byte	0x33
 351 026a 04       		.uleb128 0x4
 352 026b 58060000 		.4byte	.LASF91
 353 026f 34       		.byte	0x34
 354 0270 04       		.uleb128 0x4
 355 0271 B00A0000 		.4byte	.LASF92
 356 0275 35       		.byte	0x35
 357 0276 04       		.uleb128 0x4
 358 0277 09040000 		.4byte	.LASF93
 359 027b 36       		.byte	0x36
 360 027c 04       		.uleb128 0x4
 361 027d 33100000 		.4byte	.LASF94
 362 0281 37       		.byte	0x37
 363 0282 04       		.uleb128 0x4
 364 0283 7C040000 		.4byte	.LASF95
 365 0287 38       		.byte	0x38
 366 0288 04       		.uleb128 0x4
 367 0289 B8120000 		.4byte	.LASF96
 368 028d 39       		.byte	0x39
 369 028e 04       		.uleb128 0x4
 370 028f 34090000 		.4byte	.LASF97
 371 0293 3A       		.byte	0x3a
 372 0294 04       		.uleb128 0x4
 373 0295 7A0B0000 		.4byte	.LASF98
 374 0299 3B       		.byte	0x3b
 375 029a 04       		.uleb128 0x4
 376 029b 7A090000 		.4byte	.LASF99
 377 029f 3C       		.byte	0x3c
 378 02a0 04       		.uleb128 0x4
 379 02a1 BB0B0000 		.4byte	.LASF100
 380 02a5 3D       		.byte	0x3d
 381 02a6 04       		.uleb128 0x4
 382 02a7 F80E0000 		.4byte	.LASF101
 383 02ab 3E       		.byte	0x3e
 384 02ac 04       		.uleb128 0x4
 385 02ad 5A0A0000 		.4byte	.LASF102
 386 02b1 3F       		.byte	0x3f
 387 02b2 04       		.uleb128 0x4
 388 02b3 4C050000 		.4byte	.LASF103
 389 02b7 40       		.byte	0x40
 390 02b8 04       		.uleb128 0x4
 391 02b9 93070000 		.4byte	.LASF104
 392 02bd 41       		.byte	0x41
 393 02be 04       		.uleb128 0x4
 394 02bf 470B0000 		.4byte	.LASF105
 395 02c3 42       		.byte	0x42
 396 02c4 04       		.uleb128 0x4
 397 02c5 D40D0000 		.4byte	.LASF106
 398 02c9 43       		.byte	0x43
 399 02ca 04       		.uleb128 0x4
ARM GAS  C:\Users\DAVIDW~1\AppData\Local\Temp\cctjWlzz.s 			page 8


 400 02cb D0100000 		.4byte	.LASF107
 401 02cf 44       		.byte	0x44
 402 02d0 04       		.uleb128 0x4
 403 02d1 D60C0000 		.4byte	.LASF108
 404 02d5 45       		.byte	0x45
 405 02d6 04       		.uleb128 0x4
 406 02d7 48070000 		.4byte	.LASF109
 407 02db 46       		.byte	0x46
 408 02dc 04       		.uleb128 0x4
 409 02dd CD090000 		.4byte	.LASF110
 410 02e1 47       		.byte	0x47
 411 02e2 04       		.uleb128 0x4
 412 02e3 9C120000 		.4byte	.LASF111
 413 02e7 48       		.byte	0x48
 414 02e8 04       		.uleb128 0x4
 415 02e9 82030000 		.4byte	.LASF112
 416 02ed 49       		.byte	0x49
 417 02ee 04       		.uleb128 0x4
 418 02ef BB030000 		.4byte	.LASF113
 419 02f3 4A       		.byte	0x4a
 420 02f4 04       		.uleb128 0x4
 421 02f5 E1020000 		.4byte	.LASF114
 422 02f9 4B       		.byte	0x4b
 423 02fa 04       		.uleb128 0x4
 424 02fb 47120000 		.4byte	.LASF115
 425 02ff 4C       		.byte	0x4c
 426 0300 04       		.uleb128 0x4
 427 0301 450D0000 		.4byte	.LASF116
 428 0305 4D       		.byte	0x4d
 429 0306 04       		.uleb128 0x4
 430 0307 BF110000 		.4byte	.LASF117
 431 030b 4E       		.byte	0x4e
 432 030c 04       		.uleb128 0x4
 433 030d 0D060000 		.4byte	.LASF118
 434 0311 4F       		.byte	0x4f
 435 0312 04       		.uleb128 0x4
 436 0313 46080000 		.4byte	.LASF119
 437 0317 50       		.byte	0x50
 438 0318 04       		.uleb128 0x4
 439 0319 770A0000 		.4byte	.LASF120
 440 031d 51       		.byte	0x51
 441 031e 04       		.uleb128 0x4
 442 031f C3060000 		.4byte	.LASF121
 443 0323 52       		.byte	0x52
 444 0324 04       		.uleb128 0x4
 445 0325 FF080000 		.4byte	.LASF122
 446 0329 53       		.byte	0x53
 447 032a 04       		.uleb128 0x4
 448 032b 82020000 		.4byte	.LASF123
 449 032f 54       		.byte	0x54
 450 0330 04       		.uleb128 0x4
 451 0331 64070000 		.4byte	.LASF124
 452 0335 55       		.byte	0x55
 453 0336 04       		.uleb128 0x4
 454 0337 FB120000 		.4byte	.LASF125
 455 033b 56       		.byte	0x56
 456 033c 04       		.uleb128 0x4
ARM GAS  C:\Users\DAVIDW~1\AppData\Local\Temp\cctjWlzz.s 			page 9


 457 033d D5010000 		.4byte	.LASF126
 458 0341 57       		.byte	0x57
 459 0342 04       		.uleb128 0x4
 460 0343 690C0000 		.4byte	.LASF127
 461 0347 58       		.byte	0x58
 462 0348 04       		.uleb128 0x4
 463 0349 98040000 		.4byte	.LASF128
 464 034d 59       		.byte	0x59
 465 034e 04       		.uleb128 0x4
 466 034f 2D120000 		.4byte	.LASF129
 467 0353 5A       		.byte	0x5a
 468 0354 04       		.uleb128 0x4
 469 0355 83060000 		.4byte	.LASF130
 470 0359 5B       		.byte	0x5b
 471 035a 04       		.uleb128 0x4
 472 035b CA080000 		.4byte	.LASF131
 473 035f 5C       		.byte	0x5c
 474 0360 04       		.uleb128 0x4
 475 0361 F80A0000 		.4byte	.LASF132
 476 0365 5D       		.byte	0x5d
 477 0366 04       		.uleb128 0x4
 478 0367 5B000000 		.4byte	.LASF133
 479 036b 5E       		.byte	0x5e
 480 036c 04       		.uleb128 0x4
 481 036d C7020000 		.4byte	.LASF134
 482 0371 5F       		.byte	0x5f
 483 0372 04       		.uleb128 0x4
 484 0373 D6040000 		.4byte	.LASF135
 485 0377 60       		.byte	0x60
 486 0378 04       		.uleb128 0x4
 487 0379 0F0D0000 		.4byte	.LASF136
 488 037d 61       		.byte	0x61
 489 037e 04       		.uleb128 0x4
 490 037f 29030000 		.4byte	.LASF137
 491 0383 62       		.byte	0x62
 492 0384 04       		.uleb128 0x4
 493 0385 2D0B0000 		.4byte	.LASF138
 494 0389 63       		.byte	0x63
 495 038a 04       		.uleb128 0x4
 496 038b 9E0D0000 		.4byte	.LASF139
 497 038f 64       		.byte	0x64
 498 0390 04       		.uleb128 0x4
 499 0391 9A100000 		.4byte	.LASF140
 500 0395 65       		.byte	0x65
 501 0396 04       		.uleb128 0x4
 502 0397 E1120000 		.4byte	.LASF141
 503 039b 66       		.byte	0x66
 504 039c 04       		.uleb128 0x4
 505 039d 12070000 		.4byte	.LASF142
 506 03a1 67       		.byte	0x67
 507 03a2 04       		.uleb128 0x4
 508 03a3 97090000 		.4byte	.LASF143
 509 03a7 68       		.byte	0x68
 510 03a8 04       		.uleb128 0x4
 511 03a9 D80B0000 		.4byte	.LASF144
 512 03ad 69       		.byte	0x69
 513 03ae 04       		.uleb128 0x4
ARM GAS  C:\Users\DAVIDW~1\AppData\Local\Temp\cctjWlzz.s 			page 10


 514 03af 08010000 		.4byte	.LASF145
 515 03b3 6A       		.byte	0x6a
 516 03b4 04       		.uleb128 0x4
 517 03b5 4C030000 		.4byte	.LASF146
 518 03b9 6B       		.byte	0x6b
 519 03ba 04       		.uleb128 0x4
 520 03bb 9E010000 		.4byte	.LASF147
 521 03bf 6C       		.byte	0x6c
 522 03c0 04       		.uleb128 0x4
 523 03c1 EE030000 		.4byte	.LASF148
 524 03c5 6D       		.byte	0x6d
 525 03c6 04       		.uleb128 0x4
 526 03c7 F2050000 		.4byte	.LASF149
 527 03cb 6E       		.byte	0x6e
 528 03cc 04       		.uleb128 0x4
 529 03cd E4080000 		.4byte	.LASF150
 530 03d1 6F       		.byte	0x6f
 531 03d2 04       		.uleb128 0x4
 532 03d3 43110000 		.4byte	.LASF151
 533 03d7 70       		.byte	0x70
 534 03d8 04       		.uleb128 0x4
 535 03d9 00000000 		.4byte	.LASF152
 536 03dd 71       		.byte	0x71
 537 03de 04       		.uleb128 0x4
 538 03df 67020000 		.4byte	.LASF153
 539 03e3 72       		.byte	0x72
 540 03e4 04       		.uleb128 0x4
 541 03e5 0E0A0000 		.4byte	.LASF154
 542 03e9 73       		.byte	0x73
 543 03ea 04       		.uleb128 0x4
 544 03eb 890C0000 		.4byte	.LASF155
 545 03ef 74       		.byte	0x74
 546 03f0 04       		.uleb128 0x4
 547 03f1 A30F0000 		.4byte	.LASF156
 548 03f5 75       		.byte	0x75
 549 03f6 04       		.uleb128 0x4
 550 03f7 120B0000 		.4byte	.LASF157
 551 03fb 76       		.byte	0x76
 552 03fc 04       		.uleb128 0x4
 553 03fd 7A0D0000 		.4byte	.LASF158
 554 0401 77       		.byte	0x77
 555 0402 04       		.uleb128 0x4
 556 0403 7F100000 		.4byte	.LASF159
 557 0407 78       		.byte	0x78
 558 0408 04       		.uleb128 0x4
 559 0409 BB0C0000 		.4byte	.LASF160
 560 040d 79       		.byte	0x79
 561 040e 04       		.uleb128 0x4
 562 040f 5B010000 		.4byte	.LASF161
 563 0413 7A       		.byte	0x7a
 564 0414 04       		.uleb128 0x4
 565 0415 DD000000 		.4byte	.LASF162
 566 0419 7B       		.byte	0x7b
 567 041a 04       		.uleb128 0x4
 568 041b A1050000 		.4byte	.LASF163
 569 041f 7C       		.byte	0x7c
 570 0420 04       		.uleb128 0x4
ARM GAS  C:\Users\DAVIDW~1\AppData\Local\Temp\cctjWlzz.s 			page 11


 571 0421 E0070000 		.4byte	.LASF164
 572 0425 7D       		.byte	0x7d
 573 0426 04       		.uleb128 0x4
 574 0427 09110000 		.4byte	.LASF165
 575 042b 7E       		.byte	0x7e
 576 042c 04       		.uleb128 0x4
 577 042d 53130000 		.4byte	.LASF166
 578 0431 7F       		.byte	0x7f
 579 0432 04       		.uleb128 0x4
 580 0433 2A020000 		.4byte	.LASF167
 581 0437 80       		.byte	0x80
 582 0438 04       		.uleb128 0x4
 583 0439 E9090000 		.4byte	.LASF168
 584 043d 81       		.byte	0x81
 585 043e 04       		.uleb128 0x4
 586 043f 380C0000 		.4byte	.LASF169
 587 0443 82       		.byte	0x82
 588 0444 04       		.uleb128 0x4
 589 0445 6A0F0000 		.4byte	.LASF170
 590 0449 83       		.byte	0x83
 591 044a 04       		.uleb128 0x4
 592 044b F10F0000 		.4byte	.LASF171
 593 044f 84       		.byte	0x84
 594 0450 04       		.uleb128 0x4
 595 0451 630B0000 		.4byte	.LASF172
 596 0455 85       		.byte	0x85
 597 0456 04       		.uleb128 0x4
 598 0457 A8110000 		.4byte	.LASF173
 599 045b 86       		.byte	0x86
 600 045c 04       		.uleb128 0x4
 601 045d A40C0000 		.4byte	.LASF174
 602 0461 87       		.byte	0x87
 603 0462 04       		.uleb128 0x4
 604 0463 22080000 		.4byte	.LASF175
 605 0467 88       		.byte	0x88
 606 0468 04       		.uleb128 0x4
 607 0469 960B0000 		.4byte	.LASF176
 608 046d 89       		.byte	0x89
 609 046e 04       		.uleb128 0x4
 610 046f 310F0000 		.4byte	.LASF177
 611 0473 8A       		.byte	0x8a
 612 0474 04       		.uleb128 0x4
 613 0475 61040000 		.4byte	.LASF178
 614 0479 8B       		.byte	0x8b
 615 047a 04       		.uleb128 0x4
 616 047b 9F0E0000 		.4byte	.LASF179
 617 047f 8C       		.byte	0x8c
 618 0480 04       		.uleb128 0x4
 619 0481 7C070000 		.4byte	.LASF180
 620 0485 8D       		.byte	0x8d
 621 0486 04       		.uleb128 0x4
 622 0487 CC070000 		.4byte	.LASF181
 623 048b 8E       		.byte	0x8e
 624 048c 04       		.uleb128 0x4
 625 048d 940A0000 		.4byte	.LASF182
 626 0491 8F       		.byte	0x8f
 627 0492 04       		.uleb128 0x4
ARM GAS  C:\Users\DAVIDW~1\AppData\Local\Temp\cctjWlzz.s 			page 12


 628 0493 AC060000 		.4byte	.LASF183
 629 0497 90       		.byte	0x90
 630 0498 04       		.uleb128 0x4
 631 0499 88010000 		.4byte	.LASF184
 632 049d 91       		.byte	0x91
 633 049e 04       		.uleb128 0x4
 634 049f 11020000 		.4byte	.LASF185
 635 04a3 92       		.byte	0x92
 636 04a4 04       		.uleb128 0x4
 637 04a5 63080000 		.4byte	.LASF186
 638 04a9 F0       		.byte	0xf0
 639 04aa 00       		.byte	0
 640 04ab 05       		.uleb128 0x5
 641 04ac 01       		.byte	0x1
 642 04ad 08       		.byte	0x8
 643 04ae AD0B0000 		.4byte	.LASF188
 644 04b2 07       		.uleb128 0x7
 645 04b3 40020000 		.4byte	.LASF190
 646 04b7 01       		.byte	0x1
 647 04b8 9201     		.2byte	0x192
 648 04ba 26010000 		.4byte	0x126
 649 04be 05       		.uleb128 0x5
 650 04bf 01       		.byte	0x1
 651 04c0 06       		.byte	0x6
 652 04c1 AC020000 		.4byte	.LASF191
 653 04c5 05       		.uleb128 0x5
 654 04c6 02       		.byte	0x2
 655 04c7 07       		.byte	0x7
 656 04c8 EF060000 		.4byte	.LASF192
 657 04cc 05       		.uleb128 0x5
 658 04cd 04       		.byte	0x4
 659 04ce 05       		.byte	0x5
 660 04cf 43030000 		.4byte	.LASF193
 661 04d3 06       		.uleb128 0x6
 662 04d4 F0040000 		.4byte	.LASF194
 663 04d8 02       		.byte	0x2
 664 04d9 41       		.byte	0x41
 665 04da DE040000 		.4byte	0x4de
 666 04de 05       		.uleb128 0x5
 667 04df 04       		.byte	0x4
 668 04e0 07       		.byte	0x7
 669 04e1 2A060000 		.4byte	.LASF195
 670 04e5 05       		.uleb128 0x5
 671 04e6 08       		.byte	0x8
 672 04e7 05       		.byte	0x5
 673 04e8 9E020000 		.4byte	.LASF196
 674 04ec 05       		.uleb128 0x5
 675 04ed 08       		.byte	0x8
 676 04ee 07       		.byte	0x7
 677 04ef 71010000 		.4byte	.LASF197
 678 04f3 08       		.uleb128 0x8
 679 04f4 04       		.byte	0x4
 680 04f5 05       		.byte	0x5
 681 04f6 696E7400 		.ascii	"int\000"
 682 04fa 05       		.uleb128 0x5
 683 04fb 04       		.byte	0x4
 684 04fc 07       		.byte	0x7
ARM GAS  C:\Users\DAVIDW~1\AppData\Local\Temp\cctjWlzz.s 			page 13


 685 04fd 0E0C0000 		.4byte	.LASF198
 686 0501 06       		.uleb128 0x6
 687 0502 950D0000 		.4byte	.LASF199
 688 0506 03       		.byte	0x3
 689 0507 30       		.byte	0x30
 690 0508 D3040000 		.4byte	0x4d3
 691 050c 05       		.uleb128 0x5
 692 050d 04       		.byte	0x4
 693 050e 07       		.byte	0x7
 694 050f 1D090000 		.4byte	.LASF200
 695 0513 05       		.uleb128 0x5
 696 0514 08       		.byte	0x8
 697 0515 04       		.byte	0x4
 698 0516 BA0E0000 		.4byte	.LASF201
 699 051a 05       		.uleb128 0x5
 700 051b 01       		.byte	0x1
 701 051c 08       		.byte	0x8
 702 051d C60E0000 		.4byte	.LASF202
 703 0521 05       		.uleb128 0x5
 704 0522 04       		.byte	0x4
 705 0523 04       		.byte	0x4
 706 0524 AA0A0000 		.4byte	.LASF203
 707 0528 05       		.uleb128 0x5
 708 0529 08       		.byte	0x8
 709 052a 04       		.byte	0x4
 710 052b 5A040000 		.4byte	.LASF204
 711 052f 09       		.uleb128 0x9
 712 0530 08       		.byte	0x8
 713 0531 04       		.byte	0x4
 714 0532 EB       		.byte	0xeb
 715 0533 5C050000 		.4byte	0x55c
 716 0537 0A       		.uleb128 0xa
 717 0538 E6030000 		.4byte	.LASF205
 718 053c 04       		.byte	0x4
 719 053d EC       		.byte	0xec
 720 053e 1B010000 		.4byte	0x11b
 721 0542 00       		.byte	0
 722 0543 0A       		.uleb128 0xa
 723 0544 FD020000 		.4byte	.LASF206
 724 0548 04       		.byte	0x4
 725 0549 EE       		.byte	0xee
 726 054a B2040000 		.4byte	0x4b2
 727 054e 02       		.byte	0x2
 728 054f 0A       		.uleb128 0xa
 729 0550 D4120000 		.4byte	.LASF207
 730 0554 04       		.byte	0x4
 731 0555 F0       		.byte	0xf0
 732 0556 01050000 		.4byte	0x501
 733 055a 04       		.byte	0x4
 734 055b 00       		.byte	0
 735 055c 06       		.uleb128 0x6
 736 055d 6A090000 		.4byte	.LASF208
 737 0561 04       		.byte	0x4
 738 0562 F1       		.byte	0xf1
 739 0563 2F050000 		.4byte	0x52f
 740 0567 0B       		.uleb128 0xb
 741 0568 02070000 		.4byte	.LASF209
ARM GAS  C:\Users\DAVIDW~1\AppData\Local\Temp\cctjWlzz.s 			page 14


 742 056c 05       		.byte	0x5
 743 056d 18       		.byte	0x18
 744 056e 78050000 		.4byte	0x578
 745 0572 05       		.uleb128 0x5
 746 0573 03       		.byte	0x3
 747 0574 00000000 		.4byte	SCB_SCB_IRQ_cfg
 748 0578 0C       		.uleb128 0xc
 749 0579 5C050000 		.4byte	0x55c
 750 057d 0B       		.uleb128 0xb
 751 057e 7A110000 		.4byte	.LASF210
 752 0582 05       		.byte	0x5
 753 0583 1F       		.byte	0x1f
 754 0584 78050000 		.4byte	0x578
 755 0588 05       		.uleb128 0x5
 756 0589 03       		.byte	0x3
 757 058a 00000000 		.4byte	CapSense_ISR_cfg
 758 058e 00       		.byte	0
 759              		.section	.debug_abbrev,"",%progbits
 760              	.Ldebug_abbrev0:
 761 0000 01       		.uleb128 0x1
 762 0001 11       		.uleb128 0x11
 763 0002 01       		.byte	0x1
 764 0003 25       		.uleb128 0x25
 765 0004 0E       		.uleb128 0xe
 766 0005 13       		.uleb128 0x13
 767 0006 0B       		.uleb128 0xb
 768 0007 03       		.uleb128 0x3
 769 0008 0E       		.uleb128 0xe
 770 0009 1B       		.uleb128 0x1b
 771 000a 0E       		.uleb128 0xe
 772 000b 10       		.uleb128 0x10
 773 000c 17       		.uleb128 0x17
 774 000d 00       		.byte	0
 775 000e 00       		.byte	0
 776 000f 02       		.uleb128 0x2
 777 0010 04       		.uleb128 0x4
 778 0011 01       		.byte	0x1
 779 0012 0B       		.uleb128 0xb
 780 0013 0B       		.uleb128 0xb
 781 0014 49       		.uleb128 0x49
 782 0015 13       		.uleb128 0x13
 783 0016 3A       		.uleb128 0x3a
 784 0017 0B       		.uleb128 0xb
 785 0018 3B       		.uleb128 0x3b
 786 0019 0B       		.uleb128 0xb
 787 001a 01       		.uleb128 0x1
 788 001b 13       		.uleb128 0x13
 789 001c 00       		.byte	0
 790 001d 00       		.byte	0
 791 001e 03       		.uleb128 0x3
 792 001f 28       		.uleb128 0x28
 793 0020 00       		.byte	0
 794 0021 03       		.uleb128 0x3
 795 0022 0E       		.uleb128 0xe
 796 0023 1C       		.uleb128 0x1c
 797 0024 0D       		.uleb128 0xd
 798 0025 00       		.byte	0
ARM GAS  C:\Users\DAVIDW~1\AppData\Local\Temp\cctjWlzz.s 			page 15


 799 0026 00       		.byte	0
 800 0027 04       		.uleb128 0x4
 801 0028 28       		.uleb128 0x28
 802 0029 00       		.byte	0
 803 002a 03       		.uleb128 0x3
 804 002b 0E       		.uleb128 0xe
 805 002c 1C       		.uleb128 0x1c
 806 002d 0B       		.uleb128 0xb
 807 002e 00       		.byte	0
 808 002f 00       		.byte	0
 809 0030 05       		.uleb128 0x5
 810 0031 24       		.uleb128 0x24
 811 0032 00       		.byte	0
 812 0033 0B       		.uleb128 0xb
 813 0034 0B       		.uleb128 0xb
 814 0035 3E       		.uleb128 0x3e
 815 0036 0B       		.uleb128 0xb
 816 0037 03       		.uleb128 0x3
 817 0038 0E       		.uleb128 0xe
 818 0039 00       		.byte	0
 819 003a 00       		.byte	0
 820 003b 06       		.uleb128 0x6
 821 003c 16       		.uleb128 0x16
 822 003d 00       		.byte	0
 823 003e 03       		.uleb128 0x3
 824 003f 0E       		.uleb128 0xe
 825 0040 3A       		.uleb128 0x3a
 826 0041 0B       		.uleb128 0xb
 827 0042 3B       		.uleb128 0x3b
 828 0043 0B       		.uleb128 0xb
 829 0044 49       		.uleb128 0x49
 830 0045 13       		.uleb128 0x13
 831 0046 00       		.byte	0
 832 0047 00       		.byte	0
 833 0048 07       		.uleb128 0x7
 834 0049 16       		.uleb128 0x16
 835 004a 00       		.byte	0
 836 004b 03       		.uleb128 0x3
 837 004c 0E       		.uleb128 0xe
 838 004d 3A       		.uleb128 0x3a
 839 004e 0B       		.uleb128 0xb
 840 004f 3B       		.uleb128 0x3b
 841 0050 05       		.uleb128 0x5
 842 0051 49       		.uleb128 0x49
 843 0052 13       		.uleb128 0x13
 844 0053 00       		.byte	0
 845 0054 00       		.byte	0
 846 0055 08       		.uleb128 0x8
 847 0056 24       		.uleb128 0x24
 848 0057 00       		.byte	0
 849 0058 0B       		.uleb128 0xb
 850 0059 0B       		.uleb128 0xb
 851 005a 3E       		.uleb128 0x3e
 852 005b 0B       		.uleb128 0xb
 853 005c 03       		.uleb128 0x3
 854 005d 08       		.uleb128 0x8
 855 005e 00       		.byte	0
ARM GAS  C:\Users\DAVIDW~1\AppData\Local\Temp\cctjWlzz.s 			page 16


 856 005f 00       		.byte	0
 857 0060 09       		.uleb128 0x9
 858 0061 13       		.uleb128 0x13
 859 0062 01       		.byte	0x1
 860 0063 0B       		.uleb128 0xb
 861 0064 0B       		.uleb128 0xb
 862 0065 3A       		.uleb128 0x3a
 863 0066 0B       		.uleb128 0xb
 864 0067 3B       		.uleb128 0x3b
 865 0068 0B       		.uleb128 0xb
 866 0069 01       		.uleb128 0x1
 867 006a 13       		.uleb128 0x13
 868 006b 00       		.byte	0
 869 006c 00       		.byte	0
 870 006d 0A       		.uleb128 0xa
 871 006e 0D       		.uleb128 0xd
 872 006f 00       		.byte	0
 873 0070 03       		.uleb128 0x3
 874 0071 0E       		.uleb128 0xe
 875 0072 3A       		.uleb128 0x3a
 876 0073 0B       		.uleb128 0xb
 877 0074 3B       		.uleb128 0x3b
 878 0075 0B       		.uleb128 0xb
 879 0076 49       		.uleb128 0x49
 880 0077 13       		.uleb128 0x13
 881 0078 38       		.uleb128 0x38
 882 0079 0B       		.uleb128 0xb
 883 007a 00       		.byte	0
 884 007b 00       		.byte	0
 885 007c 0B       		.uleb128 0xb
 886 007d 34       		.uleb128 0x34
 887 007e 00       		.byte	0
 888 007f 03       		.uleb128 0x3
 889 0080 0E       		.uleb128 0xe
 890 0081 3A       		.uleb128 0x3a
 891 0082 0B       		.uleb128 0xb
 892 0083 3B       		.uleb128 0x3b
 893 0084 0B       		.uleb128 0xb
 894 0085 49       		.uleb128 0x49
 895 0086 13       		.uleb128 0x13
 896 0087 3F       		.uleb128 0x3f
 897 0088 19       		.uleb128 0x19
 898 0089 02       		.uleb128 0x2
 899 008a 18       		.uleb128 0x18
 900 008b 00       		.byte	0
 901 008c 00       		.byte	0
 902 008d 0C       		.uleb128 0xc
 903 008e 26       		.uleb128 0x26
 904 008f 00       		.byte	0
 905 0090 49       		.uleb128 0x49
 906 0091 13       		.uleb128 0x13
 907 0092 00       		.byte	0
 908 0093 00       		.byte	0
 909 0094 00       		.byte	0
 910              		.section	.debug_aranges,"",%progbits
 911 0000 14000000 		.4byte	0x14
 912 0004 0200     		.2byte	0x2
ARM GAS  C:\Users\DAVIDW~1\AppData\Local\Temp\cctjWlzz.s 			page 17


 913 0006 00000000 		.4byte	.Ldebug_info0
 914 000a 04       		.byte	0x4
 915 000b 00       		.byte	0
 916 000c 0000     		.2byte	0
 917 000e 0000     		.2byte	0
 918 0010 00000000 		.4byte	0
 919 0014 00000000 		.4byte	0
 920              		.section	.debug_line,"",%progbits
 921              	.Ldebug_line0:
 922 0000 CD010000 		.section	.debug_str,"MS",%progbits,1
 922      0200C701 
 922      00000201 
 922      FB0E0D00 
 922      01010101 
 923              	.LASF152:
 924 0000 74637077 		.ascii	"tcpwm_1_interrupts_15_IRQn\000"
 924      6D5F315F 
 924      696E7465 
 924      72727570 
 924      74735F31 
 925              	.LASF41:
 926 001b 696F7373 		.ascii	"ioss_interrupts_gpio_2_IRQn\000"
 926      5F696E74 
 926      65727275 
 926      7074735F 
 926      6770696F 
 927              	.LASF85:
 928 0037 7363625F 		.ascii	"scb_5_interrupt_IRQn\000"
 928      355F696E 
 928      74657272 
 928      7570745F 
 928      4952516E 
 929              	.LASF21:
 930 004c 4E766963 		.ascii	"NvicMux15_IRQn\000"
 930      4D757831 
 930      355F4952 
 930      516E00
 931              	.LASF133:
 932 005b 74637077 		.ascii	"tcpwm_0_interrupts_4_IRQn\000"
 932      6D5F305F 
 932      696E7465 
 932      72727570 
 932      74735F34 
 933              	.LASF61:
 934 0075 73727373 		.ascii	"srss_interrupt_IRQn\000"
 934      5F696E74 
 934      65727275 
 934      70745F49 
 934      52516E00 
 935              	.LASF57:
 936 0089 7363625F 		.ascii	"scb_8_interrupt_IRQn\000"
 936      385F696E 
 936      74657272 
 936      7570745F 
 936      4952516E 
 937              	.LASF90:
 938 009e 63707573 		.ascii	"cpuss_interrupts_dw0_1_IRQn\000"
ARM GAS  C:\Users\DAVIDW~1\AppData\Local\Temp\cctjWlzz.s 			page 18


 938      735F696E 
 938      74657272 
 938      75707473 
 938      5F647730 
 939              	.LASF8:
 940 00ba 4E766963 		.ascii	"NvicMux2_IRQn\000"
 940      4D757832 
 940      5F495251 
 940      6E00
 941              	.LASF63:
 942 00c8 626C6573 		.ascii	"bless_interrupt_IRQn\000"
 942      735F696E 
 942      74657272 
 942      7570745F 
 942      4952516E 
 943              	.LASF162:
 944 00dd 7564625F 		.ascii	"udb_interrupts_1_IRQn\000"
 944      696E7465 
 944      72727570 
 944      74735F31 
 944      5F495251 
 945              	.LASF80:
 946 00f3 7363625F 		.ascii	"scb_0_interrupt_IRQn\000"
 946      305F696E 
 946      74657272 
 946      7570745F 
 946      4952516E 
 947              	.LASF145:
 948 0108 74637077 		.ascii	"tcpwm_1_interrupts_8_IRQn\000"
 948      6D5F315F 
 948      696E7465 
 948      72727570 
 948      74735F38 
 949              	.LASF68:
 950 0122 63707573 		.ascii	"cpuss_interrupts_ipc_4_IRQn\000"
 950      735F696E 
 950      74657272 
 950      75707473 
 950      5F697063 
 951              	.LASF75:
 952 013e 63707573 		.ascii	"cpuss_interrupts_ipc_11_IRQn\000"
 952      735F696E 
 952      74657272 
 952      75707473 
 952      5F697063 
 953              	.LASF161:
 954 015b 7564625F 		.ascii	"udb_interrupts_0_IRQn\000"
 954      696E7465 
 954      72727570 
 954      74735F30 
 954      5F495251 
 955              	.LASF197:
 956 0171 6C6F6E67 		.ascii	"long long unsigned int\000"
 956      206C6F6E 
 956      6720756E 
 956      7369676E 
 956      65642069 
ARM GAS  C:\Users\DAVIDW~1\AppData\Local\Temp\cctjWlzz.s 			page 19


 957              	.LASF184:
 958 0188 7573625F 		.ascii	"usb_interrupt_lo_IRQn\000"
 958      696E7465 
 958      72727570 
 958      745F6C6F 
 958      5F495251 
 959              	.LASF147:
 960 019e 74637077 		.ascii	"tcpwm_1_interrupts_10_IRQn\000"
 960      6D5F315F 
 960      696E7465 
 960      72727570 
 960      74735F31 
 961              	.LASF39:
 962 01b9 696F7373 		.ascii	"ioss_interrupts_gpio_0_IRQn\000"
 962      5F696E74 
 962      65727275 
 962      7074735F 
 962      6770696F 
 963              	.LASF126:
 964 01d5 63707573 		.ascii	"cpuss_interrupts_cm0_cti_1_IRQn\000"
 964      735F696E 
 964      74657272 
 964      75707473 
 964      5F636D30 
 965              	.LASF48:
 966 01f5 696F7373 		.ascii	"ioss_interrupts_gpio_9_IRQn\000"
 966      5F696E74 
 966      65727275 
 966      7074735F 
 966      6770696F 
 967              	.LASF185:
 968 0211 70617373 		.ascii	"pass_interrupt_dacs_IRQn\000"
 968      5F696E74 
 968      65727275 
 968      70745F64 
 968      6163735F 
 969              	.LASF167:
 970 022a 7564625F 		.ascii	"udb_interrupts_6_IRQn\000"
 970      696E7465 
 970      72727570 
 970      74735F36 
 970      5F495251 
 971              	.LASF190:
 972 0240 63795F65 		.ascii	"cy_en_intr_t\000"
 972      6E5F696E 
 972      74725F74 
 972      00
 973              	.LASF30:
 974 024d 4E766963 		.ascii	"NvicMux24_IRQn\000"
 974      4D757832 
 974      345F4952 
 974      516E00
 975              	.LASF0:
 976 025c 52657365 		.ascii	"Reset_IRQn\000"
 976      745F4952 
 976      516E00
 977              	.LASF153:
ARM GAS  C:\Users\DAVIDW~1\AppData\Local\Temp\cctjWlzz.s 			page 20


 978 0267 74637077 		.ascii	"tcpwm_1_interrupts_16_IRQn\000"
 978      6D5F315F 
 978      696E7465 
 978      72727570 
 978      74735F31 
 979              	.LASF123:
 980 0282 63707573 		.ascii	"cpuss_interrupt_crypto_IRQn\000"
 980      735F696E 
 980      74657272 
 980      7570745F 
 980      63727970 
 981              	.LASF196:
 982 029e 6C6F6E67 		.ascii	"long long int\000"
 982      206C6F6E 
 982      6720696E 
 982      7400
 983              	.LASF191:
 984 02ac 7369676E 		.ascii	"signed char\000"
 984      65642063 
 984      68617200 
 985              	.LASF22:
 986 02b8 4E766963 		.ascii	"NvicMux16_IRQn\000"
 986      4D757831 
 986      365F4952 
 986      516E00
 987              	.LASF134:
 988 02c7 74637077 		.ascii	"tcpwm_0_interrupts_5_IRQn\000"
 988      6D5F305F 
 988      696E7465 
 988      72727570 
 988      74735F35 
 989              	.LASF114:
 990 02e1 63707573 		.ascii	"cpuss_interrupts_dw1_9_IRQn\000"
 990      735F696E 
 990      74657272 
 990      75707473 
 990      5F647731 
 991              	.LASF206:
 992 02fd 636D3070 		.ascii	"cm0pSrc\000"
 992      53726300 
 993              	.LASF9:
 994 0305 4E766963 		.ascii	"NvicMux3_IRQn\000"
 994      4D757833 
 994      5F495251 
 994      6E00
 995              	.LASF56:
 996 0313 6C70636F 		.ascii	"lpcomp_interrupt_IRQn\000"
 996      6D705F69 
 996      6E746572 
 996      72757074 
 996      5F495251 
 997              	.LASF137:
 998 0329 74637077 		.ascii	"tcpwm_1_interrupts_0_IRQn\000"
 998      6D5F315F 
 998      696E7465 
 998      72727570 
 998      74735F30 
ARM GAS  C:\Users\DAVIDW~1\AppData\Local\Temp\cctjWlzz.s 			page 21


 999              	.LASF193:
 1000 0343 6C6F6E67 		.ascii	"long int\000"
 1000      20696E74 
 1000      00
 1001              	.LASF146:
 1002 034c 74637077 		.ascii	"tcpwm_1_interrupts_9_IRQn\000"
 1002      6D5F315F 
 1002      696E7465 
 1002      72727570 
 1002      74735F39 
 1003              	.LASF69:
 1004 0366 63707573 		.ascii	"cpuss_interrupts_ipc_5_IRQn\000"
 1004      735F696E 
 1004      74657272 
 1004      75707473 
 1004      5F697063 
 1005              	.LASF112:
 1006 0382 63707573 		.ascii	"cpuss_interrupts_dw1_7_IRQn\000"
 1006      735F696E 
 1006      74657272 
 1006      75707473 
 1006      5F647731 
 1007              	.LASF76:
 1008 039e 63707573 		.ascii	"cpuss_interrupts_ipc_12_IRQn\000"
 1008      735F696E 
 1008      74657272 
 1008      75707473 
 1008      5F697063 
 1009              	.LASF113:
 1010 03bb 63707573 		.ascii	"cpuss_interrupts_dw1_8_IRQn\000"
 1010      735F696E 
 1010      74657272 
 1010      75707473 
 1010      5F647731 
 1011              	.LASF34:
 1012 03d7 4E766963 		.ascii	"NvicMux28_IRQn\000"
 1012      4D757832 
 1012      385F4952 
 1012      516E00
 1013              	.LASF205:
 1014 03e6 696E7472 		.ascii	"intrSrc\000"
 1014      53726300 
 1015              	.LASF148:
 1016 03ee 74637077 		.ascii	"tcpwm_1_interrupts_11_IRQn\000"
 1016      6D5F315F 
 1016      696E7465 
 1016      72727570 
 1016      74735F31 
 1017              	.LASF93:
 1018 0409 63707573 		.ascii	"cpuss_interrupts_dw0_4_IRQn\000"
 1018      735F696E 
 1018      74657272 
 1018      75707473 
 1018      5F647730 
 1019              	.LASF54:
 1020 0425 696F7373 		.ascii	"ioss_interrupt_gpio_IRQn\000"
 1020      5F696E74 
ARM GAS  C:\Users\DAVIDW~1\AppData\Local\Temp\cctjWlzz.s 			page 22


 1020      65727275 
 1020      70745F67 
 1020      70696F5F 
 1021              	.LASF58:
 1022 043e 73727373 		.ascii	"srss_interrupt_mcwdt_0_IRQn\000"
 1022      5F696E74 
 1022      65727275 
 1022      70745F6D 
 1022      63776474 
 1023              	.LASF204:
 1024 045a 646F7562 		.ascii	"double\000"
 1024      6C6500
 1025              	.LASF178:
 1026 0461 61756469 		.ascii	"audioss_interrupt_i2s_IRQn\000"
 1026      6F73735F 
 1026      696E7465 
 1026      72727570 
 1026      745F6932 
 1027              	.LASF95:
 1028 047c 63707573 		.ascii	"cpuss_interrupts_dw0_6_IRQn\000"
 1028      735F696E 
 1028      74657272 
 1028      75707473 
 1028      5F647730 
 1029              	.LASF128:
 1030 0498 63707573 		.ascii	"cpuss_interrupts_cm4_cti_1_IRQn\000"
 1030      735F696E 
 1030      74657272 
 1030      75707473 
 1030      5F636D34 
 1031              	.LASF37:
 1032 04b8 4E766963 		.ascii	"NvicMux31_IRQn\000"
 1032      4D757833 
 1032      315F4952 
 1032      516E00
 1033              	.LASF23:
 1034 04c7 4E766963 		.ascii	"NvicMux17_IRQn\000"
 1034      4D757831 
 1034      375F4952 
 1034      516E00
 1035              	.LASF135:
 1036 04d6 74637077 		.ascii	"tcpwm_0_interrupts_6_IRQn\000"
 1036      6D5F305F 
 1036      696E7465 
 1036      72727570 
 1036      74735F36 
 1037              	.LASF194:
 1038 04f0 5F5F7569 		.ascii	"__uint32_t\000"
 1038      6E743332 
 1038      5F7400
 1039              	.LASF81:
 1040 04fb 7363625F 		.ascii	"scb_1_interrupt_IRQn\000"
 1040      315F696E 
 1040      74657272 
 1040      7570745F 
 1040      4952516E 
 1041              	.LASF10:
ARM GAS  C:\Users\DAVIDW~1\AppData\Local\Temp\cctjWlzz.s 			page 23


 1042 0510 4E766963 		.ascii	"NvicMux4_IRQn\000"
 1042      4D757834 
 1042      5F495251 
 1042      6E00
 1043              	.LASF62:
 1044 051e 70617373 		.ascii	"pass_interrupt_ctbs_IRQn\000"
 1044      5F696E74 
 1044      65727275 
 1044      70745F63 
 1044      7462735F 
 1045              	.LASF82:
 1046 0537 7363625F 		.ascii	"scb_2_interrupt_IRQn\000"
 1046      325F696E 
 1046      74657272 
 1046      7570745F 
 1046      4952516E 
 1047              	.LASF103:
 1048 054c 63707573 		.ascii	"cpuss_interrupts_dw0_14_IRQn\000"
 1048      735F696E 
 1048      74657272 
 1048      75707473 
 1048      5F647730 
 1049              	.LASF44:
 1050 0569 696F7373 		.ascii	"ioss_interrupts_gpio_5_IRQn\000"
 1050      5F696E74 
 1050      65727275 
 1050      7074735F 
 1050      6770696F 
 1051              	.LASF70:
 1052 0585 63707573 		.ascii	"cpuss_interrupts_ipc_6_IRQn\000"
 1052      735F696E 
 1052      74657272 
 1052      75707473 
 1052      5F697063 
 1053              	.LASF163:
 1054 05a1 7564625F 		.ascii	"udb_interrupts_2_IRQn\000"
 1054      696E7465 
 1054      72727570 
 1054      74735F32 
 1054      5F495251 
 1055              	.LASF52:
 1056 05b7 696F7373 		.ascii	"ioss_interrupts_gpio_13_IRQn\000"
 1056      5F696E74 
 1056      65727275 
 1056      7074735F 
 1056      6770696F 
 1057              	.LASF26:
 1058 05d4 4E766963 		.ascii	"NvicMux20_IRQn\000"
 1058      4D757832 
 1058      305F4952 
 1058      516E00
 1059              	.LASF35:
 1060 05e3 4E766963 		.ascii	"NvicMux29_IRQn\000"
 1060      4D757832 
 1060      395F4952 
 1060      516E00
 1061              	.LASF149:
ARM GAS  C:\Users\DAVIDW~1\AppData\Local\Temp\cctjWlzz.s 			page 24


 1062 05f2 74637077 		.ascii	"tcpwm_1_interrupts_12_IRQn\000"
 1062      6D5F315F 
 1062      696E7465 
 1062      72727570 
 1062      74735F31 
 1063              	.LASF118:
 1064 060d 63707573 		.ascii	"cpuss_interrupts_dw1_13_IRQn\000"
 1064      735F696E 
 1064      74657272 
 1064      75707473 
 1064      5F647731 
 1065              	.LASF195:
 1066 062a 6C6F6E67 		.ascii	"long unsigned int\000"
 1066      20756E73 
 1066      69676E65 
 1066      6420696E 
 1066      7400
 1067              	.LASF59:
 1068 063c 73727373 		.ascii	"srss_interrupt_mcwdt_1_IRQn\000"
 1068      5F696E74 
 1068      65727275 
 1068      70745F6D 
 1068      63776474 
 1069              	.LASF91:
 1070 0658 63707573 		.ascii	"cpuss_interrupts_dw0_2_IRQn\000"
 1070      735F696E 
 1070      74657272 
 1070      75707473 
 1070      5F647730 
 1071              	.LASF18:
 1072 0674 4E766963 		.ascii	"NvicMux12_IRQn\000"
 1072      4D757831 
 1072      325F4952 
 1072      516E00
 1073              	.LASF130:
 1074 0683 74637077 		.ascii	"tcpwm_0_interrupts_1_IRQn\000"
 1074      6D5F305F 
 1074      696E7465 
 1074      72727570 
 1074      74735F31 
 1075              	.LASF32:
 1076 069d 4E766963 		.ascii	"NvicMux26_IRQn\000"
 1076      4D757832 
 1076      365F4952 
 1076      516E00
 1077              	.LASF183:
 1078 06ac 7573625F 		.ascii	"usb_interrupt_med_IRQn\000"
 1078      696E7465 
 1078      72727570 
 1078      745F6D65 
 1078      645F4952 
 1079              	.LASF121:
 1080 06c3 63707573 		.ascii	"cpuss_interrupts_fault_0_IRQn\000"
 1080      735F696E 
 1080      74657272 
 1080      75707473 
 1080      5F666175 
ARM GAS  C:\Users\DAVIDW~1\AppData\Local\Temp\cctjWlzz.s 			page 25


 1081              	.LASF14:
 1082 06e1 4E766963 		.ascii	"NvicMux8_IRQn\000"
 1082      4D757838 
 1082      5F495251 
 1082      6E00
 1083              	.LASF192:
 1084 06ef 73686F72 		.ascii	"short unsigned int\000"
 1084      7420756E 
 1084      7369676E 
 1084      65642069 
 1084      6E7400
 1085              	.LASF209:
 1086 0702 5343425F 		.ascii	"SCB_SCB_IRQ_cfg\000"
 1086      5343425F 
 1086      4952515F 
 1086      63666700 
 1087              	.LASF142:
 1088 0712 74637077 		.ascii	"tcpwm_1_interrupts_5_IRQn\000"
 1088      6D5F315F 
 1088      696E7465 
 1088      72727570 
 1088      74735F35 
 1089              	.LASF65:
 1090 072c 63707573 		.ascii	"cpuss_interrupts_ipc_1_IRQn\000"
 1090      735F696E 
 1090      74657272 
 1090      75707473 
 1090      5F697063 
 1091              	.LASF109:
 1092 0748 63707573 		.ascii	"cpuss_interrupts_dw1_4_IRQn\000"
 1092      735F696E 
 1092      74657272 
 1092      75707473 
 1092      5F647731 
 1093              	.LASF124:
 1094 0764 63707573 		.ascii	"cpuss_interrupt_fm_IRQn\000"
 1094      735F696E 
 1094      74657272 
 1094      7570745F 
 1094      666D5F49 
 1095              	.LASF180:
 1096 077c 70726F66 		.ascii	"profile_interrupt_IRQn\000"
 1096      696C655F 
 1096      696E7465 
 1096      72727570 
 1096      745F4952 
 1097              	.LASF104:
 1098 0793 63707573 		.ascii	"cpuss_interrupts_dw0_15_IRQn\000"
 1098      735F696E 
 1098      74657272 
 1098      75707473 
 1098      5F647730 
 1099              	.LASF45:
 1100 07b0 696F7373 		.ascii	"ioss_interrupts_gpio_6_IRQn\000"
 1100      5F696E74 
 1100      65727275 
 1100      7074735F 
ARM GAS  C:\Users\DAVIDW~1\AppData\Local\Temp\cctjWlzz.s 			page 26


 1100      6770696F 
 1101              	.LASF181:
 1102 07cc 736D6966 		.ascii	"smif_interrupt_IRQn\000"
 1102      5F696E74 
 1102      65727275 
 1102      70745F49 
 1102      52516E00 
 1103              	.LASF164:
 1104 07e0 7564625F 		.ascii	"udb_interrupts_3_IRQn\000"
 1104      696E7465 
 1104      72727570 
 1104      74735F33 
 1104      5F495251 
 1105              	.LASF53:
 1106 07f6 696F7373 		.ascii	"ioss_interrupts_gpio_14_IRQn\000"
 1106      5F696E74 
 1106      65727275 
 1106      7074735F 
 1106      6770696F 
 1107              	.LASF27:
 1108 0813 4E766963 		.ascii	"NvicMux21_IRQn\000"
 1108      4D757832 
 1108      315F4952 
 1108      516E00
 1109              	.LASF175:
 1110 0822 7564625F 		.ascii	"udb_interrupts_14_IRQn\000"
 1110      696E7465 
 1110      72727570 
 1110      74735F31 
 1110      345F4952 
 1111              	.LASF5:
 1112 0839 53797354 		.ascii	"SysTick_IRQn\000"
 1112      69636B5F 
 1112      4952516E 
 1112      00
 1113              	.LASF119:
 1114 0846 63707573 		.ascii	"cpuss_interrupts_dw1_14_IRQn\000"
 1114      735F696E 
 1114      74657272 
 1114      75707473 
 1114      5F647731 
 1115              	.LASF186:
 1116 0863 64697363 		.ascii	"disconnected_IRQn\000"
 1116      6F6E6E65 
 1116      63746564 
 1116      5F495251 
 1116      6E00
 1117              	.LASF213:
 1118 0875 433A5C55 		.ascii	"C:\\Users\\David w zhang\\Desktop\\Project\\SmartLo"
 1118      73657273 
 1118      5C446176 
 1118      69642077 
 1118      207A6861 
 1119 08a3 636B5F4C 		.ascii	"ck_Lumi\\SmartLock.cydsn\000"
 1119      756D695C 
 1119      536D6172 
 1119      744C6F63 
ARM GAS  C:\Users\DAVIDW~1\AppData\Local\Temp\cctjWlzz.s 			page 27


 1119      6B2E6379 
 1120              	.LASF19:
 1121 08bb 4E766963 		.ascii	"NvicMux13_IRQn\000"
 1121      4D757831 
 1121      335F4952 
 1121      516E00
 1122              	.LASF131:
 1123 08ca 74637077 		.ascii	"tcpwm_0_interrupts_2_IRQn\000"
 1123      6D5F305F 
 1123      696E7465 
 1123      72727570 
 1123      74735F32 
 1124              	.LASF150:
 1125 08e4 74637077 		.ascii	"tcpwm_1_interrupts_13_IRQn\000"
 1125      6D5F315F 
 1125      696E7465 
 1125      72727570 
 1125      74735F31 
 1126              	.LASF122:
 1127 08ff 63707573 		.ascii	"cpuss_interrupts_fault_1_IRQn\000"
 1127      735F696E 
 1127      74657272 
 1127      75707473 
 1127      5F666175 
 1128              	.LASF200:
 1129 091d 73697A65 		.ascii	"sizetype\000"
 1129      74797065 
 1129      00
 1130              	.LASF6:
 1131 0926 4E766963 		.ascii	"NvicMux0_IRQn\000"
 1131      4D757830 
 1131      5F495251 
 1131      6E00
 1132              	.LASF97:
 1133 0934 63707573 		.ascii	"cpuss_interrupts_dw0_8_IRQn\000"
 1133      735F696E 
 1133      74657272 
 1133      75707473 
 1133      5F647730 
 1134              	.LASF15:
 1135 0950 4E766963 		.ascii	"NvicMux9_IRQn\000"
 1135      4D757839 
 1135      5F495251 
 1135      6E00
 1136              	.LASF3:
 1137 095e 53564361 		.ascii	"SVCall_IRQn\000"
 1137      6C6C5F49 
 1137      52516E00 
 1138              	.LASF208:
 1139 096a 63795F73 		.ascii	"cy_stc_sysint_t\000"
 1139      74635F73 
 1139      7973696E 
 1139      745F7400 
 1140              	.LASF99:
 1141 097a 63707573 		.ascii	"cpuss_interrupts_dw0_10_IRQn\000"
 1141      735F696E 
 1141      74657272 
ARM GAS  C:\Users\DAVIDW~1\AppData\Local\Temp\cctjWlzz.s 			page 28


 1141      75707473 
 1141      5F647730 
 1142              	.LASF143:
 1143 0997 74637077 		.ascii	"tcpwm_1_interrupts_6_IRQn\000"
 1143      6D5F315F 
 1143      696E7465 
 1143      72727570 
 1143      74735F36 
 1144              	.LASF66:
 1145 09b1 63707573 		.ascii	"cpuss_interrupts_ipc_2_IRQn\000"
 1145      735F696E 
 1145      74657272 
 1145      75707473 
 1145      5F697063 
 1146              	.LASF110:
 1147 09cd 63707573 		.ascii	"cpuss_interrupts_dw1_5_IRQn\000"
 1147      735F696E 
 1147      74657272 
 1147      75707473 
 1147      5F647731 
 1148              	.LASF168:
 1149 09e9 7564625F 		.ascii	"udb_interrupts_7_IRQn\000"
 1149      696E7465 
 1149      72727570 
 1149      74735F37 
 1149      5F495251 
 1150              	.LASF31:
 1151 09ff 4E766963 		.ascii	"NvicMux25_IRQn\000"
 1151      4D757832 
 1151      355F4952 
 1151      516E00
 1152              	.LASF154:
 1153 0a0e 74637077 		.ascii	"tcpwm_1_interrupts_17_IRQn\000"
 1153      6D5F315F 
 1153      696E7465 
 1153      72727570 
 1153      74735F31 
 1154              	.LASF84:
 1155 0a29 7363625F 		.ascii	"scb_4_interrupt_IRQn\000"
 1155      345F696E 
 1155      74657272 
 1155      7570745F 
 1155      4952516E 
 1156              	.LASF46:
 1157 0a3e 696F7373 		.ascii	"ioss_interrupts_gpio_7_IRQn\000"
 1157      5F696E74 
 1157      65727275 
 1157      7074735F 
 1157      6770696F 
 1158              	.LASF102:
 1159 0a5a 63707573 		.ascii	"cpuss_interrupts_dw0_13_IRQn\000"
 1159      735F696E 
 1159      74657272 
 1159      75707473 
 1159      5F647730 
 1160              	.LASF120:
 1161 0a77 63707573 		.ascii	"cpuss_interrupts_dw1_15_IRQn\000"
ARM GAS  C:\Users\DAVIDW~1\AppData\Local\Temp\cctjWlzz.s 			page 29


 1161      735F696E 
 1161      74657272 
 1161      75707473 
 1161      5F647731 
 1162              	.LASF182:
 1163 0a94 7573625F 		.ascii	"usb_interrupt_hi_IRQn\000"
 1163      696E7465 
 1163      72727570 
 1163      745F6869 
 1163      5F495251 
 1164              	.LASF203:
 1165 0aaa 666C6F61 		.ascii	"float\000"
 1165      7400
 1166              	.LASF92:
 1167 0ab0 63707573 		.ascii	"cpuss_interrupts_dw0_3_IRQn\000"
 1167      735F696E 
 1167      74657272 
 1167      75707473 
 1167      5F647730 
 1168              	.LASF50:
 1169 0acc 696F7373 		.ascii	"ioss_interrupts_gpio_11_IRQn\000"
 1169      5F696E74 
 1169      65727275 
 1169      7074735F 
 1169      6770696F 
 1170              	.LASF20:
 1171 0ae9 4E766963 		.ascii	"NvicMux14_IRQn\000"
 1171      4D757831 
 1171      345F4952 
 1171      516E00
 1172              	.LASF132:
 1173 0af8 74637077 		.ascii	"tcpwm_0_interrupts_3_IRQn\000"
 1173      6D5F305F 
 1173      696E7465 
 1173      72727570 
 1173      74735F33 
 1174              	.LASF157:
 1175 0b12 74637077 		.ascii	"tcpwm_1_interrupts_20_IRQn\000"
 1175      6D5F315F 
 1175      696E7465 
 1175      72727570 
 1175      74735F32 
 1176              	.LASF138:
 1177 0b2d 74637077 		.ascii	"tcpwm_1_interrupts_1_IRQn\000"
 1177      6D5F315F 
 1177      696E7465 
 1177      72727570 
 1177      74735F31 
 1178              	.LASF105:
 1179 0b47 63707573 		.ascii	"cpuss_interrupts_dw1_0_IRQn\000"
 1179      735F696E 
 1179      74657272 
 1179      75707473 
 1179      5F647731 
 1180              	.LASF172:
 1181 0b63 7564625F 		.ascii	"udb_interrupts_11_IRQn\000"
 1181      696E7465 
ARM GAS  C:\Users\DAVIDW~1\AppData\Local\Temp\cctjWlzz.s 			page 30


 1181      72727570 
 1181      74735F31 
 1181      315F4952 
 1182              	.LASF98:
 1183 0b7a 63707573 		.ascii	"cpuss_interrupts_dw0_9_IRQn\000"
 1183      735F696E 
 1183      74657272 
 1183      75707473 
 1183      5F647730 
 1184              	.LASF176:
 1185 0b96 7564625F 		.ascii	"udb_interrupts_15_IRQn\000"
 1185      696E7465 
 1185      72727570 
 1185      74735F31 
 1185      355F4952 
 1186              	.LASF188:
 1187 0bad 756E7369 		.ascii	"unsigned char\000"
 1187      676E6564 
 1187      20636861 
 1187      7200
 1188              	.LASF100:
 1189 0bbb 63707573 		.ascii	"cpuss_interrupts_dw0_11_IRQn\000"
 1189      735F696E 
 1189      74657272 
 1189      75707473 
 1189      5F647730 
 1190              	.LASF144:
 1191 0bd8 74637077 		.ascii	"tcpwm_1_interrupts_7_IRQn\000"
 1191      6D5F315F 
 1191      696E7465 
 1191      72727570 
 1191      74735F37 
 1192              	.LASF67:
 1193 0bf2 63707573 		.ascii	"cpuss_interrupts_ipc_3_IRQn\000"
 1193      735F696E 
 1193      74657272 
 1193      75707473 
 1193      5F697063 
 1194              	.LASF198:
 1195 0c0e 756E7369 		.ascii	"unsigned int\000"
 1195      676E6564 
 1195      20696E74 
 1195      00
 1196              	.LASF49:
 1197 0c1b 696F7373 		.ascii	"ioss_interrupts_gpio_10_IRQn\000"
 1197      5F696E74 
 1197      65727275 
 1197      7074735F 
 1197      6770696F 
 1198              	.LASF169:
 1199 0c38 7564625F 		.ascii	"udb_interrupts_8_IRQn\000"
 1199      696E7465 
 1199      72727570 
 1199      74735F38 
 1199      5F495251 
 1200              	.LASF38:
 1201 0c4e 756E636F 		.ascii	"unconnected_IRQn\000"
ARM GAS  C:\Users\DAVIDW~1\AppData\Local\Temp\cctjWlzz.s 			page 31


 1201      6E6E6563 
 1201      7465645F 
 1201      4952516E 
 1201      00
 1202              	.LASF187:
 1203 0c5f 73686F72 		.ascii	"short int\000"
 1203      7420696E 
 1203      7400
 1204              	.LASF127:
 1205 0c69 63707573 		.ascii	"cpuss_interrupts_cm4_cti_0_IRQn\000"
 1205      735F696E 
 1205      74657272 
 1205      75707473 
 1205      5F636D34 
 1206              	.LASF155:
 1207 0c89 74637077 		.ascii	"tcpwm_1_interrupts_18_IRQn\000"
 1207      6D5F315F 
 1207      696E7465 
 1207      72727570 
 1207      74735F31 
 1208              	.LASF174:
 1209 0ca4 7564625F 		.ascii	"udb_interrupts_13_IRQn\000"
 1209      696E7465 
 1209      72727570 
 1209      74735F31 
 1209      335F4952 
 1210              	.LASF160:
 1211 0cbb 74637077 		.ascii	"tcpwm_1_interrupts_23_IRQn\000"
 1211      6D5F315F 
 1211      696E7465 
 1211      72727570 
 1211      74735F32 
 1212              	.LASF108:
 1213 0cd6 63707573 		.ascii	"cpuss_interrupts_dw1_3_IRQn\000"
 1213      735F696E 
 1213      74657272 
 1213      75707473 
 1213      5F647731 
 1214              	.LASF13:
 1215 0cf2 4E766963 		.ascii	"NvicMux7_IRQn\000"
 1215      4D757837 
 1215      5F495251 
 1215      6E00
 1216              	.LASF24:
 1217 0d00 4E766963 		.ascii	"NvicMux18_IRQn\000"
 1217      4D757831 
 1217      385F4952 
 1217      516E00
 1218              	.LASF136:
 1219 0d0f 74637077 		.ascii	"tcpwm_0_interrupts_7_IRQn\000"
 1219      6D5F305F 
 1219      696E7465 
 1219      72727570 
 1219      74735F37 
 1220              	.LASF64:
 1221 0d29 63707573 		.ascii	"cpuss_interrupts_ipc_0_IRQn\000"
 1221      735F696E 
ARM GAS  C:\Users\DAVIDW~1\AppData\Local\Temp\cctjWlzz.s 			page 32


 1221      74657272 
 1221      75707473 
 1221      5F697063 
 1222              	.LASF116:
 1223 0d45 63707573 		.ascii	"cpuss_interrupts_dw1_11_IRQn\000"
 1223      735F696E 
 1223      74657272 
 1223      75707473 
 1223      5F647731 
 1224              	.LASF11:
 1225 0d62 4E766963 		.ascii	"NvicMux5_IRQn\000"
 1225      4D757835 
 1225      5F495251 
 1225      6E00
 1226              	.LASF189:
 1227 0d70 4952516E 		.ascii	"IRQn_Type\000"
 1227      5F547970 
 1227      6500
 1228              	.LASF158:
 1229 0d7a 74637077 		.ascii	"tcpwm_1_interrupts_21_IRQn\000"
 1229      6D5F315F 
 1229      696E7465 
 1229      72727570 
 1229      74735F32 
 1230              	.LASF199:
 1231 0d95 75696E74 		.ascii	"uint32_t\000"
 1231      33325F74 
 1231      00
 1232              	.LASF139:
 1233 0d9e 74637077 		.ascii	"tcpwm_1_interrupts_2_IRQn\000"
 1233      6D5F315F 
 1233      696E7465 
 1233      72727570 
 1233      74735F32 
 1234              	.LASF71:
 1235 0db8 63707573 		.ascii	"cpuss_interrupts_ipc_7_IRQn\000"
 1235      735F696E 
 1235      74657272 
 1235      75707473 
 1235      5F697063 
 1236              	.LASF106:
 1237 0dd4 63707573 		.ascii	"cpuss_interrupts_dw1_1_IRQn\000"
 1237      735F696E 
 1237      74657272 
 1237      75707473 
 1237      5F647731 
 1238              	.LASF78:
 1239 0df0 63707573 		.ascii	"cpuss_interrupts_ipc_14_IRQn\000"
 1239      735F696E 
 1239      74657272 
 1239      75707473 
 1239      5F697063 
 1240              	.LASF211:
 1241 0e0d 474E5520 		.ascii	"GNU C11 5.4.1 20160609 (release) [ARM/embedded-5-br"
 1241      43313120 
 1241      352E342E 
 1241      31203230 
ARM GAS  C:\Users\DAVIDW~1\AppData\Local\Temp\cctjWlzz.s 			page 33


 1241      31363036 
 1242 0e40 616E6368 		.ascii	"anch revision 237715] -mcpu=cortex-m0plus -mthumb -"
 1242      20726576 
 1242      6973696F 
 1242      6E203233 
 1242      37373135 
 1243 0e73 67202D4F 		.ascii	"g -Og -ffunction-sections -ffat-lto-objects\000"
 1243      67202D66 
 1243      66756E63 
 1243      74696F6E 
 1243      2D736563 
 1244              	.LASF179:
 1245 0e9f 61756469 		.ascii	"audioss_interrupt_pdm_IRQn\000"
 1245      6F73735F 
 1245      696E7465 
 1245      72727570 
 1245      745F7064 
 1246              	.LASF201:
 1247 0eba 6C6F6E67 		.ascii	"long double\000"
 1247      20646F75 
 1247      626C6500 
 1248              	.LASF202:
 1249 0ec6 63686172 		.ascii	"char\000"
 1249      00
 1250              	.LASF212:
 1251 0ecb 47656E65 		.ascii	"Generated_Source\\PSoC6\\cyfitter_sysint_cfg.c\000"
 1251      72617465 
 1251      645F536F 
 1251      75726365 
 1251      5C50536F 
 1252              	.LASF101:
 1253 0ef8 63707573 		.ascii	"cpuss_interrupts_dw0_12_IRQn\000"
 1253      735F696E 
 1253      74657272 
 1253      75707473 
 1253      5F647730 
 1254              	.LASF42:
 1255 0f15 696F7373 		.ascii	"ioss_interrupts_gpio_3_IRQn\000"
 1255      5F696E74 
 1255      65727275 
 1255      7074735F 
 1255      6770696F 
 1256              	.LASF177:
 1257 0f31 70617373 		.ascii	"pass_interrupt_sar_IRQn\000"
 1257      5F696E74 
 1257      65727275 
 1257      70745F73 
 1257      61725F49 
 1258              	.LASF4:
 1259 0f49 50656E64 		.ascii	"PendSV_IRQn\000"
 1259      53565F49 
 1259      52516E00 
 1260              	.LASF83:
 1261 0f55 7363625F 		.ascii	"scb_3_interrupt_IRQn\000"
 1261      335F696E 
 1261      74657272 
 1261      7570745F 
ARM GAS  C:\Users\DAVIDW~1\AppData\Local\Temp\cctjWlzz.s 			page 34


 1261      4952516E 
 1262              	.LASF170:
 1263 0f6a 7564625F 		.ascii	"udb_interrupts_9_IRQn\000"
 1263      696E7465 
 1263      72727570 
 1263      74735F39 
 1263      5F495251 
 1264              	.LASF33:
 1265 0f80 4E766963 		.ascii	"NvicMux27_IRQn\000"
 1265      4D757832 
 1265      375F4952 
 1265      516E00
 1266              	.LASF1:
 1267 0f8f 4E6F6E4D 		.ascii	"NonMaskableInt_IRQn\000"
 1267      61736B61 
 1267      626C6549 
 1267      6E745F49 
 1267      52516E00 
 1268              	.LASF156:
 1269 0fa3 74637077 		.ascii	"tcpwm_1_interrupts_19_IRQn\000"
 1269      6D5F315F 
 1269      696E7465 
 1269      72727570 
 1269      74735F31 
 1270              	.LASF86:
 1271 0fbe 7363625F 		.ascii	"scb_6_interrupt_IRQn\000"
 1271      365F696E 
 1271      74657272 
 1271      7570745F 
 1271      4952516E 
 1272              	.LASF16:
 1273 0fd3 4E766963 		.ascii	"NvicMux10_IRQn\000"
 1273      4D757831 
 1273      305F4952 
 1273      516E00
 1274              	.LASF25:
 1275 0fe2 4E766963 		.ascii	"NvicMux19_IRQn\000"
 1275      4D757831 
 1275      395F4952 
 1275      516E00
 1276              	.LASF171:
 1277 0ff1 7564625F 		.ascii	"udb_interrupts_10_IRQn\000"
 1277      696E7465 
 1277      72727570 
 1277      74735F31 
 1277      305F4952 
 1278              	.LASF40:
 1279 1008 696F7373 		.ascii	"ioss_interrupts_gpio_1_IRQn\000"
 1279      5F696E74 
 1279      65727275 
 1279      7074735F 
 1279      6770696F 
 1280              	.LASF2:
 1281 1024 48617264 		.ascii	"HardFault_IRQn\000"
 1281      4661756C 
 1281      745F4952 
 1281      516E00
ARM GAS  C:\Users\DAVIDW~1\AppData\Local\Temp\cctjWlzz.s 			page 35


 1282              	.LASF94:
 1283 1033 63707573 		.ascii	"cpuss_interrupts_dw0_5_IRQn\000"
 1283      735F696E 
 1283      74657272 
 1283      75707473 
 1283      5F647730 
 1284              	.LASF12:
 1285 104f 4E766963 		.ascii	"NvicMux6_IRQn\000"
 1285      4D757836 
 1285      5F495251 
 1285      6E00
 1286              	.LASF88:
 1287 105d 6373645F 		.ascii	"csd_interrupt_IRQn\000"
 1287      696E7465 
 1287      72727570 
 1287      745F4952 
 1287      516E00
 1288              	.LASF36:
 1289 1070 4E766963 		.ascii	"NvicMux30_IRQn\000"
 1289      4D757833 
 1289      305F4952 
 1289      516E00
 1290              	.LASF159:
 1291 107f 74637077 		.ascii	"tcpwm_1_interrupts_22_IRQn\000"
 1291      6D5F315F 
 1291      696E7465 
 1291      72727570 
 1291      74735F32 
 1292              	.LASF140:
 1293 109a 74637077 		.ascii	"tcpwm_1_interrupts_3_IRQn\000"
 1293      6D5F315F 
 1293      696E7465 
 1293      72727570 
 1293      74735F33 
 1294              	.LASF72:
 1295 10b4 63707573 		.ascii	"cpuss_interrupts_ipc_8_IRQn\000"
 1295      735F696E 
 1295      74657272 
 1295      75707473 
 1295      5F697063 
 1296              	.LASF107:
 1297 10d0 63707573 		.ascii	"cpuss_interrupts_dw1_2_IRQn\000"
 1297      735F696E 
 1297      74657272 
 1297      75707473 
 1297      5F647731 
 1298              	.LASF79:
 1299 10ec 63707573 		.ascii	"cpuss_interrupts_ipc_15_IRQn\000"
 1299      735F696E 
 1299      74657272 
 1299      75707473 
 1299      5F697063 
 1300              	.LASF165:
 1301 1109 7564625F 		.ascii	"udb_interrupts_4_IRQn\000"
 1301      696E7465 
 1301      72727570 
 1301      74735F34 
ARM GAS  C:\Users\DAVIDW~1\AppData\Local\Temp\cctjWlzz.s 			page 36


 1301      5F495251 
 1302              	.LASF28:
 1303 111f 4E766963 		.ascii	"NvicMux22_IRQn\000"
 1303      4D757832 
 1303      325F4952 
 1303      516E00
 1304              	.LASF87:
 1305 112e 7363625F 		.ascii	"scb_7_interrupt_IRQn\000"
 1305      375F696E 
 1305      74657272 
 1305      7570745F 
 1305      4952516E 
 1306              	.LASF151:
 1307 1143 74637077 		.ascii	"tcpwm_1_interrupts_14_IRQn\000"
 1307      6D5F315F 
 1307      696E7465 
 1307      72727570 
 1307      74735F31 
 1308              	.LASF43:
 1309 115e 696F7373 		.ascii	"ioss_interrupts_gpio_4_IRQn\000"
 1309      5F696E74 
 1309      65727275 
 1309      7074735F 
 1309      6770696F 
 1310              	.LASF210:
 1311 117a 43617053 		.ascii	"CapSense_ISR_cfg\000"
 1311      656E7365 
 1311      5F495352 
 1311      5F636667 
 1311      00
 1312              	.LASF51:
 1313 118b 696F7373 		.ascii	"ioss_interrupts_gpio_12_IRQn\000"
 1313      5F696E74 
 1313      65727275 
 1313      7074735F 
 1313      6770696F 
 1314              	.LASF173:
 1315 11a8 7564625F 		.ascii	"udb_interrupts_12_IRQn\000"
 1315      696E7465 
 1315      72727570 
 1315      74735F31 
 1315      325F4952 
 1316              	.LASF117:
 1317 11bf 63707573 		.ascii	"cpuss_interrupts_dw1_12_IRQn\000"
 1317      735F696E 
 1317      74657272 
 1317      75707473 
 1317      5F647731 
 1318              	.LASF89:
 1319 11dc 63707573 		.ascii	"cpuss_interrupts_dw0_0_IRQn\000"
 1319      735F696E 
 1319      74657272 
 1319      75707473 
 1319      5F647730 
 1320              	.LASF7:
 1321 11f8 4E766963 		.ascii	"NvicMux1_IRQn\000"
 1321      4D757831 
ARM GAS  C:\Users\DAVIDW~1\AppData\Local\Temp\cctjWlzz.s 			page 37


 1321      5F495251 
 1321      6E00
 1322              	.LASF55:
 1323 1206 696F7373 		.ascii	"ioss_interrupt_vdd_IRQn\000"
 1323      5F696E74 
 1323      65727275 
 1323      70745F76 
 1323      64645F49 
 1324              	.LASF17:
 1325 121e 4E766963 		.ascii	"NvicMux11_IRQn\000"
 1325      4D757831 
 1325      315F4952 
 1325      516E00
 1326              	.LASF129:
 1327 122d 74637077 		.ascii	"tcpwm_0_interrupts_0_IRQn\000"
 1327      6D5F305F 
 1327      696E7465 
 1327      72727570 
 1327      74735F30 
 1328              	.LASF115:
 1329 1247 63707573 		.ascii	"cpuss_interrupts_dw1_10_IRQn\000"
 1329      735F696E 
 1329      74657272 
 1329      75707473 
 1329      5F647731 
 1330              	.LASF60:
 1331 1264 73727373 		.ascii	"srss_interrupt_backup_IRQn\000"
 1331      5F696E74 
 1331      65727275 
 1331      70745F62 
 1331      61636B75 
 1332              	.LASF74:
 1333 127f 63707573 		.ascii	"cpuss_interrupts_ipc_10_IRQn\000"
 1333      735F696E 
 1333      74657272 
 1333      75707473 
 1333      5F697063 
 1334              	.LASF111:
 1335 129c 63707573 		.ascii	"cpuss_interrupts_dw1_6_IRQn\000"
 1335      735F696E 
 1335      74657272 
 1335      75707473 
 1335      5F647731 
 1336              	.LASF96:
 1337 12b8 63707573 		.ascii	"cpuss_interrupts_dw0_7_IRQn\000"
 1337      735F696E 
 1337      74657272 
 1337      75707473 
 1337      5F647730 
 1338              	.LASF207:
 1339 12d4 696E7472 		.ascii	"intrPriority\000"
 1339      5072696F 
 1339      72697479 
 1339      00
 1340              	.LASF141:
 1341 12e1 74637077 		.ascii	"tcpwm_1_interrupts_4_IRQn\000"
 1341      6D5F315F 
ARM GAS  C:\Users\DAVIDW~1\AppData\Local\Temp\cctjWlzz.s 			page 38


 1341      696E7465 
 1341      72727570 
 1341      74735F34 
 1342              	.LASF125:
 1343 12fb 63707573 		.ascii	"cpuss_interrupts_cm0_cti_0_IRQn\000"
 1343      735F696E 
 1343      74657272 
 1343      75707473 
 1343      5F636D30 
 1344              	.LASF47:
 1345 131b 696F7373 		.ascii	"ioss_interrupts_gpio_8_IRQn\000"
 1345      5F696E74 
 1345      65727275 
 1345      7074735F 
 1345      6770696F 
 1346              	.LASF73:
 1347 1337 63707573 		.ascii	"cpuss_interrupts_ipc_9_IRQn\000"
 1347      735F696E 
 1347      74657272 
 1347      75707473 
 1347      5F697063 
 1348              	.LASF166:
 1349 1353 7564625F 		.ascii	"udb_interrupts_5_IRQn\000"
 1349      696E7465 
 1349      72727570 
 1349      74735F35 
 1349      5F495251 
 1350              	.LASF77:
 1351 1369 63707573 		.ascii	"cpuss_interrupts_ipc_13_IRQn\000"
 1351      735F696E 
 1351      74657272 
 1351      75707473 
 1351      5F697063 
 1352              	.LASF29:
 1353 1386 4E766963 		.ascii	"NvicMux23_IRQn\000"
 1353      4D757832 
 1353      335F4952 
 1353      516E00
 1354              		.ident	"GCC: (GNU Tools for ARM Embedded Processors) 5.4.1 20160609 (release) [ARM/embedded-5-bran
